oss: Simulation initiated

Memory snapshot at 100000 ns:
Frame Table:
Frame 0: Free
Frame 1: Free
Frame 2: Free
Frame 3: Free
Frame 4: Free

Memory snapshot at 200000 ns:
Frame Table:
Frame 0: Free
Frame 1: Free
Frame 2: Free
Frame 3: Free
Frame 4: Free

Memory snapshot at 300000 ns:
Frame Table:
Frame 0: Free
Frame 1: Free
Frame 2: Free
Frame 3: Free
Frame 4: Free

Memory snapshot at 400000 ns:
Frame Table:
Frame 0: Free
Frame 1: Free
Frame 2: Free
Frame 3: Free
Frame 4: Free

Memory snapshot at 500000 ns:
Frame Table:
Frame 0: Free
Frame 1: Free
Frame 2: Free
Frame 3: Free
Frame 4: Free

Memory snapshot at 600000 ns:
Frame Table:
Frame 0: Free
Frame 1: Free
Frame 2: Free
Frame 3: Free
Frame 4: Free

Memory snapshot at 700000 ns:
Frame Table:
Frame 0: Free
Frame 1: Free
Frame 2: Free
Frame 3: Free
Frame 4: Free

Memory snapshot at 800000 ns:
Frame Table:
Frame 0: Free
Frame 1: Free
Frame 2: Free
Frame 3: Free
Frame 4: Free

Memory snapshot at 900000 ns:
Frame Table:
Frame 0: Free
Frame 1: Free
Frame 2: Free
Frame 3: Free
Frame 4: Free

Memory snapshot at 1000000 ns:
Frame Table:
Frame 0: Free
Frame 1: Free
Frame 2: Free
Frame 3: Free
Frame 4: Free

Memory snapshot at 1100000 ns:
Frame Table:
Frame 0: Free
Frame 1: Free
Frame 2: Free
Frame 3: Free
Frame 4: Free

Memory snapshot at 1200000 ns:
Frame Table:
Frame 0: Free
Frame 1: Free
Frame 2: Free
Frame 3: Free
Frame 4: Free

Memory snapshot at 1300000 ns:
Frame Table:
Frame 0: Free
Frame 1: Free
Frame 2: Free
Frame 3: Free
Frame 4: Free

Memory snapshot at 1400000 ns:
Frame Table:
Frame 0: Free
Frame 1: Free
Frame 2: Free
Frame 3: Free
Frame 4: Free

Memory snapshot at 1500000 ns:
Frame Table:
Frame 0: Free
Frame 1: Free
Frame 2: Free
Frame 3: Free
Frame 4: Free

Memory snapshot at 1600000 ns:
Frame Table:
Frame 0: Free
Frame 1: Free
Frame 2: Free
Frame 3: Free
Frame 4: Free

Memory snapshot at 1700000 ns:
Frame Table:
Frame 0: Free
Frame 1: Free
Frame 2: Free
Frame 3: Free
Frame 4: Free

Memory snapshot at 1800000 ns:
Frame Table:
Frame 0: Free
Frame 1: Free
Frame 2: Free
Frame 3: Free
Frame 4: Free

Memory snapshot at 1900000 ns:
Frame Table:
Frame 0: Free
Frame 1: Free
Frame 2: Free
Frame 3: Free
Frame 4: Free

Memory snapshot at 2000000 ns:
Frame Table:
Frame 0: Free
Frame 1: Free
Frame 2: Free
Frame 3: Free
Frame 4: Free

Memory snapshot at 2100000 ns:
Frame Table:
Frame 0: Free
Frame 1: Free
Frame 2: Free
Frame 3: Free
Frame 4: Free

Memory snapshot at 2200000 ns:
Frame Table:
Frame 0: Free
Frame 1: Free
Frame 2: Free
Frame 3: Free
Frame 4: Free

Memory snapshot at 2300000 ns:
Frame Table:
Frame 0: Free
Frame 1: Free
Frame 2: Free
Frame 3: Free
Frame 4: Free

Memory snapshot at 2400000 ns:
Frame Table:
Frame 0: Free
Frame 1: Free
Frame 2: Free
Frame 3: Free
Frame 4: Free

Memory snapshot at 2500000 ns:
Frame Table:
Frame 0: Free
Frame 1: Free
Frame 2: Free
Frame 3: Free
Frame 4: Free

Memory snapshot at 2600000 ns:
Frame Table:
Frame 0: Free
Frame 1: Free
Frame 2: Free
Frame 3: Free
Frame 4: Free

Memory snapshot at 2700000 ns:
Frame Table:
Frame 0: Free
Frame 1: Free
Frame 2: Free
Frame 3: Free
Frame 4: Free

Memory snapshot at 2800000 ns:
Frame Table:
Frame 0: Free
Frame 1: Free
Frame 2: Free
Frame 3: Free
Frame 4: Free

Memory snapshot at 2900000 ns:
Frame Table:
Frame 0: Free
Frame 1: Free
Frame 2: Free
Frame 3: Free
Frame 4: Free

Memory snapshot at 3000000 ns:
Frame Table:
Frame 0: Free
Frame 1: Free
Frame 2: Free
Frame 3: Free
Frame 4: Free

Memory snapshot at 3100000 ns:
Frame Table:
Frame 0: Free
Frame 1: Free
Frame 2: Free
Frame 3: Free
Frame 4: Free

Memory snapshot at 3200000 ns:
Frame Table:
Frame 0: Free
Frame 1: Free
Frame 2: Free
Frame 3: Free
Frame 4: Free

Memory snapshot at 3300000 ns:
Frame Table:
Frame 0: Free
Frame 1: Free
Frame 2: Free
Frame 3: Free
Frame 4: Free

Memory snapshot at 3400000 ns:
Frame Table:
Frame 0: Free
Frame 1: Free
Frame 2: Free
Frame 3: Free
Frame 4: Free

Memory snapshot at 3500000 ns:
Frame Table:
Frame 0: Free
Frame 1: Free
Frame 2: Free
Frame 3: Free
Frame 4: Free

Memory snapshot at 3600000 ns:
Frame Table:
Frame 0: Free
Frame 1: Free
Frame 2: Free
Frame 3: Free
Frame 4: Free
oss: User 3 requests to write page 14 at 3700000 ns
oss: Loaded page 14 into frame 0 for User 3 (write)

Memory snapshot at 3700000 ns:
Frame Table:
Frame 0: User 3, Page 14, Dirty: 1, LastUsed: 3700000
Frame 1: Free
Frame 2: Free
Frame 3: Free
Frame 4: Free
oss: User 13 requests to read page 0 at 3800000 ns
oss: Loaded page 0 into frame 1 for User 13 (read)

Memory snapshot at 3800000 ns:
Frame Table:
Frame 0: User 3, Page 14, Dirty: 1, LastUsed: 3700000
Frame 1: User 13, Page 0, Dirty: 0, LastUsed: 3800000
Frame 2: Free
Frame 3: Free
Frame 4: Free
oss: User 11 requests to read page 18 at 3900000 ns
oss: Loaded page 18 into frame 2 for User 11 (read)

Memory snapshot at 3900000 ns:
Frame Table:
Frame 0: User 3, Page 14, Dirty: 1, LastUsed: 3700000
Frame 1: User 13, Page 0, Dirty: 0, LastUsed: 3800000
Frame 2: User 11, Page 18, Dirty: 0, LastUsed: 3900000
Frame 3: Free
Frame 4: Free
oss: User 4 requests to write page 9 at 4000000 ns
oss: Loaded page 9 into frame 3 for User 4 (write)

Memory snapshot at 4000000 ns:
Frame Table:
Frame 0: User 3, Page 14, Dirty: 1, LastUsed: 3700000
Frame 1: User 13, Page 0, Dirty: 0, LastUsed: 3800000
Frame 2: User 11, Page 18, Dirty: 0, LastUsed: 3900000
Frame 3: User 4, Page 9, Dirty: 1, LastUsed: 4000000
Frame 4: Free
oss: User 15 requests to read page 26 at 4100000 ns
oss: Loaded page 26 into frame 4 for User 15 (read)

Memory snapshot at 4100000 ns:
Frame Table:
Frame 0: User 3, Page 14, Dirty: 1, LastUsed: 3700000
Frame 1: User 13, Page 0, Dirty: 0, LastUsed: 3800000
Frame 2: User 11, Page 18, Dirty: 0, LastUsed: 3900000
Frame 3: User 4, Page 9, Dirty: 1, LastUsed: 4000000
Frame 4: User 15, Page 26, Dirty: 0, LastUsed: 4100000
oss: User 17 requests to read page 19 at 4200000 ns
oss: Flushing dirty frame 0 to disk
oss: Loaded page 19 into frame 0 for User 17 (read)

Memory snapshot at 4200000 ns:
Frame Table:
Frame 0: User 17, Page 19, Dirty: 0, LastUsed: 4200000
Frame 1: User 13, Page 0, Dirty: 0, LastUsed: 3800000
Frame 2: User 11, Page 18, Dirty: 0, LastUsed: 3900000
Frame 3: User 4, Page 9, Dirty: 1, LastUsed: 4000000
Frame 4: User 15, Page 26, Dirty: 0, LastUsed: 4100000
oss: User 9 requests to read page 2 at 4300000 ns
oss: Loaded page 2 into frame 1 for User 9 (read)

Memory snapshot at 4300000 ns:
Frame Table:
Frame 0: User 17, Page 19, Dirty: 0, LastUsed: 4200000
Frame 1: User 9, Page 2, Dirty: 0, LastUsed: 4300000
Frame 2: User 11, Page 18, Dirty: 0, LastUsed: 3900000
Frame 3: User 4, Page 9, Dirty: 1, LastUsed: 4000000
Frame 4: User 15, Page 26, Dirty: 0, LastUsed: 4100000
oss: User 5 requests to read page 2 at 4400000 ns
oss: Loaded page 2 into frame 2 for User 5 (read)

Memory snapshot at 4400000 ns:
Frame Table:
Frame 0: User 17, Page 19, Dirty: 0, LastUsed: 4200000
Frame 1: User 9, Page 2, Dirty: 0, LastUsed: 4300000
Frame 2: User 5, Page 2, Dirty: 0, LastUsed: 4400000
Frame 3: User 4, Page 9, Dirty: 1, LastUsed: 4000000
Frame 4: User 15, Page 26, Dirty: 0, LastUsed: 4100000
oss: User 16 requests to write page 25 at 4500000 ns
oss: Flushing dirty frame 3 to disk
oss: Loaded page 25 into frame 3 for User 16 (write)

Memory snapshot at 4500000 ns:
Frame Table:
Frame 0: User 17, Page 19, Dirty: 0, LastUsed: 4200000
Frame 1: User 9, Page 2, Dirty: 0, LastUsed: 4300000
Frame 2: User 5, Page 2, Dirty: 0, LastUsed: 4400000
Frame 3: User 16, Page 25, Dirty: 1, LastUsed: 4500000
Frame 4: User 15, Page 26, Dirty: 0, LastUsed: 4100000
oss: User 8 requests to write page 16 at 4600000 ns
oss: Loaded page 16 into frame 4 for User 8 (write)

Memory snapshot at 4600000 ns:
Frame Table:
Frame 0: User 17, Page 19, Dirty: 0, LastUsed: 4200000
Frame 1: User 9, Page 2, Dirty: 0, LastUsed: 4300000
Frame 2: User 5, Page 2, Dirty: 0, LastUsed: 4400000
Frame 3: User 16, Page 25, Dirty: 1, LastUsed: 4500000
Frame 4: User 8, Page 16, Dirty: 1, LastUsed: 4600000
oss: User 12 requests to read page 5 at 4700000 ns
oss: Loaded page 5 into frame 0 for User 12 (read)

Memory snapshot at 4700000 ns:
Frame Table:
Frame 0: User 12, Page 5, Dirty: 0, LastUsed: 4700000
Frame 1: User 9, Page 2, Dirty: 0, LastUsed: 4300000
Frame 2: User 5, Page 2, Dirty: 0, LastUsed: 4400000
Frame 3: User 16, Page 25, Dirty: 1, LastUsed: 4500000
Frame 4: User 8, Page 16, Dirty: 1, LastUsed: 4600000
oss: User 10 requests to read page 11 at 4800000 ns
oss: Loaded page 11 into frame 1 for User 10 (read)

Memory snapshot at 4800000 ns:
Frame Table:
Frame 0: User 12, Page 5, Dirty: 0, LastUsed: 4700000
Frame 1: User 10, Page 11, Dirty: 0, LastUsed: 4800000
Frame 2: User 5, Page 2, Dirty: 0, LastUsed: 4400000
Frame 3: User 16, Page 25, Dirty: 1, LastUsed: 4500000
Frame 4: User 8, Page 16, Dirty: 1, LastUsed: 4600000
oss: User 15 requests to read page 20 at 4900000 ns
oss: Loaded page 20 into frame 2 for User 15 (read)

Memory snapshot at 4900000 ns:
Frame Table:
Frame 0: User 12, Page 5, Dirty: 0, LastUsed: 4700000
Frame 1: User 10, Page 11, Dirty: 0, LastUsed: 4800000
Frame 2: User 15, Page 20, Dirty: 0, LastUsed: 4900000
Frame 3: User 16, Page 25, Dirty: 1, LastUsed: 4500000
Frame 4: User 8, Page 16, Dirty: 1, LastUsed: 4600000
oss: User 2 requests to read page 9 at 5000000 ns
oss: Flushing dirty frame 3 to disk
oss: Loaded page 9 into frame 3 for User 2 (read)

Memory snapshot at 5000000 ns:
Frame Table:
Frame 0: User 12, Page 5, Dirty: 0, LastUsed: 4700000
Frame 1: User 10, Page 11, Dirty: 0, LastUsed: 4800000
Frame 2: User 15, Page 20, Dirty: 0, LastUsed: 4900000
Frame 3: User 2, Page 9, Dirty: 0, LastUsed: 5000000
Frame 4: User 8, Page 16, Dirty: 1, LastUsed: 4600000
oss: User 6 requests to read page 15 at 5100000 ns
oss: Flushing dirty frame 4 to disk
oss: Loaded page 15 into frame 4 for User 6 (read)

Memory snapshot at 5100000 ns:
Frame Table:
Frame 0: User 12, Page 5, Dirty: 0, LastUsed: 4700000
Frame 1: User 10, Page 11, Dirty: 0, LastUsed: 4800000
Frame 2: User 15, Page 20, Dirty: 0, LastUsed: 4900000
Frame 3: User 2, Page 9, Dirty: 0, LastUsed: 5000000
Frame 4: User 6, Page 15, Dirty: 0, LastUsed: 5100000
oss: User 0 requests to write page 7 at 5200000 ns
oss: Loaded page 7 into frame 0 for User 0 (write)

Memory snapshot at 5200000 ns:
Frame Table:
Frame 0: User 0, Page 7, Dirty: 1, LastUsed: 5200000
Frame 1: User 10, Page 11, Dirty: 0, LastUsed: 4800000
Frame 2: User 15, Page 20, Dirty: 0, LastUsed: 4900000
Frame 3: User 2, Page 9, Dirty: 0, LastUsed: 5000000
Frame 4: User 6, Page 15, Dirty: 0, LastUsed: 5100000
oss: User 14 requests to read page 20 at 5300000 ns
oss: Loaded page 20 into frame 1 for User 14 (read)

Memory snapshot at 5300000 ns:
Frame Table:
Frame 0: User 0, Page 7, Dirty: 1, LastUsed: 5200000
Frame 1: User 14, Page 20, Dirty: 0, LastUsed: 5300000
Frame 2: User 15, Page 20, Dirty: 0, LastUsed: 4900000
Frame 3: User 2, Page 9, Dirty: 0, LastUsed: 5000000
Frame 4: User 6, Page 15, Dirty: 0, LastUsed: 5100000
oss: User 1 requests to read page 8 at 5400000 ns
oss: Loaded page 8 into frame 2 for User 1 (read)

Memory snapshot at 5400000 ns:
Frame Table:
Frame 0: User 0, Page 7, Dirty: 1, LastUsed: 5200000
Frame 1: User 14, Page 20, Dirty: 0, LastUsed: 5300000
Frame 2: User 1, Page 8, Dirty: 0, LastUsed: 5400000
Frame 3: User 2, Page 9, Dirty: 0, LastUsed: 5000000
Frame 4: User 6, Page 15, Dirty: 0, LastUsed: 5100000
oss: User 7 requests to write page 29 at 5500000 ns
oss: Loaded page 29 into frame 3 for User 7 (write)

Memory snapshot at 5500000 ns:
Frame Table:
Frame 0: User 0, Page 7, Dirty: 1, LastUsed: 5200000
Frame 1: User 14, Page 20, Dirty: 0, LastUsed: 5300000
Frame 2: User 1, Page 8, Dirty: 0, LastUsed: 5400000
Frame 3: User 7, Page 29, Dirty: 1, LastUsed: 5500000
Frame 4: User 6, Page 15, Dirty: 0, LastUsed: 5100000
oss: User 6 requests to write page 13 at 5600000 ns
oss: Loaded page 13 into frame 4 for User 6 (write)

Memory snapshot at 5600000 ns:
Frame Table:
Frame 0: User 0, Page 7, Dirty: 1, LastUsed: 5200000
Frame 1: User 14, Page 20, Dirty: 0, LastUsed: 5300000
Frame 2: User 1, Page 8, Dirty: 0, LastUsed: 5400000
Frame 3: User 7, Page 29, Dirty: 1, LastUsed: 5500000
Frame 4: User 6, Page 13, Dirty: 1, LastUsed: 5600000
oss: User 0 requests to read page 13 at 5700000 ns
oss: Flushing dirty frame 0 to disk
oss: Loaded page 13 into frame 0 for User 0 (read)

Memory snapshot at 5700000 ns:
Frame Table:
Frame 0: User 0, Page 13, Dirty: 0, LastUsed: 5700000
Frame 1: User 14, Page 20, Dirty: 0, LastUsed: 5300000
Frame 2: User 1, Page 8, Dirty: 0, LastUsed: 5400000
Frame 3: User 7, Page 29, Dirty: 1, LastUsed: 5500000
Frame 4: User 6, Page 13, Dirty: 1, LastUsed: 5600000
oss: User 16 requests to read page 25 at 5800000 ns
oss: Loaded page 25 into frame 1 for User 16 (read)

Memory snapshot at 5800000 ns:
Frame Table:
Frame 0: User 0, Page 13, Dirty: 0, LastUsed: 5700000
Frame 1: User 16, Page 25, Dirty: 0, LastUsed: 5800000
Frame 2: User 1, Page 8, Dirty: 0, LastUsed: 5400000
Frame 3: User 7, Page 29, Dirty: 1, LastUsed: 5500000
Frame 4: User 6, Page 13, Dirty: 1, LastUsed: 5600000
oss: User 11 requests to write page 26 at 5900000 ns
oss: Loaded page 26 into frame 2 for User 11 (write)

Memory snapshot at 5900000 ns:
Frame Table:
Frame 0: User 0, Page 13, Dirty: 0, LastUsed: 5700000
Frame 1: User 16, Page 25, Dirty: 0, LastUsed: 5800000
Frame 2: User 11, Page 26, Dirty: 1, LastUsed: 5900000
Frame 3: User 7, Page 29, Dirty: 1, LastUsed: 5500000
Frame 4: User 6, Page 13, Dirty: 1, LastUsed: 5600000

Memory snapshot at 6000000 ns:
Frame Table:
Frame 0: User 0, Page 13, Dirty: 0, LastUsed: 5700000
Frame 1: User 16, Page 25, Dirty: 0, LastUsed: 5800000
Frame 2: User 11, Page 26, Dirty: 1, LastUsed: 5900000
Frame 3: User 7, Page 29, Dirty: 1, LastUsed: 5500000
Frame 4: User 6, Page 13, Dirty: 1, LastUsed: 5600000

Memory snapshot at 6100000 ns:
Frame Table:
Frame 0: User 0, Page 13, Dirty: 0, LastUsed: 5700000
Frame 1: User 16, Page 25, Dirty: 0, LastUsed: 5800000
Frame 2: User 11, Page 26, Dirty: 1, LastUsed: 5900000
Frame 3: User 7, Page 29, Dirty: 1, LastUsed: 5500000
Frame 4: User 6, Page 13, Dirty: 1, LastUsed: 5600000

Memory snapshot at 6200000 ns:
Frame Table:
Frame 0: User 0, Page 13, Dirty: 0, LastUsed: 5700000
Frame 1: User 16, Page 25, Dirty: 0, LastUsed: 5800000
Frame 2: User 11, Page 26, Dirty: 1, LastUsed: 5900000
Frame 3: User 7, Page 29, Dirty: 1, LastUsed: 5500000
Frame 4: User 6, Page 13, Dirty: 1, LastUsed: 5600000
oss: User 4 requests to write page 19 at 6300000 ns
oss: Flushing dirty frame 3 to disk
oss: Loaded page 19 into frame 3 for User 4 (write)

Memory snapshot at 6300000 ns:
Frame Table:
Frame 0: User 0, Page 13, Dirty: 0, LastUsed: 5700000
Frame 1: User 16, Page 25, Dirty: 0, LastUsed: 5800000
Frame 2: User 11, Page 26, Dirty: 1, LastUsed: 5900000
Frame 3: User 4, Page 19, Dirty: 1, LastUsed: 6300000
Frame 4: User 6, Page 13, Dirty: 1, LastUsed: 5600000
oss: User 4 requests to read page 23 at 6400000 ns
oss: Flushing dirty frame 4 to disk
oss: Loaded page 23 into frame 4 for User 4 (read)

Memory snapshot at 6400000 ns:
Frame Table:
Frame 0: User 0, Page 13, Dirty: 0, LastUsed: 5700000
Frame 1: User 16, Page 25, Dirty: 0, LastUsed: 5800000
Frame 2: User 11, Page 26, Dirty: 1, LastUsed: 5900000
Frame 3: User 4, Page 19, Dirty: 1, LastUsed: 6300000
Frame 4: User 4, Page 23, Dirty: 0, LastUsed: 6400000

Memory snapshot at 6500000 ns:
Frame Table:
Frame 0: User 0, Page 13, Dirty: 0, LastUsed: 5700000
Frame 1: User 16, Page 25, Dirty: 0, LastUsed: 5800000
Frame 2: User 11, Page 26, Dirty: 1, LastUsed: 5900000
Frame 3: User 4, Page 19, Dirty: 1, LastUsed: 6300000
Frame 4: User 4, Page 23, Dirty: 0, LastUsed: 6400000

Memory snapshot at 6600000 ns:
Frame Table:
Frame 0: User 0, Page 13, Dirty: 0, LastUsed: 5700000
Frame 1: User 16, Page 25, Dirty: 0, LastUsed: 5800000
Frame 2: User 11, Page 26, Dirty: 1, LastUsed: 5900000
Frame 3: User 4, Page 19, Dirty: 1, LastUsed: 6300000
Frame 4: User 4, Page 23, Dirty: 0, LastUsed: 6400000
oss: User 10 requests to read page 25 at 6700000 ns
oss: Loaded page 25 into frame 0 for User 10 (read)

Memory snapshot at 6700000 ns:
Frame Table:
Frame 0: User 10, Page 25, Dirty: 0, LastUsed: 6700000
Frame 1: User 16, Page 25, Dirty: 0, LastUsed: 5800000
Frame 2: User 11, Page 26, Dirty: 1, LastUsed: 5900000
Frame 3: User 4, Page 19, Dirty: 1, LastUsed: 6300000
Frame 4: User 4, Page 23, Dirty: 0, LastUsed: 6400000
oss: User 0 requests to write page 1 at 6800000 ns
oss: Loaded page 1 into frame 1 for User 0 (write)

Memory snapshot at 6800000 ns:
Frame Table:
Frame 0: User 10, Page 25, Dirty: 0, LastUsed: 6700000
Frame 1: User 0, Page 1, Dirty: 1, LastUsed: 6800000
Frame 2: User 11, Page 26, Dirty: 1, LastUsed: 5900000
Frame 3: User 4, Page 19, Dirty: 1, LastUsed: 6300000
Frame 4: User 4, Page 23, Dirty: 0, LastUsed: 6400000
oss: User 2 requests to read page 22 at 6900000 ns
oss: Flushing dirty frame 2 to disk
oss: Loaded page 22 into frame 2 for User 2 (read)

Memory snapshot at 6900000 ns:
Frame Table:
Frame 0: User 10, Page 25, Dirty: 0, LastUsed: 6700000
Frame 1: User 0, Page 1, Dirty: 1, LastUsed: 6800000
Frame 2: User 2, Page 22, Dirty: 0, LastUsed: 6900000
Frame 3: User 4, Page 19, Dirty: 1, LastUsed: 6300000
Frame 4: User 4, Page 23, Dirty: 0, LastUsed: 6400000
oss: User 8 requests to write page 28 at 7000000 ns
oss: Flushing dirty frame 3 to disk
oss: Loaded page 28 into frame 3 for User 8 (write)

Memory snapshot at 7000000 ns:
Frame Table:
Frame 0: User 10, Page 25, Dirty: 0, LastUsed: 6700000
Frame 1: User 0, Page 1, Dirty: 1, LastUsed: 6800000
Frame 2: User 2, Page 22, Dirty: 0, LastUsed: 6900000
Frame 3: User 8, Page 28, Dirty: 1, LastUsed: 7000000
Frame 4: User 4, Page 23, Dirty: 0, LastUsed: 6400000
oss: User 1 requests to write page 21 at 7100000 ns
oss: Loaded page 21 into frame 4 for User 1 (write)

Memory snapshot at 7100000 ns:
Frame Table:
Frame 0: User 10, Page 25, Dirty: 0, LastUsed: 6700000
Frame 1: User 0, Page 1, Dirty: 1, LastUsed: 6800000
Frame 2: User 2, Page 22, Dirty: 0, LastUsed: 6900000
Frame 3: User 8, Page 28, Dirty: 1, LastUsed: 7000000
Frame 4: User 1, Page 21, Dirty: 1, LastUsed: 7100000

Memory snapshot at 7200000 ns:
Frame Table:
Frame 0: User 10, Page 25, Dirty: 0, LastUsed: 6700000
oss: User 12 requests to read page 17 at 7600000 ns
oss: Loaded page 17 into frame 0 for User 12 (read)
oss: User 14 requests to write page 15 at 7700000 ns
oss: Flushing dirty frame 1 to disk
oss: Loaded page 15 into frame 1 for User 14 (write)
oss: User 10 requests to read page 14 at 7800000 ns
oss: Loaded page 14 into frame 2 for User 10 (read)
oss: User 9 requests to write page 15 at 8000000 ns
oss: Flushing dirty frame 3 to disk
oss: Loaded page 15 into frame 3 for User 9 (write)
oss: User 3 requests to write page 10 at 8200000 ns
oss: Flushing dirty frame 4 to disk
oss: Loaded page 10 into frame 4 for User 3 (write)
oss: User 11 requests to read page 22 at 8300000 ns
oss: Loaded page 22 into frame 0 for User 11 (read)
oss: User 5 has exited
oss: User 17 has exited
oss: User 7 requests to read page 10 at 8900000 ns
oss: Flushing dirty frame 1 to disk
oss: Loaded page 10 into frame 1 for User 7 (read)
oss: User 13 requests to read page 1 at 9000000 ns
oss: Loaded page 1 into frame 2 for User 13 (read)
oss: User 6 requests to read page 25 at 9400000 ns
oss: Flushing dirty frame 3 to disk
oss: Loaded page 25 into frame 3 for User 6 (read)
oss: User 1 has exited
oss: User 14 requests to write page 16 at 9900000 ns
oss: Flushing dirty frame 4 to disk
oss: Loaded page 16 into frame 4 for User 14 (write)
oss: User 15 requests to read page 5 at 10000000 ns
oss: Loaded page 5 into frame 0 for User 15 (read)
oss: User 3 requests to write page 14 at 10100000 ns
oss: Loaded page 14 into frame 1 for User 3 (write)
oss: User 8 requests to read page 1 at 10700000 ns
oss: Loaded page 1 into frame 2 for User 8 (read)
oss: User 3 requests to read page 18 at 11500000 ns
oss: Loaded page 18 into frame 3 for User 3 (read)
oss: User 14 requests to read page 4 at 11800000 ns
oss: Flushing dirty frame 4 to disk
oss: Loaded page 4 into frame 4 for User 14 (read)
oss: User 16 requests to read page 27 at 11900000 ns
oss: Loaded page 27 into frame 0 for User 16 (read)
oss: User 9 requests to read page 9 at 12000000 ns
oss: Flushing dirty frame 1 to disk
oss: Loaded page 9 into frame 1 for User 9 (read)
oss: User 8 requests to read page 23 at 12500000 ns
oss: Loaded page 23 into frame 2 for User 8 (read)
oss: User 14 requests to read page 14 at 12600000 ns
oss: Loaded page 14 into frame 3 for User 14 (read)
oss: User 6 requests to write page 20 at 12700000 ns
oss: Loaded page 20 into frame 4 for User 6 (write)
oss: User 10 requests to write page 17 at 12800000 ns
oss: Loaded page 17 into frame 0 for User 10 (write)
oss: User 4 requests to read page 23 at 12900000 ns
oss: Loaded page 23 into frame 1 for User 4 (read)
oss: User 7 requests to write page 31 at 13000000 ns
oss: Loaded page 31 into frame 2 for User 7 (write)
oss: User 11 requests to write page 7 at 13100000 ns
oss: Loaded page 7 into frame 3 for User 11 (write)
oss: User 0 requests to read page 1 at 13300000 ns
oss: Flushing dirty frame 4 to disk
oss: Loaded page 1 into frame 4 for User 0 (read)
oss: User 9 requests to read page 6 at 13500000 ns
oss: Flushing dirty frame 0 to disk
oss: Loaded page 6 into frame 0 for User 9 (read)
oss: User 7 requests to write page 9 at 14000000 ns
oss: Loaded page 9 into frame 1 for User 7 (write)
oss: User 13 requests to write page 23 at 14400000 ns
oss: Flushing dirty frame 2 to disk
oss: Loaded page 23 into frame 2 for User 13 (write)
oss: User 2 requests to write page 10 at 14500000 ns
oss: Flushing dirty frame 3 to disk
oss: Loaded page 10 into frame 3 for User 2 (write)
oss: User 12 requests to write page 12 at 14800000 ns
oss: Loaded page 12 into frame 4 for User 12 (write)
oss: User 15 requests to write page 31 at 15500000 ns
oss: Loaded page 31 into frame 0 for User 15 (write)
oss: User 0 requests to read page 28 at 15700000 ns
oss: Flushing dirty frame 1 to disk
oss: Loaded page 28 into frame 1 for User 0 (read)
oss: User 9 requests to write page 24 at 17600000 ns
oss: Flushing dirty frame 2 to disk
oss: Loaded page 24 into frame 2 for User 9 (write)
oss: User 10 requests to write page 23 at 18300000 ns
oss: Flushing dirty frame 3 to disk
oss: Loaded page 23 into frame 3 for User 10 (write)
oss: User 3 has exited
oss: User 7 requests to read page 14 at 18500000 ns
oss: Flushing dirty frame 4 to disk
oss: Loaded page 14 into frame 4 for User 7 (read)
oss: User 11 requests to write page 15 at 18600000 ns
oss: Flushing dirty frame 0 to disk
oss: Loaded page 15 into frame 0 for User 11 (write)
oss: User 2 requests to write page 26 at 18700000 ns
oss: Loaded page 26 into frame 1 for User 2 (write)
oss: User 13 has exited
oss: User 16 requests to read page 31 at 19100000 ns
oss: Flushing dirty frame 2 to disk
oss: Loaded page 31 into frame 2 for User 16 (read)
oss: User 8 requests to read page 0 at 19300000 ns
oss: Flushing dirty frame 3 to disk
oss: Loaded page 0 into frame 3 for User 8 (read)
oss: User 4 requests to write page 12 at 20000000 ns
oss: Loaded page 12 into frame 4 for User 4 (write)
User 0: -1 -1 -1 -1 -1 -1 -1 -1 -1 -1 -1 -1 -1 -1 -1 -1 -1 -1 -1 -1 -1 -1 -1 -1 -1 -1 -1 -1 -1 -1 -1 -1 
User 1: -1 -1 -1 -1 -1 -1 -1 -1 -1 -1 -1 -1 -1 -1 -1 -1 -1 -1 -1 -1 -1 -1 -1 -1 -1 -1 -1 -1 -1 -1 -1 -1 
User 2: -1 -1 -1 -1 -1 -1 -1 -1 -1 -1 -1 -1 -1 -1 -1 -1 -1 -1 -1 -1 -1 -1 -1 -1 -1 -1  1 -1 -1 -1 -1 -1 
User 3: -1 -1 -1 -1 -1 -1 -1 -1 -1 -1 -1 -1 -1 -1 -1 -1 -1 -1 -1 -1 -1 -1 -1 -1 -1 -1 -1 -1 -1 -1 -1 -1 
User 4: -1 -1 -1 -1 -1 -1 -1 -1 -1 -1 -1 -1  4 -1 -1 -1 -1 -1 -1 -1 -1 -1 -1 -1 -1 -1 -1 -1 -1 -1 -1 -1 
User 5: -1 -1 -1 -1 -1 -1 -1 -1 -1 -1 -1 -1 -1 -1 -1 -1 -1 -1 -1 -1 -1 -1 -1 -1 -1 -1 -1 -1 -1 -1 -1 -1 
User 6: -1 -1 -1 -1 -1 -1 -1 -1 -1 -1 -1 -1 -1 -1 -1 -1 -1 -1 -1 -1 -1 -1 -1 -1 -1 -1 -1 -1 -1 -1 -1 -1 
User 7: -1 -1 -1 -1 -1 -1 -1 -1 -1 -1 -1 -1 -1 -1 -1 -1 -1 -1 -1 -1 -1 -1 -1 -1 -1 -1 -1 -1 -1 -1 -1 -1 
User 8:  3 -1 -1 -1 -1 -1 -1 -1 -1 -1 -1 -1 -1 -1 -1 -1 -1 -1 -1 -1 -1 -1 -1 -1 -1 -1 -1 -1 -1 -1 -1 -1 
User 9: -1 -1 -1 -1 -1 -1 -1 -1 -1 -1 -1 -1 -1 -1 -1 -1 -1 -1 -1 -1 -1 -1 -1 -1 -1 -1 -1 -1 -1 -1 -1 -1 
User 10: -1 -1 -1 -1 -1 -1 -1 -1 -1 -1 -1 -1 -1 -1 -1 -1 -1 -1 -1 -1 -1 -1 -1 -1 -1 -1 -1 -1 -1 -1 -1 -1 
User 11: -1 -1 -1 -1 -1 -1 -1 -1 -1 -1 -1 -1 -1 -1 -1  0 -1 -1 -1 -1 -1 -1 -1 -1 -1 -1 -1 -1 -1 -1 -1 -1 
User 12: -1 -1 -1 -1 -1 -1 -1 -1 -1 -1 -1 -1 -1 -1 -1 -1 -1 -1 -1 -1 -1 -1 -1 -1 -1 -1 -1 -1 -1 -1 -1 -1 
User 13: -1 -1 -1 -1 -1 -1 -1 -1 -1 -1 -1 -1 -1 -1 -1 -1 -1 -1 -1 -1 -1 -1 -1 -1 -1 -1 -1 -1 -1 -1 -1 -1 
User 14: -1 -1 -1 -1 -1 -1 -1 -1 -1 -1 -1 -1 -1 -1 -1 -1 -1 -1 -1 -1 -1 -1 -1 -1 -1 -1 -1 -1 -1 -1 -1 -1 
User 15: -1 -1 -1 -1 -1 -1 -1 -1 -1 -1 -1 -1 -1 -1 -1 -1 -1 -1 -1 -1 -1 -1 -1 -1 -1 -1 -1 -1 -1 -1 -1 -1 
User 16: -1 -1 -1 -1 -1 -1 -1 -1 -1 -1 -1 -1 -1 -1 -1 -1 -1 -1 -1 -1 -1 -1 -1 -1 -1 -1 -1 -1 -1 -1 -1  2 
User 17: -1 -1 -1 -1 -1 -1 -1 -1 -1 -1 -1 -1 -1 -1 -1 -1 -1 -1 -1 -1 -1 -1 -1 -1 -1 -1 -1 -1 -1 -1 -1 -1 

==== Final User Page Tables ====
Page Table 0: -1 -1 -1 -1 -1 -1 -1 -1 -1 -1 -1 -1 -1 -1 -1 -1 -1 -1 -1 -1 -1 -1 -1 -1 -1 -1 -1 -1 -1 -1 -1 -1 
Page Table 1: -1 -1 -1 -1 -1 -1 -1 -1 -1 -1 -1 -1 -1 -1 -1 -1 -1 -1 -1 -1 -1 -1 -1 -1 -1 -1 -1 -1 -1 -1 -1 -1 
Page Table 2: -1 -1 -1 -1 -1 -1 -1 -1 -1 -1 -1 -1 -1 -1 -1 -1 -1 -1 -1 -1 -1 -1 -1 -1 -1 -1  1 -1 -1 -1 -1 -1 
Page Table 3: -1 -1 -1 -1 -1 -1 -1 -1 -1 -1 -1 -1 -1 -1 -1 -1 -1 -1 -1 -1 -1 -1 -1 -1 -1 -1 -1 -1 -1 -1 -1 -1 
Page Table 4: -1 -1 -1 -1 -1 -1 -1 -1 -1 -1 -1 -1  4 -1 -1 -1 -1 -1 -1 -1 -1 -1 -1 -1 -1 -1 -1 -1 -1 -1 -1 -1 
Page Table 5: -1 -1 -1 -1 -1 -1 -1 -1 -1 -1 -1 -1 -1 -1 -1 -1 -1 -1 -1 -1 -1 -1 -1 -1 -1 -1 -1 -1 -1 -1 -1 -1 
Page Table 6: -1 -1 -1 -1 -1 -1 -1 -1 -1 -1 -1 -1 -1 -1 -1 -1 -1 -1 -1 -1 -1 -1 -1 -1 -1 -1 -1 -1 -1 -1 -1 -1 
Page Table 7: -1 -1 -1 -1 -1 -1 -1 -1 -1 -1 -1 -1 -1 -1 -1 -1 -1 -1 -1 -1 -1 -1 -1 -1 -1 -1 -1 -1 -1 -1 -1 -1 
Page Table 8:  3 -1 -1 -1 -1 -1 -1 -1 -1 -1 -1 -1 -1 -1 -1 -1 -1 -1 -1 -1 -1 -1 -1 -1 -1 -1 -1 -1 -1 -1 -1 -1 
Page Table 9: -1 -1 -1 -1 -1 -1 -1 -1 -1 -1 -1 -1 -1 -1 -1 -1 -1 -1 -1 -1 -1 -1 -1 -1 -1 -1 -1 -1 -1 -1 -1 -1 
Page Table 10: -1 -1 -1 -1 -1 -1 -1 -1 -1 -1 -1 -1 -1 -1 -1 -1 -1 -1 -1 -1 -1 -1 -1 -1 -1 -1 -1 -1 -1 -1 -1 -1 
Page Table 11: -1 -1 -1 -1 -1 -1 -1 -1 -1 -1 -1 -1 -1 -1 -1  0 -1 -1 -1 -1 -1 -1 -1 -1 -1 -1 -1 -1 -1 -1 -1 -1 
Page Table 12: -1 -1 -1 -1 -1 -1 -1 -1 -1 -1 -1 -1 -1 -1 -1 -1 -1 -1 -1 -1 -1 -1 -1 -1 -1 -1 -1 -1 -1 -1 -1 -1 
Page Table 13: -1 -1 -1 -1 -1 -1 -1 -1 -1 -1 -1 -1 -1 -1 -1 -1 -1 -1 -1 -1 -1 -1 -1 -1 -1 -1 -1 -1 -1 -1 -1 -1 
Page Table 14: -1 -1 -1 -1 -1 -1 -1 -1 -1 -1 -1 -1 -1 -1 -1 -1 -1 -1 -1 -1 -1 -1 -1 -1 -1 -1 -1 -1 -1 -1 -1 -1 
Page Table 15: -1 -1 -1 -1 -1 -1 -1 -1 -1 -1 -1 -1 -1 -1 -1 -1 -1 -1 -1 -1 -1 -1 -1 -1 -1 -1 -1 -1 -1 -1 -1 -1 
Page Table 16: -1 -1 -1 -1 -1 -1 -1 -1 -1 -1 -1 -1 -1 -1 -1 -1 -1 -1 -1 -1 -1 -1 -1 -1 -1 -1 -1 -1 -1 -1 -1  2 
Page Table 17: -1 -1 -1 -1 -1 -1 -1 -1 -1 -1 -1 -1 -1 -1 -1 -1 -1 -1 -1 -1 -1 -1 -1 -1 -1 -1 -1 -1 -1 -1 -1 -1 
oss: Releasing all resources...
