oss: Launched child P0 (PID 1723)
oss: P0 requested page 24 -> placed in frame 0
oss: P0 requested page 8 -> placed in frame 1
oss: P0 requested page 3 -> placed in frame 2
oss: P0 requested page 4 -> placed in frame 3
oss: P0 requested page 13 -> placed in frame 4
oss: P0 requested page 19 -> placed in frame 5
oss: P0 requested page 29 -> placed in frame 6
oss: P0 requested page 31 -> placed in frame 7
oss: P0 requested page 27 -> placed in frame 8
oss: P0 accessed page 4 -> already in frame 3
oss: P0 requested page 21 -> placed in frame 9
oss: P0 requested page 18 -> placed in frame 10
oss: P0 requested page 28 -> placed in frame 11
oss: P0 requested page 12 -> placed in frame 12
oss: P0 requested page 22 -> placed in frame 13
oss: P0 accessed page 4 -> already in frame 3
oss: P0 accessed page 18 -> already in frame 10
oss: P0 requested page 10 -> placed in frame 14
oss: P0 accessed page 24 -> already in frame 0
oss: P0 accessed page 31 -> already in frame 7
oss: P0 accessed page 4 -> already in frame 3
oss: P0 requested page 16 -> placed in frame 15
oss: P0 requested page 11 -> placed in frame 16
oss: P0 accessed page 8 -> already in frame 1
oss: P0 accessed page 16 -> already in frame 15
oss: P0 accessed page 16 -> already in frame 15
oss: P0 accessed page 21 -> already in frame 9
oss: P0 accessed page 27 -> already in frame 8
oss: P0 requested page 15 -> placed in frame 17
oss: P0 accessed page 8 -> already in frame 1
oss: P0 requested page 0 -> placed in frame 18
oss: P0 requested page 1 -> placed in frame 19
oss: P0 accessed page 3 -> already in frame 2
oss: P0 accessed page 27 -> already in frame 8
oss: P0 accessed page 12 -> already in frame 12
oss: P0 requested page 5 -> placed in frame 20
oss: P0 accessed page 19 -> already in frame 5
oss: P0 accessed page 16 -> already in frame 15
oss: P0 accessed page 31 -> already in frame 7
oss: P0 requested page 30 -> placed in frame 21
oss: P0 requested page 6 -> placed in frame 22
oss: P0 accessed page 28 -> already in frame 11
oss: P0 accessed page 3 -> already in frame 2
oss: P0 accessed page 3 -> already in frame 2
oss: P0 requested page 2 -> placed in frame 23
oss: P0 accessed page 29 -> already in frame 6
oss: P0 accessed page 2 -> already in frame 23
oss: P0 accessed page 16 -> already in frame 15
oss: P0 accessed page 5 -> already in frame 20
oss: P0 accessed page 27 -> already in frame 8
oss: P0 accessed page 30 -> already in frame 21
oss: P0 accessed page 8 -> already in frame 1
oss: P0 accessed page 13 -> already in frame 4
oss: P0 accessed page 21 -> already in frame 9
oss: P0 accessed page 18 -> already in frame 10
oss: P0 accessed page 5 -> already in frame 20
oss: P0 requested page 7 -> placed in frame 24
oss: P0 requested page 14 -> placed in frame 25
oss: P0 accessed page 13 -> already in frame 4
oss: P0 accessed page 27 -> already in frame 8
oss: P0 accessed page 7 -> already in frame 24
oss: P0 accessed page 28 -> already in frame 11
oss: P0 accessed page 24 -> already in frame 0
oss: P0 accessed page 14 -> already in frame 25
oss: P0 accessed page 2 -> already in frame 23
oss: P0 accessed page 0 -> already in frame 18
oss: P0 accessed page 30 -> already in frame 21
oss: P0 accessed page 22 -> already in frame 13
oss: P0 accessed page 5 -> already in frame 20
oss: P0 requested page 23 -> placed in frame 26
oss: P0 accessed page 18 -> already in frame 10
oss: P0 accessed page 1 -> already in frame 19
oss: P0 requested page 26 -> placed in frame 27
oss: P0 requested page 20 -> placed in frame 28
oss: P0 accessed page 14 -> already in frame 25
oss: P0 accessed page 22 -> already in frame 13
oss: P0 accessed page 11 -> already in frame 16
oss: P0 accessed page 2 -> already in frame 23
oss: P0 accessed page 30 -> already in frame 21
oss: P0 accessed page 22 -> already in frame 13
oss: P0 accessed page 10 -> already in frame 14
oss: P0 is terminating after finishing requests
oss: Cleaning up resources and terminating.
