
oss: Current memory layout at time 0:001000000 is:
Occupied	DirtyBit	LastRefS	LastRefNano
Frame 0: No		0		6		905241081
Frame 1: No		1		1		962033002
Frame 2: Yes		1		5		719885386
Frame 3: Yes		1		2		350490027
Frame 4: No		0		4		372261796
Frame 5: No		1		8		628974580
Frame 6: No		0		2		931513970
Frame 7: No		1		7		586235379
Frame 8: Yes		0		6		35005211
Frame 9: No		0		4		859031536
Frame 10: Yes		0		0		278722862
Frame 11: No		1		7		985433483
Frame 12: No		1		4		358984857
Frame 13: No		0		7		378469911
Frame 14: No		0		0		33505236
Frame 15: Yes		0		9		125898167
Frame 16: No		1		3		257675105
Frame 17: No		1		1		965421244
Frame 18: No		1		1		151519934
Frame 19: No		1		4		937558955
Frame 20: Yes		1		9		608413784
Frame 21: No		0		3		959343768
Frame 22: No		0		2		74552805
Frame 23: No		0		7		617876982
Frame 24: No		0		4		76593093
Frame 25: Yes		0		1		424268980
Frame 26: No		1		6		421186593
Frame 27: Yes		0		6		135497281
Frame 28: Yes		0		7		572660336
Frame 29: No		0		4		909850543
Frame 30: No		1		9		107734713
Frame 31: Yes		1		4		84353895
Frame 32: Yes		0		7		610515434
Frame 33: No		0		5		500474762
Frame 34: Yes		1		8		945117276
Frame 35: No		0		0		672032919
Frame 36: No		0		7		738110294
Frame 37: Yes		1		4		474612399
Frame 38: Yes		0		8		943947739
Frame 39: No		1		7		114760235
Frame 40: No		1		3		524305153
Frame 41: Yes		1		5		463480570
Frame 42: No		1		5		124666328
Frame 43: No		1		8		120306710
Frame 44: No		1		3		551836836
Frame 45: Yes		0		7		603570492
Frame 46: No		0		8		255387090
Frame 47: No		1		1		988714904
Frame 48: No		1		5		566369633
Frame 49: No		1		4		360613073
Frame 50: No		0		0		419805
Frame 51: No		0		5		122336503
Frame 52: Yes		0		9		221558440
Frame 53: Yes		1		7		7905771
Frame 54: Yes		1		7		631704567
Frame 55: No		1		9		460082195
Frame 56: No		0		7		577721120
Frame 57: Yes		1		6		703964683
Frame 58: No		0		7		460686763
Frame 59: No		0		5		467963981
Frame 60: No		0		5		830539036
Frame 61: Yes		1		3		515530019
Frame 62: Yes		0		5		373226340
Frame 63: Yes		1		8		168002245
Frame 64: No		0		1		434433518
Frame 65: Yes		1		9		622597488
Frame 66: No		1		6		537322532
Frame 67: No		0		0		104627321
Frame 68: No		0		7		140384172
Frame 69: No		0		3		582152040
Frame 70: No		1		0		94307398
Frame 71: No		0		0		46370347
Frame 72: No		1		4		761250573
Frame 73: No		0		7		168057522
Frame 74: Yes		1		6		275373743
Frame 75: Yes		1		9		760281936
Frame 76: No		0		5		982945082
Frame 77: No		1		4		525829204
Frame 78: No		0		6		199411898
Frame 79: No		0		9		356684278
Frame 80: No		1		3		669679262
Frame 81: No		0		3		581539848
Frame 82: Yes		0		5		239036029
Frame 83: No		0		2		207026272
Frame 84: Yes		0		8		789366143
Frame 85: Yes		1		6		597322404
Frame 86: No		1		1		217927335
Frame 87: No		1		7		738909365
Frame 88: No		0		9		595311776
Frame 89: No		1		3		633938701
Frame 90: No		1		7		815209933
Frame 91: No		1		6		980356728
Frame 92: No		0		4		695748720
Frame 93: No		1		8		174515334
Frame 94: Yes		1		7		504569917
Frame 95: Yes		1		0		359512183
Frame 96: No		1		8		417076376
Frame 97: No		1		1		250801052
Frame 98: No		0		6		135771559
Frame 99: No		1		4		649709016
Frame 100: No		0		0		105816539
Frame 101: Yes		1		4		272469786
Frame 102: Yes		0		4		933110197
Frame 103: Yes		0		8		502278611
Frame 104: No		1		3		972058109
Frame 105: Yes		1		6		392035568
Frame 106: No		1		8		931489114
Frame 107: No		1		7		271059426
Frame 108: No		1		7		675575223
Frame 109: No		1		2		954696532
Frame 110: Yes		1		0		308044878
Frame 111: No		1		0		101323875
Frame 112: Yes		0		6		977648522
Frame 113: No		0		4		992576590
Frame 114: No		1		3		280311131
Frame 115: No		1		1		158381494
Frame 116: Yes		0		7		473442062
Frame 117: No		1		0		240554603
Frame 118: Yes		0		9		431419379
Frame 119: No		1		1		694887982
Frame 120: No		1		6		209359415
Frame 121: No		0		2		604765404
Frame 122: Yes		1		0		776808933
Frame 123: No		0		7		785550551
Frame 124: No		0		1		108399134
Frame 125: Yes		1		9		501252996
Frame 126: Yes		1		8		25187190
Frame 127: No		0		7		242990415
Frame 128: No		0		9		623380595
Frame 129: No		0		3		309112297
Frame 130: No		1		7		813080154
Frame 131: Yes		0		6		876855542
Frame 132: Yes		1		6		856669179
Frame 133: Yes		0		8		625032172
Frame 134: Yes		0		0		295166342
Frame 135: No		0		2		431742587
Frame 136: Yes		1		2		70575321
Frame 137: No		1		6		907895021
Frame 138: No		1		2		580508860
Frame 139: No		1		6		412277685
Frame 140: Yes		1		1		797073940
Frame 141: No		1		0		88590930
Frame 142: No		0		6		305197314
Frame 143: Yes		0		4		555996658
Frame 144: Yes		0		9		780821396
Frame 145: No		1		2		384095820
Frame 146: Yes		0		2		253207672
Frame 147: No		1		9		447395528
Frame 148: No		0		6		745897490
Frame 149: Yes		1		0		343606042
Frame 150: No		1		3		267889618
Frame 151: No		1		2		663080928
Frame 152: No		0		5		889804310
Frame 153: No		0		5		772634225
Frame 154: Yes		1		1		566288819
Frame 155: No		0		3		390543437
Frame 156: Yes		0		4		882160379
Frame 157: No		0		3		867107722
Frame 158: Yes		0		5		858721860
Frame 159: No		1		7		730418657
Frame 160: No		1		9		787689126
Frame 161: No		0		9		287726651
Frame 162: No		0		9		928140528
Frame 163: No		1		0		989241888
Frame 164: No		0		0		481928577
Frame 165: No		1		2		646755199
Frame 166: No		1		7		31126087
Frame 167: No		0		6		844400657
Frame 168: No		1		1		396377017
Frame 169: No		0		8		620089368
Frame 170: Yes		0		2		110613202
Frame 171: No		1		6		476453195
Frame 172: No		0		8		60975266
Frame 173: No		1		8		849552528
Frame 174: Yes		0		9		242608872
Frame 175: Yes		0		6		908518808
Frame 176: No		1		7		151297278
Frame 177: No		1		4		779289672
Frame 178: Yes		1		8		501772890
Frame 179: Yes		0		8		364319529
Frame 180: No		1		5		870305000
Frame 181: Yes		1		9		886086990
Frame 182: No		1		2		332238283
Frame 183: No		1		1		745598382
Frame 184: Yes		1		2		344247686
Frame 185: Yes		0		5		315209188
Frame 186: Yes		0		0		430253414
Frame 187: Yes		0		8		828388027
Frame 188: No		0		9		375179334
Frame 189: No		1		9		162088421
Frame 190: No		1		4		411522957
Frame 191: No		1		2		507578762
Frame 192: No		0		2		750167716
Frame 193: Yes		1		9		395132002
Frame 194: Yes		0		1		498617647
Frame 195: Yes		1		5		812282134
Frame 196: No		1		2		737703662
Frame 197: No		1		4		738076217
Frame 198: Yes		0		9		722060049
Frame 199: Yes		1		3		472576335
Frame 200: Yes		0		1		2416949
Frame 201: Yes		0		2		841585795
Frame 202: No		1		6		119399015
Frame 203: Yes		0		2		672655340
Frame 204: Yes		0		2		780172261
Frame 205: Yes		1		3		516266761
Frame 206: Yes		0		5		500618996
Frame 207: Yes		0		0		186631626
Frame 208: No		1		0		771476364
Frame 209: No		1		2		466942491
Frame 210: No		0		9		301373537
Frame 211: No		1		0		289360871
Frame 212: Yes		0		6		877565100
Frame 213: Yes		0		6		707056552
Frame 214: Yes		0		0		708302647
Frame 215: No		1		0		866355856
Frame 216: Yes		1		3		281830857
Frame 217: No		1		2		672563970
Frame 218: No		1		9		143195511
Frame 219: No		1		3		58907361
Frame 220: Yes		0		0		788014412
Frame 221: Yes		1		9		104152274
Frame 222: No		0		0		113974112
Frame 223: No		0		7		85291638
Frame 224: No		0		2		472131489
Frame 225: Yes		0		8		873524566
Frame 226: No		1		5		158136104
Frame 227: No		0		2		987706141
Frame 228: No		0		6		209734969
Frame 229: Yes		0		9		137100237
Frame 230: Yes		1		8		478034945
Frame 231: Yes		0		3		993967637
Frame 232: Yes		1		8		930772757
Frame 233: No		0		4		444311956
Frame 234: Yes		0		9		39723618
Frame 235: No		1		4		20406649
Frame 236: No		0		6		998994314
Frame 237: Yes		1		7		645933681
Frame 238: Yes		0		9		712633417
Frame 239: No		1		9		934660183
Frame 240: No		1		2		978701535
Frame 241: No		1		0		762924393
Frame 242: No		1		1		10150109
Frame 243: No		0		5		347584264
Frame 244: No		1		7		78374295
Frame 245: No		1		8		872666833
Frame 246: Yes		0		0		858504292
Frame 247: No		1		5		450099355
Frame 248: No		0		6		369678468
Frame 249: Yes		1		4		280631491
Frame 250: No		0		3		138982933
Frame 251: No		1		8		213213171
Frame 252: Yes		1		0		19485054
Frame 253: No		1		5		625040140
Frame 254: No		1		0		817572761
Frame 255: No		0		0		910210050

Page Tables:
P0 page table: [ 0 0 0 0 0 0 0 0 0 0 0 0 0 0 0 0 0 0 0 0 0 0 0 0 0 0 0 0 0 0 0 0 ]
P1 page table: [ 0 0 0 0 0 0 0 0 0 0 0 0 0 0 0 0 0 0 0 0 0 0 0 0 0 0 0 0 0 0 0 0 ]
P2 page table: [ 0 0 0 0 0 0 0 0 0 0 0 0 0 0 0 0 0 0 0 0 0 0 0 0 0 0 0 0 0 0 0 0 ]
P3 page table: [ 0 0 0 0 0 0 0 0 0 0 0 0 0 0 0 0 0 0 0 0 0 0 0 0 0 0 0 0 0 0 0 0 ]
P4 page table: [ 0 0 0 0 0 0 0 0 0 0 0 0 0 0 0 0 0 0 0 0 0 0 0 0 0 0 0 0 0 0 0 0 ]
P5 page table: [ 0 0 0 0 0 0 0 0 0 0 0 0 0 0 0 0 0 0 0 0 0 0 0 0 0 0 0 0 0 0 0 0 ]
P6 page table: [ 0 0 0 0 0 0 0 0 0 0 0 0 0 0 0 0 0 0 0 0 0 0 0 0 0 0 0 0 0 0 0 0 ]
P7 page table: [ 0 0 0 0 0 0 0 0 0 0 0 0 0 0 0 0 0 0 0 0 0 0 0 0 0 0 0 0 0 0 0 0 ]
P8 page table: [ 0 0 0 0 0 0 0 0 0 0 0 0 0 0 0 0 0 0 0 0 0 0 0 0 0 0 0 0 0 0 0 0 ]
P9 page table: [ 0 0 0 0 0 0 0 0 0 0 0 0 0 0 0 0 0 0 0 0 0 0 0 0 0 0 0 0 0 0 0 0 ]
P10 page table: [ 0 0 0 0 0 0 0 0 0 0 0 0 0 0 0 0 0 0 0 0 0 0 0 0 0 0 0 0 0 0 0 0 ]
P11 page table: [ 0 0 0 0 0 0 0 0 0 0 0 0 0 0 0 0 0 0 0 0 0 0 0 0 0 0 0 0 0 0 0 0 ]
P12 page table: [ 0 0 0 0 0 0 0 0 0 0 0 0 0 0 0 0 0 0 0 0 0 0 0 0 0 0 0 0 0 0 0 0 ]
P13 page table: [ 0 0 0 0 0 0 0 0 0 0 0 0 0 0 0 0 0 0 0 0 0 0 0 0 0 0 0 0 0 0 0 0 ]
P14 page table: [ 0 0 0 0 0 0 0 0 0 0 0 0 0 0 0 0 0 0 0 0 0 0 0 0 0 0 0 0 0 0 0 0 ]
P15 page table: [ 0 0 0 0 0 0 0 0 0 0 0 0 0 0 0 0 0 0 0 0 0 0 0 0 0 0 0 0 0 0 0 0 ]
P16 page table: [ 0 0 0 0 0 0 0 0 0 0 0 0 0 0 0 0 0 0 0 0 0 0 0 0 0 0 0 0 0 0 0 0 ]
P17 page table: [ 0 0 0 0 0 0 0 0 0 0 0 0 0 0 0 0 0 0 0 0 0 0 0 0 0 0 0 0 0 0 0 0 ]

oss: Current memory layout at time 0:002000000 is:
Occupied	DirtyBit	LastRefS	LastRefNano
Frame 0: No		0		4		379461075
Frame 1: No		1		9		987235624
Frame 2: Yes		1		5		719885386
Frame 3: Yes		1		2		350490027
Frame 4: No		1		4		592456289
Frame 5: No		0		1		779451238
Frame 6: No		1		9		972125383
Frame 7: No		0		4		990526343
Frame 8: Yes		0		6		35005211
Frame 9: No		0		5		830365981
Frame 10: Yes		0		0		278722862
Frame 11: No		0		7		403068011
Frame 12: No		0		9		970090192
Frame 13: No		0		1		321756868
Frame 14: No		0		7		77683174
Frame 15: Yes		0		9		125898167
Frame 16: No		1		3		396005216
Frame 17: No		1		2		116945487
Frame 18: No		1		2		450238957
Frame 19: No		0		7		692713933
Frame 20: Yes		1		9		608413784
Frame 21: No		1		1		717293418
Frame 22: No		0		4		522971726
Frame 23: No		0		5		896925393
Frame 24: No		1		0		670372305
Frame 25: Yes		0		1		424268980
Frame 26: No		0		8		311269559
Frame 27: Yes		0		6		135497281
Frame 28: Yes		0		7		572660336
Frame 29: No		1		4		124734562
Frame 30: No		0		1		163384280
Frame 31: Yes		1		4		84353895
Frame 32: Yes		0		7		610515434
Frame 33: No		0		0		505593010
Frame 34: Yes		1		8		945117276
Frame 35: No		0		9		24027583
Frame 36: No		0		3		21303708
Frame 37: Yes		1		4		474612399
Frame 38: Yes		0		8		943947739
Frame 39: No		1		3		572132557
Frame 40: No		1		0		962980710
Frame 41: Yes		1		5		463480570
Frame 42: No		1		3		259577690
Frame 43: No		1		0		86963638
Frame 44: No		1		9		115227667
Frame 45: Yes		0		7		603570492
Frame 46: No		1		3		107096180
Frame 47: No		0		4		589513899
Frame 48: No		1		6		254749154
Frame 49: No		0		9		695258232
Frame 50: No		1		0		690492373
Frame 51: No		1		7		917609663
Frame 52: Yes		0		9		221558440
Frame 53: Yes		1		7		7905771
Frame 54: Yes		1		7		631704567
Frame 55: No		1		9		514620094
Frame 56: No		0		9		16922351
Frame 57: Yes		1		6		703964683
Frame 58: No		0		0		122551742
Frame 59: No		1		9		359147515
Frame 60: No		1		1		195950186
Frame 61: Yes		1		3		515530019
Frame 62: Yes		0		5		373226340
Frame 63: Yes		1		8		168002245
Frame 64: No		1		3		415675634
Frame 65: Yes		1		9		622597488
Frame 66: No		1		7		561812722
Frame 67: No		0		9		456339643
Frame 68: No		0		4		549495354
Frame 69: No		1		9		386510139
Frame 70: No		0		3		684677418
Frame 71: No		0		5		819485269
Frame 72: No		0		9		835342733
Frame 73: No		1		5		107654819
Frame 74: Yes		1		6		275373743
Frame 75: Yes		1		9		760281936
Frame 76: No		1		3		947691087
Frame 77: No		0		7		332702450
Frame 78: No		1		2		573556837
Frame 79: No		0		5		28363610
Frame 80: No		1		1		573666704
Frame 81: No		0		3		230769829
Frame 82: Yes		0		5		239036029
Frame 83: No		0		1		424321892
Frame 84: Yes		0		8		789366143
Frame 85: Yes		1		6		597322404
Frame 86: No		1		3		117303605
Frame 87: No		0		8		274325361
Frame 88: No		1		0		129834447
Frame 89: No		1		7		651574882
Frame 90: No		0		9		651675551
Frame 91: No		0		6		719650353
Frame 92: No		0		6		962764794
Frame 93: No		1		2		76277107
Frame 94: Yes		1		7		504569917
Frame 95: Yes		1		0		359512183
Frame 96: No		0		1		750679664
Frame 97: No		0		6		756098480
Frame 98: No		1		3		312186354
Frame 99: No		1		4		730832933
Frame 100: No		1		1		987106312
Frame 101: Yes		1		4		272469786
Frame 102: Yes		0		4		933110197
Frame 103: Yes		0		8		502278611
Frame 104: No		0		5		145186709
Frame 105: Yes		1		6		392035568
Frame 106: No		1		9		695991608
Frame 107: No		1		2		907712995
Frame 108: No		1		9		47196295
Frame 109: No		0		6		718264801
Frame 110: Yes		1		0		308044878
Frame 111: No		1		0		175446571
Frame 112: Yes		0		6		977648522
Frame 113: No		1		2		805251743
Frame 114: No		0		7		144874089
Frame 115: No		0		2		13798878
Frame 116: Yes		0		7		473442062
Frame 117: No		1		4		99885196
Frame 118: Yes		0		9		431419379
Frame 119: No		1		6		363304213
Frame 120: No		0		4		604263370
Frame 121: No		0		1		155465115
Frame 122: Yes		1		0		776808933
Frame 123: No		1		7		442982639
Frame 124: No		1		0		642663198
Frame 125: Yes		1		9		501252996
Frame 126: Yes		1		8		25187190
Frame 127: No		1		3		33206202
Frame 128: No		0		7		992865128
Frame 129: No		1		6		650994571
Frame 130: No		1		5		124898138
Frame 131: Yes		0		6		876855542
Frame 132: Yes		1		6		856669179
Frame 133: Yes		0		8		625032172
Frame 134: Yes		0		0		295166342
Frame 135: No		0		1		541417540
Frame 136: Yes		1		2		70575321
Frame 137: No		0		4		30387226
Frame 138: No		0		6		390865725
Frame 139: No		0		2		832077645
Frame 140: Yes		1		1		797073940
Frame 141: No		1		1		73673339
Frame 142: No		1		1		78417603
Frame 143: Yes		0		4		555996658
Frame 144: Yes		0		9		780821396
Frame 145: No		1		6		922587542
Frame 146: Yes		0		2		253207672
Frame 147: No		0		4		209379174
Frame 148: No		0		7		547407330
Frame 149: Yes		1		0		343606042
Frame 150: No		1		7		396342013
Frame 151: No		0		0		192048860
Frame 152: No		1		6		69117832
Frame 153: No		1		3		25251990
Frame 154: Yes		1		1		566288819
Frame 155: No		1		8		608959295
Frame 156: Yes		0		4		882160379
Frame 157: No		0		7		727952741
Frame 158: Yes		0		5		858721860
Frame 159: No		0		0		281944976
Frame 160: No		0		3		989200801
Frame 161: No		0		9		730199492
Frame 162: No		1		9		457676440
Frame 163: No		1		4		316505735
Frame 164: No		1		4		173002606
Frame 165: No		1		9		127052251
Frame 166: No		0		9		689442530
Frame 167: No		0		6		316953165
Frame 168: No		1		9		17565625
Frame 169: No		0		7		234262547
Frame 170: Yes		0		2		110613202
Frame 171: No		1		1		609707131
Frame 172: No		0		3		29621931
Frame 173: No		1		4		339388427
Frame 174: Yes		0		9		242608872
Frame 175: Yes		0		6		908518808
Frame 176: No		1		1		42517543
Frame 177: No		1		7		116423768
Frame 178: Yes		1		8		501772890
Frame 179: Yes		0		8		364319529
Frame 180: No		0		8		102524643
Frame 181: Yes		1		9		886086990
Frame 182: No		0		0		31207394
Frame 183: No		0		6		145854098
Frame 184: Yes		1		2		344247686
Frame 185: Yes		0		5		315209188
Frame 186: Yes		0		0		430253414
Frame 187: Yes		0		8		828388027
Frame 188: No		0		3		131058752
Frame 189: No		1		0		60494695
Frame 190: No		0		2		160063179
Frame 191: No		0		5		204868098
Frame 192: No		0		3		256804978
Frame 193: Yes		1		9		395132002
Frame 194: Yes		0		1		498617647
Frame 195: Yes		1		5		812282134
Frame 196: No		1		8		10764797
Frame 197: No		0		6		568122272
Frame 198: Yes		0		9		722060049
Frame 199: Yes		1		3		472576335
Frame 200: Yes		0		1		2416949
Frame 201: Yes		0		2		841585795
Frame 202: No		1		9		268409912
Frame 203: Yes		0		2		672655340
Frame 204: Yes		0		2		780172261
Frame 205: Yes		1		3		516266761
Frame 206: Yes		0		5		500618996
Frame 207: Yes		0		0		186631626
Frame 208: No		1		3		33261900
Frame 209: No		1		3		592962932
Frame 210: No		0		7		703955951
Frame 211: No		1		4		946710049
Frame 212: Yes		0		6		877565100
Frame 213: Yes		0		6		707056552
Frame 214: Yes		0		0		708302647
Frame 215: No		1		4		308202906
Frame 216: Yes		1		3		281830857
Frame 217: No		0		4		777635325
Frame 218: No		1		3		85206797
Frame 219: No		1		0		541110115
Frame 220: Yes		0		0		788014412
Frame 221: Yes		1		9		104152274
Frame 222: No		1		5		461851014
Frame 223: No		0		7		20432100
Frame 224: No		1		9		48938329
Frame 225: Yes		0		8		873524566
Frame 226: No		0		4		384295879
Frame 227: No		1		5		343457914
Frame 228: No		0		6		649022765
Frame 229: Yes		0		9		137100237
Frame 230: Yes		1		8		478034945
Frame 231: Yes		0		3		993967637
Frame 232: Yes		1		8		930772757
Frame 233: No		0		2		682736626
Frame 234: Yes		0		9		39723618
Frame 235: No		0		9		54306629
Frame 236: No		1		6		498387409
Frame 237: Yes		1		7		645933681
Frame 238: Yes		0		9		712633417
Frame 239: No		0		3		354367395
Frame 240: No		1		7		812247776
Frame 241: No		0		0		693485026
Frame 242: No		1		9		100603786
Frame 243: No		1		8		212295100
Frame 244: No		0		5		26929416
Frame 245: No		0		0		233114544
Frame 246: Yes		0		0		858504292
Frame 247: No		1		8		38828826
Frame 248: No		0		9		456651794
Frame 249: Yes		1		4		280631491
Frame 250: No		1		8		691451546
Frame 251: No		0		3		33062
Frame 252: Yes		1		0		19485054
Frame 253: No		0		2		98193842
Frame 254: No		0		0		701539807
Frame 255: No		1		6		78480869

Page Tables:
P0 page table: [ 0 0 0 0 0 0 0 0 0 0 0 0 0 0 0 0 0 0 0 0 0 0 0 0 0 0 0 0 0 0 0 0 ]
P1 page table: [ 0 0 0 0 0 0 0 0 0 0 0 0 0 0 0 0 0 0 0 0 0 0 0 0 0 0 0 0 0 0 0 0 ]
P2 page table: [ 0 0 0 0 0 0 0 0 0 0 0 0 0 0 0 0 0 0 0 0 0 0 0 0 0 0 0 0 0 0 0 0 ]
P3 page table: [ 0 0 0 0 0 0 0 0 0 0 0 0 0 0 0 0 0 0 0 0 0 0 0 0 0 0 0 0 0 0 0 0 ]
P4 page table: [ 0 0 0 0 0 0 0 0 0 0 0 0 0 0 0 0 0 0 0 0 0 0 0 0 0 0 0 0 0 0 0 0 ]
P5 page table: [ 0 0 0 0 0 0 0 0 0 0 0 0 0 0 0 0 0 0 0 0 0 0 0 0 0 0 0 0 0 0 0 0 ]
P6 page table: [ 0 0 0 0 0 0 0 0 0 0 0 0 0 0 0 0 0 0 0 0 0 0 0 0 0 0 0 0 0 0 0 0 ]
P7 page table: [ 0 0 0 0 0 0 0 0 0 0 0 0 0 0 0 0 0 0 0 0 0 0 0 0 0 0 0 0 0 0 0 0 ]
P8 page table: [ 0 0 0 0 0 0 0 0 0 0 0 0 0 0 0 0 0 0 0 0 0 0 0 0 0 0 0 0 0 0 0 0 ]
P9 page table: [ 0 0 0 0 0 0 0 0 0 0 0 0 0 0 0 0 0 0 0 0 0 0 0 0 0 0 0 0 0 0 0 0 ]
P10 page table: [ 0 0 0 0 0 0 0 0 0 0 0 0 0 0 0 0 0 0 0 0 0 0 0 0 0 0 0 0 0 0 0 0 ]
P11 page table: [ 0 0 0 0 0 0 0 0 0 0 0 0 0 0 0 0 0 0 0 0 0 0 0 0 0 0 0 0 0 0 0 0 ]
P12 page table: [ 0 0 0 0 0 0 0 0 0 0 0 0 0 0 0 0 0 0 0 0 0 0 0 0 0 0 0 0 0 0 0 0 ]
P13 page table: [ 0 0 0 0 0 0 0 0 0 0 0 0 0 0 0 0 0 0 0 0 0 0 0 0 0 0 0 0 0 0 0 0 ]
P14 page table: [ 0 0 0 0 0 0 0 0 0 0 0 0 0 0 0 0 0 0 0 0 0 0 0 0 0 0 0 0 0 0 0 0 ]
P15 page table: [ 0 0 0 0 0 0 0 0 0 0 0 0 0 0 0 0 0 0 0 0 0 0 0 0 0 0 0 0 0 0 0 0 ]
P16 page table: [ 0 0 0 0 0 0 0 0 0 0 0 0 0 0 0 0 0 0 0 0 0 0 0 0 0 0 0 0 0 0 0 0 ]
P17 page table: [ 0 0 0 0 0 0 0 0 0 0 0 0 0 0 0 0 0 0 0 0 0 0 0 0 0 0 0 0 0 0 0 0 ]

oss: Current memory layout at time 0:003000000 is:
Occupied	DirtyBit	LastRefS	LastRefNano
Frame 0: No		0		6		819827984
Frame 1: No		1		5		813511382
Frame 2: Yes		1		5		719885386
Frame 3: Yes		1		2		350490027
Frame 4: No		1		1		468519716
Frame 5: No		1		7		731563037
Frame 6: No		0		1		763360602
Frame 7: No		0		9		194064088
Frame 8: Yes		0		6		35005211
Frame 9: No		0		3		256363941
Frame 10: Yes		0		0		278722862
Frame 11: No		0		5		343886628
Frame 12: No		0		2		918483162
Frame 13: No		0		3		853101996
Frame 14: No		1		0		49197811
Frame 15: Yes		0		9		125898167
Frame 16: No		0		4		891066487
Frame 17: No		1		0		574682290
Frame 18: No		0		9		896551633
Frame 19: No		1		3		391927494
Frame 20: Yes		1		9		608413784
Frame 21: No		0		2		967632854
Frame 22: No		0		3		974571475
Frame 23: No		1		1		767110751
Frame 24: No		0		5		10014811
Frame 25: Yes		0		1		424268980
Frame 26: No		1		3		396768681
Frame 27: Yes		0		6		135497281
Frame 28: Yes		0		7		572660336
Frame 29: No		1		7		880492499
Frame 30: No		1		4		820965014
Frame 31: Yes		1		4		84353895
Frame 32: Yes		0		7		610515434
Frame 33: No		0		7		950148346
Frame 34: Yes		1		8		945117276
Frame 35: No		1		0		353673391
Frame 36: No		1		7		217852623
Frame 37: Yes		1		4		474612399
Frame 38: Yes		0		8		943947739
Frame 39: No		1		3		999337836
Frame 40: No		0		0		94613281
Frame 41: Yes		1		5		463480570
Frame 42: No		0		1		356228371
Frame 43: No		1		4		29860596
Frame 44: No		1		7		817049764
Frame 45: Yes		0		7		603570492
Frame 46: No		0		7		353825800
Frame 47: No		0		3		607500335
Frame 48: No		1		2		96617457
Frame 49: No		0		3		437180529
Frame 50: No		1		7		65785292
Frame 51: No		0		5		745792349
Frame 52: Yes		0		9		221558440
Frame 53: Yes		1		7		7905771
Frame 54: Yes		1		7		631704567
Frame 55: No		1		8		523782140
Frame 56: No		0		9		803602255
Frame 57: Yes		1		6		703964683
Frame 58: No		1		6		634172025
Frame 59: No		0		2		81458260
Frame 60: No		1		4		998562957
Frame 61: Yes		1		3		515530019
Frame 62: Yes		0		5		373226340
Frame 63: Yes		1		8		168002245
Frame 64: No		1		0		992232983
Frame 65: Yes		1		9		622597488
Frame 66: No		1		7		953534826
Frame 67: No		0		8		309667127
Frame 68: No		1		0		104665169
Frame 69: No		1		0		582972798
Frame 70: No		1		0		564739221
Frame 71: No		1		7		729568616
Frame 72: No		1		2		992055382
Frame 73: No		1		3		67247035
Frame 74: Yes		1		6		275373743
Frame 75: Yes		1		9		760281936
Frame 76: No		0		2		204428608
Frame 77: No		0		8		579059895
Frame 78: No		1		6		569654968
Frame 79: No		1		3		126362173
Frame 80: No		1		3		455371254
Frame 81: No		1		3		922018481
Frame 82: Yes		0		5		239036029
Frame 83: No		0		4		230674396
Frame 84: Yes		0		8		789366143
Frame 85: Yes		1		6		597322404
Frame 86: No		1		2		475952280
Frame 87: No		0		7		866596855
Frame 88: No		1		4		579952366
Frame 89: No		1		2		138101281
Frame 90: No		1		8		894869401
Frame 91: No		1		8		310273413
Frame 92: No		1		4		628414422
Frame 93: No		0		0		991505661
Frame 94: Yes		1		7		504569917
Frame 95: Yes		1		0		359512183
Frame 96: No		1		3		612816071
Frame 97: No		0		0		238138000
Frame 98: No		0		2		243769942
Frame 99: No		1		7		285830504
Frame 100: No		0		5		145975358
Frame 101: Yes		1		4		272469786
Frame 102: Yes		0		4		933110197
Frame 103: Yes		0		8		502278611
Frame 104: No		0		8		758179117
Frame 105: Yes		1		6		392035568
Frame 106: No		0		0		973521090
Frame 107: No		1		3		636750614
Frame 108: No		1		8		553918865
Frame 109: No		1		9		182176620
Frame 110: Yes		1		0		308044878
Frame 111: No		0		2		478705400
Frame 112: Yes		0		6		977648522
Frame 113: No		0		3		26478004
Frame 114: No		0		7		95266356
Frame 115: No		1		1		709606368
Frame 116: Yes		0		7		473442062
Frame 117: No		0		1		566586128
Frame 118: Yes		0		9		431419379
Frame 119: No		1		8		438485374
Frame 120: No		1		1		824700010
Frame 121: No		0		7		861838989
Frame 122: Yes		1		0		776808933
Frame 123: No		0		2		267040926
Frame 124: No		0		5		871700699
Frame 125: Yes		1		9		501252996
Frame 126: Yes		1		8		25187190
Frame 127: No		0		7		131189562
Frame 128: No		1		1		820042348
Frame 129: No		1		9		21449807
Frame 130: No		0		8		63880569
Frame 131: Yes		0		6		876855542
Frame 132: Yes		1		6		856669179
Frame 133: Yes		0		8		625032172
Frame 134: Yes		0		0		295166342
Frame 135: No		0		8		961415139
Frame 136: Yes		1		2		70575321
Frame 137: No		0		2		999038585
Frame 138: No		1		4		167368542
Frame 139: No		0		3		656241707
Frame 140: Yes		1		1		797073940
Frame 141: No		1		1		333480550
Frame 142: No		0		0		122466788
Frame 143: Yes		0		4		555996658
Frame 144: Yes		0		9		780821396
Frame 145: No		1		4		572255140
Frame 146: Yes		0		2		253207672
Frame 147: No		1		3		443145325
Frame 148: No		0		2		825791694
Frame 149: Yes		1		0		343606042
Frame 150: No		0		3		963964191
Frame 151: No		0		4		143493320
Frame 152: No		0		2		215387142
Frame 153: No		1		4		85308422
Frame 154: Yes		1		1		566288819
Frame 155: No		0		4		284327308
Frame 156: Yes		0		4		882160379
Frame 157: No		0		4		744161708
Frame 158: Yes		0		5		858721860
Frame 159: No		0		4		576279545
Frame 160: No		1		5		110341087
Frame 161: No		0		2		825051735
Frame 162: No		0		6		304438548
Frame 163: No		1		0		791251530
Frame 164: No		0		2		995097051
Frame 165: No		0		4		335077589
Frame 166: No		0		8		102194872
Frame 167: No		0		8		268632557
Frame 168: No		0		7		401262337
Frame 169: No		1		4		767125139
Frame 170: Yes		0		2		110613202
Frame 171: No		0		2		90438014
Frame 172: No		0		9		502390523
Frame 173: No		0		7		823025015
Frame 174: Yes		0		9		242608872
Frame 175: Yes		0		6		908518808
Frame 176: No		0		9		631340353
Frame 177: No		0		0		138700754
Frame 178: Yes		1		8		501772890
Frame 179: Yes		0		8		364319529
Frame 180: No		0		2		159037710
Frame 181: Yes		1		9		886086990
Frame 182: No		1		4		543906158
Frame 183: No		1		1		460674641
Frame 184: Yes		1		2		344247686
Frame 185: Yes		0		5		315209188
Frame 186: Yes		0		0		430253414
Frame 187: Yes		0		8		828388027
Frame 188: No		0		0		270617569
Frame 189: No		1		2		602182790
Frame 190: No		1		6		135386147
Frame 191: No		0		9		442482781
Frame 192: No		1		6		966618017
Frame 193: Yes		1		9		395132002
Frame 194: Yes		0		1		498617647
Frame 195: Yes		1		5		812282134
Frame 196: No		0		1		386099901
Frame 197: No		1		5		517408978
Frame 198: Yes		0		9		722060049
Frame 199: Yes		1		3		472576335
Frame 200: Yes		0		1		2416949
Frame 201: Yes		0		2		841585795
Frame 202: No		1		6		504038566
Frame 203: Yes		0		2		672655340
Frame 204: Yes		0		2		780172261
Frame 205: Yes		1		3		516266761
Frame 206: Yes		0		5		500618996
Frame 207: Yes		0		0		186631626
Frame 208: No		1		4		413892161
Frame 209: No		0		7		184794536
Frame 210: No		0		7		101072999
Frame 211: No		0		9		906889260
Frame 212: Yes		0		6		877565100
Frame 213: Yes		0		6		707056552
Frame 214: Yes		0		0		708302647
Frame 215: No		0		6		883555567
Frame 216: Yes		1		3		281830857
Frame 217: No		1		7		141413008
Frame 218: No		1		6		652996966
Frame 219: No		0		7		427778693
Frame 220: Yes		0		0		788014412
Frame 221: Yes		1		9		104152274
Frame 222: No		0		7		257009719
Frame 223: No		0		4		135787096
Frame 224: No		0		5		104221117
Frame 225: Yes		0		8		873524566
Frame 226: No		0		1		559473950
Frame 227: No		1		0		327727208
Frame 228: No		0		2		105210525
Frame 229: Yes		0		9		137100237
Frame 230: Yes		1		8		478034945
Frame 231: Yes		0		3		993967637
Frame 232: Yes		1		8		930772757
Frame 233: No		0		1		69114447
Frame 234: Yes		0		9		39723618
Frame 235: No		1		9		752327934
Frame 236: No		1		5		214790563
Frame 237: Yes		1		7		645933681
Frame 238: Yes		0		9		712633417
Frame 239: No		0		0		279527351
Frame 240: No		0		0		725362297
Frame 241: No		0		6		396028861
Frame 242: No		1		4		598048401
Frame 243: No		0		6		727843428
Frame 244: No		0		5		246088582
Frame 245: No		1		2		423401433
Frame 246: Yes		0		0		858504292
Frame 247: No		0		9		714481123
Frame 248: No		0		5		107230151
Frame 249: Yes		1		4		280631491
Frame 250: No		1		9		191614946
Frame 251: No		0		2		639286229
Frame 252: Yes		1		0		19485054
Frame 253: No		0		9		983827549
Frame 254: No		0		3		447680589
Frame 255: No		0		6		682367563

Page Tables:
P0 page table: [ 0 0 0 0 0 0 0 0 0 0 0 0 0 0 0 0 0 0 0 0 0 0 0 0 0 0 0 0 0 0 0 0 ]
P1 page table: [ 0 0 0 0 0 0 0 0 0 0 0 0 0 0 0 0 0 0 0 0 0 0 0 0 0 0 0 0 0 0 0 0 ]
P2 page table: [ 0 0 0 0 0 0 0 0 0 0 0 0 0 0 0 0 0 0 0 0 0 0 0 0 0 0 0 0 0 0 0 0 ]
P3 page table: [ 0 0 0 0 0 0 0 0 0 0 0 0 0 0 0 0 0 0 0 0 0 0 0 0 0 0 0 0 0 0 0 0 ]
P4 page table: [ 0 0 0 0 0 0 0 0 0 0 0 0 0 0 0 0 0 0 0 0 0 0 0 0 0 0 0 0 0 0 0 0 ]
P5 page table: [ 0 0 0 0 0 0 0 0 0 0 0 0 0 0 0 0 0 0 0 0 0 0 0 0 0 0 0 0 0 0 0 0 ]
P6 page table: [ 0 0 0 0 0 0 0 0 0 0 0 0 0 0 0 0 0 0 0 0 0 0 0 0 0 0 0 0 0 0 0 0 ]
P7 page table: [ 0 0 0 0 0 0 0 0 0 0 0 0 0 0 0 0 0 0 0 0 0 0 0 0 0 0 0 0 0 0 0 0 ]
P8 page table: [ 0 0 0 0 0 0 0 0 0 0 0 0 0 0 0 0 0 0 0 0 0 0 0 0 0 0 0 0 0 0 0 0 ]
P9 page table: [ 0 0 0 0 0 0 0 0 0 0 0 0 0 0 0 0 0 0 0 0 0 0 0 0 0 0 0 0 0 0 0 0 ]
P10 page table: [ 0 0 0 0 0 0 0 0 0 0 0 0 0 0 0 0 0 0 0 0 0 0 0 0 0 0 0 0 0 0 0 0 ]
P11 page table: [ 0 0 0 0 0 0 0 0 0 0 0 0 0 0 0 0 0 0 0 0 0 0 0 0 0 0 0 0 0 0 0 0 ]
P12 page table: [ 0 0 0 0 0 0 0 0 0 0 0 0 0 0 0 0 0 0 0 0 0 0 0 0 0 0 0 0 0 0 0 0 ]
P13 page table: [ 0 0 0 0 0 0 0 0 0 0 0 0 0 0 0 0 0 0 0 0 0 0 0 0 0 0 0 0 0 0 0 0 ]
P14 page table: [ 0 0 0 0 0 0 0 0 0 0 0 0 0 0 0 0 0 0 0 0 0 0 0 0 0 0 0 0 0 0 0 0 ]
P15 page table: [ 0 0 0 0 0 0 0 0 0 0 0 0 0 0 0 0 0 0 0 0 0 0 0 0 0 0 0 0 0 0 0 0 ]
P16 page table: [ 0 0 0 0 0 0 0 0 0 0 0 0 0 0 0 0 0 0 0 0 0 0 0 0 0 0 0 0 0 0 0 0 ]
P17 page table: [ 0 0 0 0 0 0 0 0 0 0 0 0 0 0 0 0 0 0 0 0 0 0 0 0 0 0 0 0 0 0 0 0 ]

oss: Current memory layout at time 0:004000000 is:
Occupied	DirtyBit	LastRefS	LastRefNano
Frame 0: No		1		4		954296984
Frame 1: No		0		6		595747036
Frame 2: Yes		1		5		719885386
Frame 3: Yes		1		2		350490027
Frame 4: No		0		9		560307071
Frame 5: No		1		4		607382700
Frame 6: No		1		5		620529490
Frame 7: No		0		1		741160450
Frame 8: Yes		0		6		35005211
Frame 9: No		0		2		327305250
Frame 10: Yes		0		0		278722862
Frame 11: No		1		4		101709878
Frame 12: No		0		3		26416758
Frame 13: No		1		9		384696634
Frame 14: No		1		5		133286977
Frame 15: Yes		0		9		125898167
Frame 16: No		0		2		831661736
Frame 17: No		1		5		660064472
Frame 18: No		0		5		723705710
Frame 19: No		1		7		944216249
Frame 20: Yes		1		9		608413784
Frame 21: No		1		8		926440376
Frame 22: No		1		0		32652302
Frame 23: No		1		8		247412082
Frame 24: No		1		6		296082014
Frame 25: Yes		0		1		424268980
Frame 26: No		0		0		574690958
Frame 27: Yes		0		6		135497281
Frame 28: Yes		0		7		572660336
Frame 29: No		1		7		533803669
Frame 30: No		1		5		753779927
Frame 31: Yes		1		4		84353895
Frame 32: Yes		0		7		610515434
Frame 33: No		0		7		480708313
Frame 34: Yes		1		8		945117276
Frame 35: No		1		9		137990260
Frame 36: No		1		1		440106892
Frame 37: Yes		1		4		474612399
Frame 38: Yes		0		8		943947739
Frame 39: No		1		7		346804712
Frame 40: No		1		2		197182313
Frame 41: Yes		1		5		463480570
Frame 42: No		1		6		335558628
Frame 43: No		1		0		893244856
Frame 44: No		1		9		875470641
Frame 45: Yes		0		7		603570492
Frame 46: No		1		0		112087195
Frame 47: No		0		9		409907854
Frame 48: No		0		2		217196008
Frame 49: No		1		5		94258726
Frame 50: No		0		7		353511414
Frame 51: No		0		1		910450857
Frame 52: Yes		0		9		221558440
Frame 53: Yes		1		7		7905771
Frame 54: Yes		1		7		631704567
Frame 55: No		0		4		211270210
Frame 56: No		0		3		583274723
Frame 57: Yes		1		6		703964683
Frame 58: No		1		1		980690626
Frame 59: No		0		4		577418325
Frame 60: No		0		9		610670806
Frame 61: Yes		1		3		515530019
Frame 62: Yes		0		5		373226340
Frame 63: Yes		1		8		168002245
Frame 64: No		0		5		213735047
Frame 65: Yes		1		9		622597488
Frame 66: No		0		3		218272784
Frame 67: No		1		2		136864840
Frame 68: No		1		8		840700573
Frame 69: No		0		5		831545290
Frame 70: No		1		7		35839366
Frame 71: No		0		0		486235104
Frame 72: No		1		8		135177290
Frame 73: No		1		3		573715235
Frame 74: Yes		1		6		275373743
Frame 75: Yes		1		9		760281936
Frame 76: No		0		1		81572601
Frame 77: No		1		1		45069410
Frame 78: No		1		5		217985588
Frame 79: No		1		5		81029448
Frame 80: No		1		0		477223956
Frame 81: No		0		2		994159651
Frame 82: Yes		0		5		239036029
Frame 83: No		1		0		683673949
Frame 84: Yes		0		8		789366143
Frame 85: Yes		1		6		597322404
Frame 86: No		1		4		742949164
Frame 87: No		1		5		655027572
Frame 88: No		0		2		18186733
Frame 89: No		1		6		560413640
Frame 90: No		0		8		541279136
Frame 91: No		1		6		223207428
Frame 92: No		0		4		675910875
Frame 93: No		1		0		846164556
Frame 94: Yes		1		7		504569917
Frame 95: Yes		1		0		359512183
Frame 96: No		1		3		87479885
Frame 97: No		0		5		162824071
Frame 98: No		0		9		283467324
Frame 99: No		1		4		32684367
Frame 100: No		0		9		96198530
Frame 101: Yes		1		4		272469786
Frame 102: Yes		0		4		933110197
Frame 103: Yes		0		8		502278611
Frame 104: No		0		0		198911786
Frame 105: Yes		1		6		392035568
Frame 106: No		0		8		656527645
Frame 107: No		0		6		535297508
Frame 108: No		0		3		200977805
Frame 109: No		1		1		642949730
Frame 110: Yes		1		0		308044878
Frame 111: No		0		8		554430207
Frame 112: Yes		0		6		977648522
Frame 113: No		1		9		619480878
Frame 114: No		1		3		21424758
Frame 115: No		1		2		804046007
Frame 116: Yes		0		7		473442062
Frame 117: No		0		2		397489210
Frame 118: Yes		0		9		431419379
Frame 119: No		0		0		80502308
Frame 120: No		1		6		934657902
Frame 121: No		1		6		710058106
Frame 122: Yes		1		0		776808933
Frame 123: No		1		1		919655804
Frame 124: No		0		3		202029501
Frame 125: Yes		1		9		501252996
Frame 126: Yes		1		8		25187190
Frame 127: No		1		2		329370448
Frame 128: No		0		1		871000
Frame 129: No		0		1		900205108
Frame 130: No		0		8		622838287
Frame 131: Yes		0		6		876855542
Frame 132: Yes		1		6		856669179
Frame 133: Yes		0		8		625032172
Frame 134: Yes		0		0		295166342
Frame 135: No		1		1		676314462
Frame 136: Yes		1		2		70575321
Frame 137: No		1		9		931336718
Frame 138: No		1		4		95802345
Frame 139: No		1		2		416023182
Frame 140: Yes		1		1		797073940
Frame 141: No		1		9		115206657
Frame 142: No		0		0		16747294
Frame 143: Yes		0		4		555996658
Frame 144: Yes		0		9		780821396
Frame 145: No		1		8		376875057
Frame 146: Yes		0		2		253207672
Frame 147: No		0		8		578037126
Frame 148: No		1		6		340606628
Frame 149: Yes		1		0		343606042
Frame 150: No		0		5		243018184
Frame 151: No		1		9		22988865
Frame 152: No		0		8		924200848
Frame 153: No		0		5		850598623
Frame 154: Yes		1		1		566288819
Frame 155: No		1		9		606193485
Frame 156: Yes		0		4		882160379
Frame 157: No		0		6		431315644
Frame 158: Yes		0		5		858721860
Frame 159: No		0		3		674426555
Frame 160: No		0		0		830992300
Frame 161: No		0		8		160475789
Frame 162: No		1		6		429841549
Frame 163: No		0		1		365547042
Frame 164: No		0		8		919121924
Frame 165: No		0		8		193088109
Frame 166: No		1		1		415431554
Frame 167: No		0		8		78359216
Frame 168: No		0		3		186896499
Frame 169: No		1		8		218248263
Frame 170: Yes		0		2		110613202
Frame 171: No		1		0		669411305
Frame 172: No		1		1		574788777
Frame 173: No		0		2		82735328
Frame 174: Yes		0		9		242608872
Frame 175: Yes		0		6		908518808
Frame 176: No		1		5		945972417
Frame 177: No		1		9		639854683
Frame 178: Yes		1		8		501772890
Frame 179: Yes		0		8		364319529
Frame 180: No		1		9		988180237
Frame 181: Yes		1		9		886086990
Frame 182: No		0		5		479834853
Frame 183: No		1		1		358104524
Frame 184: Yes		1		2		344247686
Frame 185: Yes		0		5		315209188
Frame 186: Yes		0		0		430253414
Frame 187: Yes		0		8		828388027
Frame 188: No		0		1		891528784
Frame 189: No		0		6		47830643
Frame 190: No		1		2		991241042
Frame 191: No		0		1		656184096
Frame 192: No		1		1		915664225
Frame 193: Yes		1		9		395132002
Frame 194: Yes		0		1		498617647
Frame 195: Yes		1		5		812282134
Frame 196: No		0		0		815320763
Frame 197: No		1		4		598171894
Frame 198: Yes		0		9		722060049
Frame 199: Yes		1		3		472576335
Frame 200: Yes		0		1		2416949
Frame 201: Yes		0		2		841585795
Frame 202: No		0		3		139722835
Frame 203: Yes		0		2		672655340
Frame 204: Yes		0		2		780172261
Frame 205: Yes		1		3		516266761
Frame 206: Yes		0		5		500618996
Frame 207: Yes		0		0		186631626
Frame 208: No		1		7		511658082
Frame 209: No		1		3		122125315
Frame 210: No		0		8		872285314
Frame 211: No		0		1		751002780
Frame 212: Yes		0		6		877565100
Frame 213: Yes		0		6		707056552
Frame 214: Yes		0		0		708302647
Frame 215: No		0		5		727671564
Frame 216: Yes		1		3		281830857
Frame 217: No		0		1		190833023
Frame 218: No		1		9		595930242
Frame 219: No		0		4		930353825
Frame 220: Yes		0		0		788014412
Frame 221: Yes		1		9		104152274
Frame 222: No		0		1		707134463
Frame 223: No		1		6		845394080
Frame 224: No		0		9		243253491
Frame 225: Yes		0		8		873524566
Frame 226: No		0		6		611111544
Frame 227: No		0		0		732360161
Frame 228: No		1		2		793895841
Frame 229: Yes		0		9		137100237
Frame 230: Yes		1		8		478034945
Frame 231: Yes		0		3		993967637
Frame 232: Yes		1		8		930772757
Frame 233: No		0		8		13966848
Frame 234: Yes		0		9		39723618
Frame 235: No		0		2		914500838
Frame 236: No		1		4		922802942
Frame 237: Yes		1		7		645933681
Frame 238: Yes		0		9		712633417
Frame 239: No		1		1		121608488
Frame 240: No		0		4		161922596
Frame 241: No		1		6		831083598
Frame 242: No		0		7		822304435
Frame 243: No		0		4		615419962
Frame 244: No		0		7		568534702
Frame 245: No		0		1		573177440
Frame 246: Yes		0		0		858504292
Frame 247: No		0		9		529695171
Frame 248: No		0		9		281845289
Frame 249: Yes		1		4		280631491
Frame 250: No		0		4		633295539
Frame 251: No		1		2		204742850
Frame 252: Yes		1		0		19485054
Frame 253: No		1		8		811507986
Frame 254: No		0		8		904279192
Frame 255: No		1		3		475295657

Page Tables:
P0 page table: [ 0 0 0 0 0 0 0 0 0 0 0 0 0 0 0 0 0 0 0 0 0 0 0 0 0 0 0 0 0 0 0 0 ]
P1 page table: [ 0 0 0 0 0 0 0 0 0 0 0 0 0 0 0 0 0 0 0 0 0 0 0 0 0 0 0 0 0 0 0 0 ]
P2 page table: [ 0 0 0 0 0 0 0 0 0 0 0 0 0 0 0 0 0 0 0 0 0 0 0 0 0 0 0 0 0 0 0 0 ]
P3 page table: [ 0 0 0 0 0 0 0 0 0 0 0 0 0 0 0 0 0 0 0 0 0 0 0 0 0 0 0 0 0 0 0 0 ]
P4 page table: [ 0 0 0 0 0 0 0 0 0 0 0 0 0 0 0 0 0 0 0 0 0 0 0 0 0 0 0 0 0 0 0 0 ]
P5 page table: [ 0 0 0 0 0 0 0 0 0 0 0 0 0 0 0 0 0 0 0 0 0 0 0 0 0 0 0 0 0 0 0 0 ]
P6 page table: [ 0 0 0 0 0 0 0 0 0 0 0 0 0 0 0 0 0 0 0 0 0 0 0 0 0 0 0 0 0 0 0 0 ]
P7 page table: [ 0 0 0 0 0 0 0 0 0 0 0 0 0 0 0 0 0 0 0 0 0 0 0 0 0 0 0 0 0 0 0 0 ]
P8 page table: [ 0 0 0 0 0 0 0 0 0 0 0 0 0 0 0 0 0 0 0 0 0 0 0 0 0 0 0 0 0 0 0 0 ]
P9 page table: [ 0 0 0 0 0 0 0 0 0 0 0 0 0 0 0 0 0 0 0 0 0 0 0 0 0 0 0 0 0 0 0 0 ]
P10 page table: [ 0 0 0 0 0 0 0 0 0 0 0 0 0 0 0 0 0 0 0 0 0 0 0 0 0 0 0 0 0 0 0 0 ]
P11 page table: [ 0 0 0 0 0 0 0 0 0 0 0 0 0 0 0 0 0 0 0 0 0 0 0 0 0 0 0 0 0 0 0 0 ]
P12 page table: [ 0 0 0 0 0 0 0 0 0 0 0 0 0 0 0 0 0 0 0 0 0 0 0 0 0 0 0 0 0 0 0 0 ]
P13 page table: [ 0 0 0 0 0 0 0 0 0 0 0 0 0 0 0 0 0 0 0 0 0 0 0 0 0 0 0 0 0 0 0 0 ]
P14 page table: [ 0 0 0 0 0 0 0 0 0 0 0 0 0 0 0 0 0 0 0 0 0 0 0 0 0 0 0 0 0 0 0 0 ]
P15 page table: [ 0 0 0 0 0 0 0 0 0 0 0 0 0 0 0 0 0 0 0 0 0 0 0 0 0 0 0 0 0 0 0 0 ]
P16 page table: [ 0 0 0 0 0 0 0 0 0 0 0 0 0 0 0 0 0 0 0 0 0 0 0 0 0 0 0 0 0 0 0 0 ]
P17 page table: [ 0 0 0 0 0 0 0 0 0 0 0 0 0 0 0 0 0 0 0 0 0 0 0 0 0 0 0 0 0 0 0 0 ]

oss: Current memory layout at time 0:005000000 is:
Occupied	DirtyBit	LastRefS	LastRefNano
Frame 0: No		1		5		36215463
Frame 1: No		1		9		709163925
Frame 2: Yes		1		5		719885386
Frame 3: Yes		1		2		350490027
Frame 4: No		0		9		218942709
Frame 5: No		1		2		316554595
Frame 6: No		0		2		582187500
Frame 7: No		0		3		206674446
Frame 8: Yes		0		6		35005211
Frame 9: No		0		4		638462029
Frame 10: Yes		0		0		278722862
Frame 11: No		0		0		660420424
Frame 12: No		0		4		127167744
Frame 13: No		0		4		589130772
Frame 14: No		1		7		437046647
Frame 15: Yes		0		9		125898167
Frame 16: No		1		3		987059619
Frame 17: No		0		4		971529848
Frame 18: No		1		0		36869528
Frame 19: No		1		0		49561859
Frame 20: Yes		1		9		608413784
Frame 21: No		0		8		776624031
Frame 22: No		0		7		140858988
Frame 23: No		0		4		116391568
Frame 24: No		1		8		865144369
Frame 25: Yes		0		1		424268980
Frame 26: No		1		0		218200987
Frame 27: Yes		0		6		135497281
Frame 28: Yes		0		7		572660336
Frame 29: No		0		9		850382211
Frame 30: No		1		0		377108003
Frame 31: Yes		1		4		84353895
Frame 32: Yes		0		7		610515434
Frame 33: No		0		8		366913064
Frame 34: Yes		1		8		945117276
Frame 35: No		0		6		245491186
Frame 36: No		0		7		542537541
Frame 37: Yes		1		4		474612399
Frame 38: Yes		0		8		943947739
Frame 39: No		0		9		244930122
Frame 40: No		0		9		280931765
Frame 41: Yes		1		5		463480570
Frame 42: No		0		7		560318023
Frame 43: No		0		8		42080532
Frame 44: No		0		6		335531187
Frame 45: Yes		0		7		603570492
Frame 46: No		1		9		63449294
Frame 47: No		0		2		819599372
Frame 48: No		0		6		608112644
Frame 49: No		1		3		352964522
Frame 50: No		0		6		665676898
Frame 51: No		1		9		833469976
Frame 52: Yes		0		9		221558440
Frame 53: Yes		1		7		7905771
Frame 54: Yes		1		7		631704567
Frame 55: No		0		6		63018202
Frame 56: No		0		9		845299958
Frame 57: Yes		1		6		703964683
Frame 58: No		0		1		840735668
Frame 59: No		0		0		29009428
Frame 60: No		0		4		146735658
Frame 61: Yes		1		3		515530019
Frame 62: Yes		0		5		373226340
Frame 63: Yes		1		8		168002245
Frame 64: No		0		9		188510062
Frame 65: Yes		1		9		622597488
Frame 66: No		1		5		436359554
Frame 67: No		0		7		714330334
Frame 68: No		0		7		764324635
Frame 69: No		1		3		783387964
Frame 70: No		1		7		400660703
Frame 71: No		1		8		757001842
Frame 72: No		0		8		821319300
Frame 73: No		1		9		458757446
Frame 74: Yes		1		6		275373743
Frame 75: Yes		1		9		760281936
Frame 76: No		1		9		740033621
Frame 77: No		0		1		368046387
Frame 78: No		1		5		14871043
Frame 79: No		0		2		604969710
Frame 80: No		1		7		678800870
Frame 81: No		0		1		631418417
Frame 82: Yes		0		5		239036029
Frame 83: No		0		7		560268824
Frame 84: Yes		0		8		789366143
Frame 85: Yes		1		6		597322404
Frame 86: No		0		9		746283858
Frame 87: No		0		9		602297893
Frame 88: No		1		7		317875109
Frame 89: No		1		0		81063046
Frame 90: No		0		7		660343702
Frame 91: No		0		3		22800096
Frame 92: No		0		3		776544874
Frame 93: No		1		4		979575260
Frame 94: Yes		1		7		504569917
Frame 95: Yes		1		0		359512183
Frame 96: No		1		3		150084506
Frame 97: No		0		9		269026234
Frame 98: No		1		9		104451352
Frame 99: No		0		2		501659818
Frame 100: No		1		4		6420005
Frame 101: Yes		1		4		272469786
Frame 102: Yes		0		4		933110197
Frame 103: Yes		0		8		502278611
Frame 104: No		0		2		500257692
Frame 105: Yes		1		6		392035568
Frame 106: No		1		4		277392187
Frame 107: No		0		1		231366256
Frame 108: No		0		7		93506748
Frame 109: No		0		9		135693054
Frame 110: Yes		1		0		308044878
Frame 111: No		1		5		122249809
Frame 112: Yes		0		6		977648522
Frame 113: No		0		0		984048626
Frame 114: No		0		2		826782912
Frame 115: No		0		3		554938157
Frame 116: Yes		0		7		473442062
Frame 117: No		0		0		989833661
Frame 118: Yes		0		9		431419379
Frame 119: No		1		2		147775927
Frame 120: No		1		0		63765871
Frame 121: No		0		8		810882584
Frame 122: Yes		1		0		776808933
Frame 123: No		1		8		403997111
Frame 124: No		1		4		300595513
Frame 125: Yes		1		9		501252996
Frame 126: Yes		1		8		25187190
Frame 127: No		0		3		179478661
Frame 128: No		0		2		524581324
Frame 129: No		1		4		896172326
Frame 130: No		0		4		893051878
Frame 131: Yes		0		6		876855542
Frame 132: Yes		1		6		856669179
Frame 133: Yes		0		8		625032172
Frame 134: Yes		0		0		295166342
Frame 135: No		0		7		970034225
Frame 136: Yes		1		2		70575321
Frame 137: No		0		4		297510827
Frame 138: No		0		5		104028380
Frame 139: No		0		0		754963290
Frame 140: Yes		1		1		797073940
Frame 141: No		0		3		420599300
Frame 142: No		0		8		582513990
Frame 143: Yes		0		4		555996658
Frame 144: Yes		0		9		780821396
Frame 145: No		0		9		220282619
Frame 146: Yes		0		2		253207672
Frame 147: No		0		5		483989693
Frame 148: No		0		1		642661448
Frame 149: Yes		1		0		343606042
Frame 150: No		0		2		653265587
Frame 151: No		0		9		17461929
Frame 152: No		0		6		446703183
Frame 153: No		0		7		736214337
Frame 154: Yes		1		1		566288819
Frame 155: No		0		9		720936636
Frame 156: Yes		0		4		882160379
Frame 157: No		1		9		927203630
Frame 158: Yes		0		5		858721860
Frame 159: No		1		1		6071125
Frame 160: No		0		0		93232173
Frame 161: No		1		4		310936585
Frame 162: No		0		4		495749339
Frame 163: No		0		3		179486052
Frame 164: No		1		2		212052176
Frame 165: No		0		7		140830430
Frame 166: No		1		4		408564037
Frame 167: No		0		2		784051571
Frame 168: No		1		5		78175617
Frame 169: No		1		0		547449638
Frame 170: Yes		0		2		110613202
Frame 171: No		1		3		492469147
Frame 172: No		1		9		945229157
Frame 173: No		1		0		430310992
Frame 174: Yes		0		9		242608872
Frame 175: Yes		0		6		908518808
Frame 176: No		0		2		843886978
Frame 177: No		0		1		931525347
Frame 178: Yes		1		8		501772890
Frame 179: Yes		0		8		364319529
Frame 180: No		1		1		368293026
Frame 181: Yes		1		9		886086990
Frame 182: No		0		8		599184492
Frame 183: No		0		1		580744477
Frame 184: Yes		1		2		344247686
Frame 185: Yes		0		5		315209188
Frame 186: Yes		0		0		430253414
Frame 187: Yes		0		8		828388027
Frame 188: No		1		0		67936271
Frame 189: No		1		0		186391879
Frame 190: No		1		9		813592586
Frame 191: No		0		6		22337363
Frame 192: No		0		8		1648609
Frame 193: Yes		1		9		395132002
Frame 194: Yes		0		1		498617647
Frame 195: Yes		1		5		812282134
Frame 196: No		1		9		689155066
Frame 197: No		0		8		443155027
Frame 198: Yes		0		9		722060049
Frame 199: Yes		1		3		472576335
Frame 200: Yes		0		1		2416949
Frame 201: Yes		0		2		841585795
Frame 202: No		1		4		133626771
Frame 203: Yes		0		2		672655340
Frame 204: Yes		0		2		780172261
Frame 205: Yes		1		3		516266761
Frame 206: Yes		0		5		500618996
Frame 207: Yes		0		0		186631626
Frame 208: No		0		9		59789835
Frame 209: No		1		8		105342203
Frame 210: No		0		2		696253215
Frame 211: No		0		1		759726503
Frame 212: Yes		0		6		877565100
Frame 213: Yes		0		6		707056552
Frame 214: Yes		0		0		708302647
Frame 215: No		0		7		154349542
Frame 216: Yes		1		3		281830857
Frame 217: No		0		2		120838155
Frame 218: No		1		1		675161631
Frame 219: No		0		8		460552958
Frame 220: Yes		0		0		788014412
Frame 221: Yes		1		9		104152274
Frame 222: No		0		7		656498187
Frame 223: No		0		0		180082199
Frame 224: No		1		7		319619072
Frame 225: Yes		0		8		873524566
Frame 226: No		0		2		336189196
Frame 227: No		0		8		866360494
Frame 228: No		1		3		988308582
Frame 229: Yes		0		9		137100237
Frame 230: Yes		1		8		478034945
Frame 231: Yes		0		3		993967637
Frame 232: Yes		1		8		930772757
Frame 233: No		0		7		954515802
Frame 234: Yes		0		9		39723618
Frame 235: No		0		5		109967654
Frame 236: No		0		6		694860591
Frame 237: Yes		1		7		645933681
Frame 238: Yes		0		9		712633417
Frame 239: No		0		4		697054660
Frame 240: No		1		3		107920488
Frame 241: No		1		4		858983422
Frame 242: No		1		7		876085544
Frame 243: No		1		5		905894996
Frame 244: No		1		9		381672606
Frame 245: No		0		3		76387350
Frame 246: Yes		0		0		858504292
Frame 247: No		0		8		471398403
Frame 248: No		1		2		85331055
Frame 249: Yes		1		4		280631491
Frame 250: No		1		5		793039021
Frame 251: No		0		5		596170911
Frame 252: Yes		1		0		19485054
Frame 253: No		1		3		331365439
Frame 254: No		0		7		146810336
Frame 255: No		1		2		28648726

Page Tables:
P0 page table: [ 0 0 0 0 0 0 0 0 0 0 0 0 0 0 0 0 0 0 0 0 0 0 0 0 0 0 0 0 0 0 0 0 ]
P1 page table: [ 0 0 0 0 0 0 0 0 0 0 0 0 0 0 0 0 0 0 0 0 0 0 0 0 0 0 0 0 0 0 0 0 ]
P2 page table: [ 0 0 0 0 0 0 0 0 0 0 0 0 0 0 0 0 0 0 0 0 0 0 0 0 0 0 0 0 0 0 0 0 ]
P3 page table: [ 0 0 0 0 0 0 0 0 0 0 0 0 0 0 0 0 0 0 0 0 0 0 0 0 0 0 0 0 0 0 0 0 ]
P4 page table: [ 0 0 0 0 0 0 0 0 0 0 0 0 0 0 0 0 0 0 0 0 0 0 0 0 0 0 0 0 0 0 0 0 ]
P5 page table: [ 0 0 0 0 0 0 0 0 0 0 0 0 0 0 0 0 0 0 0 0 0 0 0 0 0 0 0 0 0 0 0 0 ]
P6 page table: [ 0 0 0 0 0 0 0 0 0 0 0 0 0 0 0 0 0 0 0 0 0 0 0 0 0 0 0 0 0 0 0 0 ]
P7 page table: [ 0 0 0 0 0 0 0 0 0 0 0 0 0 0 0 0 0 0 0 0 0 0 0 0 0 0 0 0 0 0 0 0 ]
P8 page table: [ 0 0 0 0 0 0 0 0 0 0 0 0 0 0 0 0 0 0 0 0 0 0 0 0 0 0 0 0 0 0 0 0 ]
P9 page table: [ 0 0 0 0 0 0 0 0 0 0 0 0 0 0 0 0 0 0 0 0 0 0 0 0 0 0 0 0 0 0 0 0 ]
P10 page table: [ 0 0 0 0 0 0 0 0 0 0 0 0 0 0 0 0 0 0 0 0 0 0 0 0 0 0 0 0 0 0 0 0 ]
P11 page table: [ 0 0 0 0 0 0 0 0 0 0 0 0 0 0 0 0 0 0 0 0 0 0 0 0 0 0 0 0 0 0 0 0 ]
P12 page table: [ 0 0 0 0 0 0 0 0 0 0 0 0 0 0 0 0 0 0 0 0 0 0 0 0 0 0 0 0 0 0 0 0 ]
P13 page table: [ 0 0 0 0 0 0 0 0 0 0 0 0 0 0 0 0 0 0 0 0 0 0 0 0 0 0 0 0 0 0 0 0 ]
P14 page table: [ 0 0 0 0 0 0 0 0 0 0 0 0 0 0 0 0 0 0 0 0 0 0 0 0 0 0 0 0 0 0 0 0 ]
P15 page table: [ 0 0 0 0 0 0 0 0 0 0 0 0 0 0 0 0 0 0 0 0 0 0 0 0 0 0 0 0 0 0 0 0 ]
P16 page table: [ 0 0 0 0 0 0 0 0 0 0 0 0 0 0 0 0 0 0 0 0 0 0 0 0 0 0 0 0 0 0 0 0 ]
P17 page table: [ 0 0 0 0 0 0 0 0 0 0 0 0 0 0 0 0 0 0 0 0 0 0 0 0 0 0 0 0 0 0 0 0 ]

oss: Current memory layout at time 0:006000000 is:
Occupied	DirtyBit	LastRefS	LastRefNano
Frame 0: No		0		0		184154091
Frame 1: No		0		8		276217690
Frame 2: Yes		1		5		719885386
Frame 3: Yes		1		2		350490027
Frame 4: No		1		8		148576388
Frame 5: No		1		1		265989390
Frame 6: No		0		8		782806240
Frame 7: No		1		1		524897797
Frame 8: Yes		0		6		35005211
Frame 9: No		1		3		314909341
Frame 10: Yes		0		0		278722862
Frame 11: No		0		4		613393829
Frame 12: No		0		3		781882152
Frame 13: No		0		9		456510
Frame 14: No		0		0		441252327
Frame 15: Yes		0		9		125898167
Frame 16: No		0		0		440458800
Frame 17: No		0		0		716952774
Frame 18: No		1		1		259042831
Frame 19: No		1		3		726277479
Frame 20: Yes		1		9		608413784
Frame 21: No		0		1		376108019
Frame 22: No		1		4		608427746
Frame 23: No		0		3		267774969
Frame 24: No		1		7		314586528
Frame 25: Yes		0		1		424268980
Frame 26: No		0		0		460362196
Frame 27: Yes		0		6		135497281
Frame 28: Yes		0		7		572660336
Frame 29: No		0		9		728671166
Frame 30: No		0		9		730441138
Frame 31: Yes		1		4		84353895
Frame 32: Yes		0		7		610515434
Frame 33: No		1		5		847344718
Frame 34: Yes		1		8		945117276
Frame 35: No		0		7		8285608
Frame 36: No		1		8		979629507
Frame 37: Yes		1		4		474612399
Frame 38: Yes		0		8		943947739
Frame 39: No		0		7		256772878
Frame 40: No		0		5		780238390
Frame 41: Yes		1		5		463480570
Frame 42: No		1		5		998713308
Frame 43: No		1		5		96079422
Frame 44: No		1		1		219147069
Frame 45: Yes		0		7		603570492
Frame 46: No		0		9		544048623
Frame 47: No		0		9		959970879
Frame 48: No		1		7		743131527
Frame 49: No		0		5		42106956
Frame 50: No		0		4		975402908
Frame 51: No		1		4		178341976
Frame 52: Yes		0		9		221558440
Frame 53: Yes		1		7		7905771
Frame 54: Yes		1		7		631704567
Frame 55: No		1		6		175821956
Frame 56: No		0		6		430235839
Frame 57: Yes		1		6		703964683
Frame 58: No		1		8		112526508
Frame 59: No		0		7		152059765
Frame 60: No		1		2		401808472
Frame 61: Yes		1		3		515530019
Frame 62: Yes		0		5		373226340
Frame 63: Yes		1		8		168002245
Frame 64: No		0		3		8057661
Frame 65: Yes		1		9		622597488
Frame 66: No		1		3		411266131
Frame 67: No		0		1		328386656
Frame 68: No		0		2		18462069
Frame 69: No		0		8		912802551
Frame 70: No		0		4		387516123
Frame 71: No		1		5		51030530
Frame 72: No		1		4		23637094
Frame 73: No		1		9		767405991
Frame 74: Yes		1		6		275373743
Frame 75: Yes		1		9		760281936
Frame 76: No		1		4		300248473
Frame 77: No		1		5		645803002
Frame 78: No		0		6		92059772
Frame 79: No		1		4		486363501
Frame 80: No		1		3		984483445
Frame 81: No		1		7		123598167
Frame 82: Yes		0		5		239036029
Frame 83: No		0		2		307964193
Frame 84: Yes		0		8		789366143
Frame 85: Yes		1		6		597322404
Frame 86: No		1		4		22852617
Frame 87: No		1		8		414460396
Frame 88: No		1		9		136416008
Frame 89: No		1		2		702833817
Frame 90: No		0		6		362795150
Frame 91: No		0		0		76270887
Frame 92: No		0		1		291425259
Frame 93: No		0		8		50365223
Frame 94: Yes		1		7		504569917
Frame 95: Yes		1		0		359512183
Frame 96: No		1		5		181010038
Frame 97: No		1		0		861701682
Frame 98: No		1		7		973294814
Frame 99: No		1		6		93508921
Frame 100: No		0		4		187386865
Frame 101: Yes		1		4		272469786
Frame 102: Yes		0		4		933110197
Frame 103: Yes		0		8		502278611
Frame 104: No		0		1		554472058
Frame 105: Yes		1		6		392035568
Frame 106: No		0		1		449089325
Frame 107: No		0		1		731812679
Frame 108: No		1		0		813908251
Frame 109: No		1		3		23762697
Frame 110: Yes		1		0		308044878
Frame 111: No		0		2		84870791
Frame 112: Yes		0		6		977648522
Frame 113: No		0		6		57518732
Frame 114: No		1		0		181738995
Frame 115: No		1		3		213594814
Frame 116: Yes		0		7		473442062
Frame 117: No		1		8		471690579
Frame 118: Yes		0		9		431419379
Frame 119: No		0		6		280981337
Frame 120: No		0		3		236682857
Frame 121: No		1		4		689630845
Frame 122: Yes		1		0		776808933
Frame 123: No		1		7		584401425
Frame 124: No		1		5		554841746
Frame 125: Yes		1		9		501252996
Frame 126: Yes		1		8		25187190
Frame 127: No		1		8		437951605
Frame 128: No		1		1		62361873
Frame 129: No		1		6		31004039
Frame 130: No		0		1		924279777
Frame 131: Yes		0		6		876855542
Frame 132: Yes		1		6		856669179
Frame 133: Yes		0		8		625032172
Frame 134: Yes		0		0		295166342
Frame 135: No		1		2		304133130
Frame 136: Yes		1		2		70575321
Frame 137: No		1		0		306980108
Frame 138: No		1		9		635654526
Frame 139: No		1		5		357984240
Frame 140: Yes		1		1		797073940
Frame 141: No		1		2		845207433
Frame 142: No		0		9		93782069
Frame 143: Yes		0		4		555996658
Frame 144: Yes		0		9		780821396
Frame 145: No		0		6		154073370
Frame 146: Yes		0		2		253207672
Frame 147: No		1		0		354575023
Frame 148: No		0		1		262021414
Frame 149: Yes		1		0		343606042
Frame 150: No		1		8		997191005
Frame 151: No		1		9		358625421
Frame 152: No		1		7		681195176
Frame 153: No		1		5		371888680
Frame 154: Yes		1		1		566288819
Frame 155: No		0		6		879795257
Frame 156: Yes		0		4		882160379
Frame 157: No		0		1		789243938
Frame 158: Yes		0		5		858721860
Frame 159: No		1		2		619175679
Frame 160: No		0		4		540836825
Frame 161: No		0		7		344130872
Frame 162: No		1		1		381543847
Frame 163: No		0		8		539847451
Frame 164: No		1		0		32636498
Frame 165: No		0		6		331601568
Frame 166: No		1		6		570240349
Frame 167: No		1		5		132719348
Frame 168: No		1		6		266218466
Frame 169: No		1		5		702622777
Frame 170: Yes		0		2		110613202
Frame 171: No		0		3		996774026
Frame 172: No		1		5		439140172
Frame 173: No		1		2		92083088
Frame 174: Yes		0		9		242608872
Frame 175: Yes		0		6		908518808
Frame 176: No		1		6		691639518
Frame 177: No		1		6		309572886
Frame 178: Yes		1		8		501772890
Frame 179: Yes		0		8		364319529
Frame 180: No		0		4		250016323
Frame 181: Yes		1		9		886086990
Frame 182: No		0		6		672466289
Frame 183: No		0		6		65093662
Frame 184: Yes		1		2		344247686
Frame 185: Yes		0		5		315209188
Frame 186: Yes		0		0		430253414
Frame 187: Yes		0		8		828388027
Frame 188: No		0		3		933366332
Frame 189: No		1		0		827524435
Frame 190: No		0		8		693866392
Frame 191: No		1		3		833949222
Frame 192: No		0		3		159897004
Frame 193: Yes		1		9		395132002
Frame 194: Yes		0		1		498617647
Frame 195: Yes		1		5		812282134
Frame 196: No		0		1		228698447
Frame 197: No		0		7		890060908
Frame 198: Yes		0		9		722060049
Frame 199: Yes		1		3		472576335
Frame 200: Yes		0		1		2416949
Frame 201: Yes		0		2		841585795
Frame 202: No		1		2		355126162
Frame 203: Yes		0		2		672655340
Frame 204: Yes		0		2		780172261
Frame 205: Yes		1		3		516266761
Frame 206: Yes		0		5		500618996
Frame 207: Yes		0		0		186631626
Frame 208: No		1		1		452573032
Frame 209: No		1		6		259322902
Frame 210: No		0		0		950138326
Frame 211: No		0		7		871812298
Frame 212: Yes		0		6		877565100
Frame 213: Yes		0		6		707056552
Frame 214: Yes		0		0		708302647
Frame 215: No		1		9		643520498
Frame 216: Yes		1		3		281830857
Frame 217: No		0		4		953583398
Frame 218: No		1		8		851164576
Frame 219: No		1		5		717807878
Frame 220: Yes		0		0		788014412
Frame 221: Yes		1		9		104152274
Frame 222: No		0		3		945877108
Frame 223: No		1		7		568008764
Frame 224: No		0		9		915804415
Frame 225: Yes		0		8		873524566
Frame 226: No		0		2		264537114
Frame 227: No		0		0		746926210
Frame 228: No		1		1		629190168
Frame 229: Yes		0		9		137100237
Frame 230: Yes		1		8		478034945
Frame 231: Yes		0		3		993967637
Frame 232: Yes		1		8		930772757
Frame 233: No		1		9		318984471
Frame 234: Yes		0		9		39723618
Frame 235: No		1		9		108050440
Frame 236: No		1		7		993077304
Frame 237: Yes		1		7		645933681
Frame 238: Yes		0		9		712633417
Frame 239: No		0		7		66148151
Frame 240: No		1		5		871418852
Frame 241: No		1		2		865945941
Frame 242: No		0		9		152262092
Frame 243: No		0		4		255349946
Frame 244: No		1		6		92819519
Frame 245: No		0		4		745520789
Frame 246: Yes		0		0		858504292
Frame 247: No		1		5		598527249
Frame 248: No		0		7		345705290
Frame 249: Yes		1		4		280631491
Frame 250: No		0		3		968487783
Frame 251: No		1		7		184320788
Frame 252: Yes		1		0		19485054
Frame 253: No		1		1		664353696
Frame 254: No		1		2		856196471
Frame 255: No		0		6		262458924

Page Tables:
P0 page table: [ 0 0 0 0 0 0 0 0 0 0 0 0 0 0 0 0 0 0 0 0 0 0 0 0 0 0 0 0 0 0 0 0 ]
P1 page table: [ 0 0 0 0 0 0 0 0 0 0 0 0 0 0 0 0 0 0 0 0 0 0 0 0 0 0 0 0 0 0 0 0 ]
P2 page table: [ 0 0 0 0 0 0 0 0 0 0 0 0 0 0 0 0 0 0 0 0 0 0 0 0 0 0 0 0 0 0 0 0 ]
P3 page table: [ 0 0 0 0 0 0 0 0 0 0 0 0 0 0 0 0 0 0 0 0 0 0 0 0 0 0 0 0 0 0 0 0 ]
P4 page table: [ 0 0 0 0 0 0 0 0 0 0 0 0 0 0 0 0 0 0 0 0 0 0 0 0 0 0 0 0 0 0 0 0 ]
P5 page table: [ 0 0 0 0 0 0 0 0 0 0 0 0 0 0 0 0 0 0 0 0 0 0 0 0 0 0 0 0 0 0 0 0 ]
P6 page table: [ 0 0 0 0 0 0 0 0 0 0 0 0 0 0 0 0 0 0 0 0 0 0 0 0 0 0 0 0 0 0 0 0 ]
P7 page table: [ 0 0 0 0 0 0 0 0 0 0 0 0 0 0 0 0 0 0 0 0 0 0 0 0 0 0 0 0 0 0 0 0 ]
P8 page table: [ 0 0 0 0 0 0 0 0 0 0 0 0 0 0 0 0 0 0 0 0 0 0 0 0 0 0 0 0 0 0 0 0 ]
P9 page table: [ 0 0 0 0 0 0 0 0 0 0 0 0 0 0 0 0 0 0 0 0 0 0 0 0 0 0 0 0 0 0 0 0 ]
P10 page table: [ 0 0 0 0 0 0 0 0 0 0 0 0 0 0 0 0 0 0 0 0 0 0 0 0 0 0 0 0 0 0 0 0 ]
P11 page table: [ 0 0 0 0 0 0 0 0 0 0 0 0 0 0 0 0 0 0 0 0 0 0 0 0 0 0 0 0 0 0 0 0 ]
P12 page table: [ 0 0 0 0 0 0 0 0 0 0 0 0 0 0 0 0 0 0 0 0 0 0 0 0 0 0 0 0 0 0 0 0 ]
P13 page table: [ 0 0 0 0 0 0 0 0 0 0 0 0 0 0 0 0 0 0 0 0 0 0 0 0 0 0 0 0 0 0 0 0 ]
P14 page table: [ 0 0 0 0 0 0 0 0 0 0 0 0 0 0 0 0 0 0 0 0 0 0 0 0 0 0 0 0 0 0 0 0 ]
P15 page table: [ 0 0 0 0 0 0 0 0 0 0 0 0 0 0 0 0 0 0 0 0 0 0 0 0 0 0 0 0 0 0 0 0 ]
P16 page table: [ 0 0 0 0 0 0 0 0 0 0 0 0 0 0 0 0 0 0 0 0 0 0 0 0 0 0 0 0 0 0 0 0 ]
P17 page table: [ 0 0 0 0 0 0 0 0 0 0 0 0 0 0 0 0 0 0 0 0 0 0 0 0 0 0 0 0 0 0 0 0 ]

oss: Current memory layout at time 0:007000000 is:
Occupied	DirtyBit	LastRefS	LastRefNano
Frame 0: No		0		3		335714087
Frame 1: No		0		2		40317565
Frame 2: Yes		1		5		719885386
Frame 3: Yes		1		2		350490027
Frame 4: No		1		3		473891334
Frame 5: No		0		4		213280396
Frame 6: No		0		4		49488897
Frame 7: No		1		9		493649292
Frame 8: Yes		0		6		35005211
Frame 9: No		0		7		396926156
Frame 10: Yes		0		0		278722862
Frame 11: No		0		5		477127367
Frame 12: No		0		7		532646386
Frame 13: No		1		1		131491977
Frame 14: No		0		0		41984908
Frame 15: Yes		0		9		125898167
Frame 16: No		0		6		233694996
Frame 17: No		1		0		748515749
Frame 18: No		0		7		920670038
Frame 19: No		0		6		69142334
Frame 20: Yes		1		9		608413784
Frame 21: No		0		0		154499430
Frame 22: No		1		6		22334982
Frame 23: No		1		4		591313492
Frame 24: No		0		2		732853814
Frame 25: Yes		0		1		424268980
Frame 26: No		1		0		165418241
Frame 27: Yes		0		6		135497281
Frame 28: Yes		0		7		572660336
Frame 29: No		0		0		41268864
Frame 30: No		0		6		615755630
Frame 31: Yes		1		4		84353895
Frame 32: Yes		0		7		610515434
Frame 33: No		0		7		686730762
Frame 34: Yes		1		8		945117276
Frame 35: No		1		5		147198697
Frame 36: No		0		0		300719389
Frame 37: Yes		1		4		474612399
Frame 38: Yes		0		8		943947739
Frame 39: No		0		2		640481776
Frame 40: No		1		4		987489992
Frame 41: Yes		1		5		463480570
Frame 42: No		1		9		231097529
Frame 43: No		1		3		330625380
Frame 44: No		1		4		847302720
Frame 45: Yes		0		7		603570492
Frame 46: No		1		8		43588474
Frame 47: No		0		0		107713080
Frame 48: No		1		2		227477752
Frame 49: No		1		2		729290176
Frame 50: No		1		1		973914398
Frame 51: No		1		7		568388370
Frame 52: Yes		0		9		221558440
Frame 53: Yes		1		7		7905771
Frame 54: Yes		1		7		631704567
Frame 55: No		0		1		153845032
Frame 56: No		1		1		127210541
Frame 57: Yes		1		6		703964683
Frame 58: No		0		3		818128616
Frame 59: No		1		6		611761996
Frame 60: No		1		2		787086305
Frame 61: Yes		1		3		515530019
Frame 62: Yes		0		5		373226340
Frame 63: Yes		1		8		168002245
Frame 64: No		0		2		91119157
Frame 65: Yes		1		9		622597488
Frame 66: No		0		6		905039195
Frame 67: No		0		2		829878520
Frame 68: No		0		2		638823523
Frame 69: No		1		2		401016538
Frame 70: No		1		5		123473348
Frame 71: No		0		8		976012582
Frame 72: No		1		7		254980437
Frame 73: No		1		3		840714375
Frame 74: Yes		1		6		275373743
Frame 75: Yes		1		9		760281936
Frame 76: No		1		8		751148990
Frame 77: No		1		5		27553146
Frame 78: No		1		2		285682472
Frame 79: No		0		5		64784082
Frame 80: No		0		8		512056675
Frame 81: No		1		9		928219639
Frame 82: Yes		0		5		239036029
Frame 83: No		0		7		658787454
Frame 84: Yes		0		8		789366143
Frame 85: Yes		1		6		597322404
Frame 86: No		0		1		838733761
Frame 87: No		1		8		551672441
Frame 88: No		0		3		128228875
Frame 89: No		1		6		120738486
Frame 90: No		0		2		720273398
Frame 91: No		1		4		592095745
Frame 92: No		0		6		111166929
Frame 93: No		0		1		6777125
Frame 94: Yes		1		7		504569917
Frame 95: Yes		1		0		359512183
Frame 96: No		1		2		957873435
Frame 97: No		0		7		532844230
Frame 98: No		1		0		33018190
Frame 99: No		1		2		143154913
Frame 100: No		1		7		976350310
Frame 101: Yes		1		4		272469786
Frame 102: Yes		0		4		933110197
Frame 103: Yes		0		8		502278611
Frame 104: No		1		3		849399083
Frame 105: Yes		1		6		392035568
Frame 106: No		1		3		549387536
Frame 107: No		1		9		167434826
Frame 108: No		1		8		608580149
Frame 109: No		1		5		555218377
Frame 110: Yes		1		0		308044878
Frame 111: No		1		0		351205738
Frame 112: Yes		0		6		977648522
Frame 113: No		0		3		545042417
Frame 114: No		1		5		112718116
Frame 115: No		1		8		30245415
Frame 116: Yes		0		7		473442062
Frame 117: No		0		9		552604753
Frame 118: Yes		0		9		431419379
Frame 119: No		1		4		373026856
Frame 120: No		1		0		242660715
Frame 121: No		0		6		189059476
Frame 122: Yes		1		0		776808933
Frame 123: No		0		6		497905611
Frame 124: No		1		5		233983202
Frame 125: Yes		1		9		501252996
Frame 126: Yes		1		8		25187190
Frame 127: No		1		3		761865277
Frame 128: No		0		1		9771475
Frame 129: No		0		7		489005601
Frame 130: No		0		2		38301418
Frame 131: Yes		0		6		876855542
Frame 132: Yes		1		6		856669179
Frame 133: Yes		0		8		625032172
Frame 134: Yes		0		0		295166342
Frame 135: No		1		7		209331367
Frame 136: Yes		1		2		70575321
Frame 137: No		1		3		130324323
Frame 138: No		1		8		627051477
Frame 139: No		0		4		419786226
Frame 140: Yes		1		1		797073940
Frame 141: No		0		5		248107964
Frame 142: No		1		0		75699972
Frame 143: Yes		0		4		555996658
Frame 144: Yes		0		9		780821396
Frame 145: No		1		7		761855727
Frame 146: Yes		0		2		253207672
Frame 147: No		0		4		264448664
Frame 148: No		1		6		116323015
Frame 149: Yes		1		0		343606042
Frame 150: No		1		4		203013321
Frame 151: No		1		2		667674495
Frame 152: No		0		7		339173201
Frame 153: No		1		6		66908520
Frame 154: Yes		1		1		566288819
Frame 155: No		1		2		400267990
Frame 156: Yes		0		4		882160379
Frame 157: No		1		6		359202788
Frame 158: Yes		0		5		858721860
Frame 159: No		1		0		699776712
Frame 160: No		0		9		829724491
Frame 161: No		1		6		952768216
Frame 162: No		1		1		613950304
Frame 163: No		1		4		925988871
Frame 164: No		1		1		66612981
Frame 165: No		1		2		293460090
Frame 166: No		1		5		127040702
Frame 167: No		0		5		810015533
Frame 168: No		0		5		383960411
Frame 169: No		1		7		346780946
Frame 170: Yes		0		2		110613202
Frame 171: No		0		0		79943989
Frame 172: No		0		9		902863873
Frame 173: No		1		3		120279370
Frame 174: Yes		0		9		242608872
Frame 175: Yes		0		6		908518808
Frame 176: No		1		7		926228785
Frame 177: No		1		0		359013537
Frame 178: Yes		1		8		501772890
Frame 179: Yes		0		8		364319529
Frame 180: No		1		0		922932288
Frame 181: Yes		1		9		886086990
Frame 182: No		0		4		158374771
Frame 183: No		1		0		987359759
Frame 184: Yes		1		2		344247686
Frame 185: Yes		0		5		315209188
Frame 186: Yes		0		0		430253414
Frame 187: Yes		0		8		828388027
Frame 188: No		0		3		534706181
Frame 189: No		1		9		48522001
Frame 190: No		0		0		604507192
Frame 191: No		1		3		522066537
Frame 192: No		0		6		213132347
Frame 193: Yes		1		9		395132002
Frame 194: Yes		0		1		498617647
Frame 195: Yes		1		5		812282134
Frame 196: No		1		3		794027639
Frame 197: No		1		0		25314788
Frame 198: Yes		0		9		722060049
Frame 199: Yes		1		3		472576335
Frame 200: Yes		0		1		2416949
Frame 201: Yes		0		2		841585795
Frame 202: No		1		1		869635587
Frame 203: Yes		0		2		672655340
Frame 204: Yes		0		2		780172261
Frame 205: Yes		1		3		516266761
Frame 206: Yes		0		5		500618996
Frame 207: Yes		0		0		186631626
Frame 208: No		0		2		371195941
Frame 209: No		0		3		449420721
Frame 210: No		1		4		652061567
Frame 211: No		0		6		43353969
Frame 212: Yes		0		6		877565100
Frame 213: Yes		0		6		707056552
Frame 214: Yes		0		0		708302647
Frame 215: No		0		0		470558289
Frame 216: Yes		1		3		281830857
Frame 217: No		1		7		468431721
Frame 218: No		1		5		137226130
Frame 219: No		1		6		648440876
Frame 220: Yes		0		0		788014412
Frame 221: Yes		1		9		104152274
Frame 222: No		1		4		75548480
Frame 223: No		0		2		190194625
Frame 224: No		1		5		285839403
Frame 225: Yes		0		8		873524566
Frame 226: No		0		6		489523515
Frame 227: No		1		5		463778847
Frame 228: No		1		5		297598514
Frame 229: Yes		0		9		137100237
Frame 230: Yes		1		8		478034945
Frame 231: Yes		0		3		993967637
Frame 232: Yes		1		8		930772757
Frame 233: No		1		6		632730758
Frame 234: Yes		0		9		39723618
Frame 235: No		1		7		106668624
Frame 236: No		0		9		769759633
Frame 237: Yes		1		7		645933681
Frame 238: Yes		0		9		712633417
Frame 239: No		0		7		447315861
Frame 240: No		0		9		65566092
Frame 241: No		0		5		836040215
Frame 242: No		1		0		534186872
Frame 243: No		0		5		465864481
Frame 244: No		1		2		470949153
Frame 245: No		0		8		84147070
Frame 246: Yes		0		0		858504292
Frame 247: No		0		6		206496585
Frame 248: No		1		2		589988539
Frame 249: Yes		1		4		280631491
Frame 250: No		0		7		461722172
Frame 251: No		0		8		34829832
Frame 252: Yes		1		0		19485054
Frame 253: No		1		2		250822806
Frame 254: No		0		0		840048586
Frame 255: No		0		2		819626409

Page Tables:
P0 page table: [ 0 0 0 0 0 0 0 0 0 0 0 0 0 0 0 0 0 0 0 0 0 0 0 0 0 0 0 0 0 0 0 0 ]
P1 page table: [ 0 0 0 0 0 0 0 0 0 0 0 0 0 0 0 0 0 0 0 0 0 0 0 0 0 0 0 0 0 0 0 0 ]
P2 page table: [ 0 0 0 0 0 0 0 0 0 0 0 0 0 0 0 0 0 0 0 0 0 0 0 0 0 0 0 0 0 0 0 0 ]
P3 page table: [ 0 0 0 0 0 0 0 0 0 0 0 0 0 0 0 0 0 0 0 0 0 0 0 0 0 0 0 0 0 0 0 0 ]
P4 page table: [ 0 0 0 0 0 0 0 0 0 0 0 0 0 0 0 0 0 0 0 0 0 0 0 0 0 0 0 0 0 0 0 0 ]
P5 page table: [ 0 0 0 0 0 0 0 0 0 0 0 0 0 0 0 0 0 0 0 0 0 0 0 0 0 0 0 0 0 0 0 0 ]
P6 page table: [ 0 0 0 0 0 0 0 0 0 0 0 0 0 0 0 0 0 0 0 0 0 0 0 0 0 0 0 0 0 0 0 0 ]
P7 page table: [ 0 0 0 0 0 0 0 0 0 0 0 0 0 0 0 0 0 0 0 0 0 0 0 0 0 0 0 0 0 0 0 0 ]
P8 page table: [ 0 0 0 0 0 0 0 0 0 0 0 0 0 0 0 0 0 0 0 0 0 0 0 0 0 0 0 0 0 0 0 0 ]
P9 page table: [ 0 0 0 0 0 0 0 0 0 0 0 0 0 0 0 0 0 0 0 0 0 0 0 0 0 0 0 0 0 0 0 0 ]
P10 page table: [ 0 0 0 0 0 0 0 0 0 0 0 0 0 0 0 0 0 0 0 0 0 0 0 0 0 0 0 0 0 0 0 0 ]
P11 page table: [ 0 0 0 0 0 0 0 0 0 0 0 0 0 0 0 0 0 0 0 0 0 0 0 0 0 0 0 0 0 0 0 0 ]
P12 page table: [ 0 0 0 0 0 0 0 0 0 0 0 0 0 0 0 0 0 0 0 0 0 0 0 0 0 0 0 0 0 0 0 0 ]
P13 page table: [ 0 0 0 0 0 0 0 0 0 0 0 0 0 0 0 0 0 0 0 0 0 0 0 0 0 0 0 0 0 0 0 0 ]
P14 page table: [ 0 0 0 0 0 0 0 0 0 0 0 0 0 0 0 0 0 0 0 0 0 0 0 0 0 0 0 0 0 0 0 0 ]
P15 page table: [ 0 0 0 0 0 0 0 0 0 0 0 0 0 0 0 0 0 0 0 0 0 0 0 0 0 0 0 0 0 0 0 0 ]
P16 page table: [ 0 0 0 0 0 0 0 0 0 0 0 0 0 0 0 0 0 0 0 0 0 0 0 0 0 0 0 0 0 0 0 0 ]
P17 page table: [ 0 0 0 0 0 0 0 0 0 0 0 0 0 0 0 0 0 0 0 0 0 0 0 0 0 0 0 0 0 0 0 0 ]
