
oss: Current memory layout at time 0:001000000 is:
Frame	Occupied	DirtyBit	LastRefS	LastRefNano
Frame 0: No		0		0		0
Frame 1: No		0		0		0
Frame 2: Yes		1		5		719885386
Frame 3: Yes		1		2		350490027
Frame 4: No		0		0		0
Frame 5: No		0		0		0
Frame 6: No		0		0		0
Frame 7: No		0		0		0
Frame 8: Yes		0		6		35005211
Frame 9: No		0		0		0
Frame 10: Yes		0		0		278722862
Frame 11: No		0		0		0
Frame 12: No		0		0		0
Frame 13: No		0		0		0
Frame 14: No		0		0		0
Frame 15: Yes		0		9		125898167
Frame 16: No		0		0		0
Frame 17: No		0		0		0
Frame 18: No		0		0		0
Frame 19: No		0		0		0
Frame 20: Yes		1		9		608413784
Frame 21: No		0		0		0
Frame 22: No		0		0		0
Frame 23: No		0		0		0
Frame 24: No		0		0		0
Frame 25: Yes		0		1		424268980
Frame 26: No		0		0		0
Frame 27: Yes		0		6		135497281
Frame 28: Yes		0		7		572660336
Frame 29: No		0		0		0
Frame 30: No		0		0		0
Frame 31: Yes		1		4		84353895
Frame 32: Yes		0		7		610515434
Frame 33: No		0		0		0
Frame 34: Yes		1		8		945117276
Frame 35: No		0		0		0
Frame 36: No		0		0		0
Frame 37: Yes		1		4		474612399
Frame 38: Yes		0		8		943947739
Frame 39: No		0		0		0
Frame 40: No		0		0		0
Frame 41: Yes		1		5		463480570
Frame 42: No		0		0		0
Frame 43: No		0		0		0
Frame 44: No		0		0		0
Frame 45: Yes		0		7		603570492
Frame 46: No		0		0		0
Frame 47: No		0		0		0
Frame 48: No		0		0		0
Frame 49: No		0		0		0
Frame 50: No		0		0		0
Frame 51: No		0		0		0
Frame 52: Yes		0		9		221558440
Frame 53: Yes		1		7		7905771
Frame 54: Yes		1		7		631704567
Frame 55: No		0		0		0
Frame 56: No		0		0		0
Frame 57: Yes		1		6		703964683
Frame 58: No		0		0		0
Frame 59: No		0		0		0
Frame 60: No		0		0		0
Frame 61: Yes		1		3		515530019
Frame 62: Yes		0		5		373226340
Frame 63: Yes		1		8		168002245
Frame 64: No		0		0		0
Frame 65: Yes		1		9		622597488
Frame 66: No		0		0		0
Frame 67: No		0		0		0
Frame 68: No		0		0		0
Frame 69: No		0		0		0
Frame 70: No		0		0		0
Frame 71: No		0		0		0
Frame 72: No		0		0		0
Frame 73: No		0		0		0
Frame 74: Yes		1		6		275373743
Frame 75: Yes		1		9		760281936
Frame 76: No		0		0		0
Frame 77: No		0		0		0
Frame 78: No		0		0		0
Frame 79: No		0		0		0
Frame 80: No		0		0		0
Frame 81: No		0		0		0
Frame 82: Yes		0		5		239036029
Frame 83: No		0		0		0
Frame 84: Yes		0		8		789366143
Frame 85: Yes		1		6		597322404
Frame 86: No		0		0		0
Frame 87: No		0		0		0
Frame 88: No		0		0		0
Frame 89: No		0		0		0
Frame 90: No		0		0		0
Frame 91: No		0		0		0
Frame 92: No		0		0		0
Frame 93: No		0		0		0
Frame 94: Yes		1		7		504569917
Frame 95: Yes		1		0		359512183
Frame 96: No		0		0		0
Frame 97: No		0		0		0
Frame 98: No		0		0		0
Frame 99: No		0		0		0
Frame 100: No		0		0		0
Frame 101: Yes		1		4		272469786
Frame 102: Yes		0		4		933110197
Frame 103: Yes		0		8		502278611
Frame 104: No		0		0		0
Frame 105: Yes		1		6		392035568
Frame 106: No		0		0		0
Frame 107: No		0		0		0
Frame 108: No		0		0		0
Frame 109: No		0		0		0
Frame 110: Yes		1		0		308044878
Frame 111: No		0		0		0
Frame 112: Yes		0		6		977648522
Frame 113: No		0		0		0
Frame 114: No		0		0		0
Frame 115: No		0		0		0
Frame 116: Yes		0		7		473442062
Frame 117: No		0		0		0
Frame 118: Yes		0		9		431419379
Frame 119: No		0		0		0
Frame 120: No		0		0		0
Frame 121: No		0		0		0
Frame 122: Yes		1		0		776808933
Frame 123: No		0		0		0
Frame 124: No		0		0		0
Frame 125: Yes		1		9		501252996
Frame 126: Yes		1		8		25187190
Frame 127: No		0		0		0
Frame 128: No		0		0		0
Frame 129: No		0		0		0
Frame 130: No		0		0		0
Frame 131: Yes		0		6		876855542
Frame 132: Yes		1		6		856669179
Frame 133: Yes		0		8		625032172
Frame 134: Yes		0		0		295166342
Frame 135: No		0		0		0
Frame 136: Yes		1		2		70575321
Frame 137: No		0		0		0
Frame 138: No		0		0		0
Frame 139: No		0		0		0
Frame 140: Yes		1		1		797073940
Frame 141: No		0		0		0
Frame 142: No		0		0		0
Frame 143: Yes		0		4		555996658
Frame 144: Yes		0		9		780821396
Frame 145: No		0		0		0
Frame 146: Yes		0		2		253207672
Frame 147: No		0		0		0
Frame 148: No		0		0		0
Frame 149: Yes		1		0		343606042
Frame 150: No		0		0		0
Frame 151: No		0		0		0
Frame 152: No		0		0		0
Frame 153: No		0		0		0
Frame 154: Yes		1		1		566288819
Frame 155: No		0		0		0
Frame 156: Yes		0		4		882160379
Frame 157: No		0		0		0
Frame 158: Yes		0		5		858721860
Frame 159: No		0		0		0
Frame 160: No		0		0		0
Frame 161: No		0		0		0
Frame 162: No		0		0		0
Frame 163: No		0		0		0
Frame 164: No		0		0		0
Frame 165: No		0		0		0
Frame 166: No		0		0		0
Frame 167: No		0		0		0
Frame 168: No		0		0		0
Frame 169: No		0		0		0
Frame 170: Yes		0		2		110613202
Frame 171: No		0		0		0
Frame 172: No		0		0		0
Frame 173: No		0		0		0
Frame 174: Yes		0		9		242608872
Frame 175: Yes		0		6		908518808
Frame 176: No		0		0		0
Frame 177: No		0		0		0
Frame 178: Yes		1		8		501772890
Frame 179: Yes		0		8		364319529
Frame 180: No		0		0		0
Frame 181: Yes		1		9		886086990
Frame 182: No		0		0		0
Frame 183: No		0		0		0
Frame 184: Yes		1		2		344247686
Frame 185: Yes		0		5		315209188
Frame 186: Yes		0		0		430253414
Frame 187: Yes		0		8		828388027
Frame 188: No		0		0		0
Frame 189: No		0		0		0
Frame 190: No		0		0		0
Frame 191: No		0		0		0
Frame 192: No		0		0		0
Frame 193: Yes		1		9		395132002
Frame 194: Yes		0		1		498617647
Frame 195: Yes		1		5		812282134
Frame 196: No		0		0		0
Frame 197: No		0		0		0
Frame 198: Yes		0		9		722060049
Frame 199: Yes		1		3		472576335
Frame 200: Yes		0		1		2416949
Frame 201: Yes		0		2		841585795
Frame 202: No		0		0		0
Frame 203: Yes		0		2		672655340
Frame 204: Yes		0		2		780172261
Frame 205: Yes		1		3		516266761
Frame 206: Yes		0		5		500618996
Frame 207: Yes		0		0		186631626
Frame 208: No		0		0		0
Frame 209: No		0		0		0
Frame 210: No		0		0		0
Frame 211: No		0		0		0
Frame 212: Yes		0		6		877565100
Frame 213: Yes		0		6		707056552
Frame 214: Yes		0		0		708302647
Frame 215: No		0		0		0
Frame 216: Yes		1		3		281830857
Frame 217: No		0		0		0
Frame 218: No		0		0		0
Frame 219: No		0		0		0
Frame 220: Yes		0		0		788014412
Frame 221: Yes		1		9		104152274
Frame 222: No		0		0		0
Frame 223: No		0		0		0
Frame 224: No		0		0		0
Frame 225: Yes		0		8		873524566
Frame 226: No		0		0		0
Frame 227: No		0		0		0
Frame 228: No		0		0		0
Frame 229: Yes		0		9		137100237
Frame 230: Yes		1		8		478034945
Frame 231: Yes		0		3		993967637
Frame 232: Yes		1		8		930772757
Frame 233: No		0		0		0
Frame 234: Yes		0		9		39723618
Frame 235: No		0		0		0
Frame 236: No		0		0		0
Frame 237: Yes		1		7		645933681
Frame 238: Yes		0		9		712633417
Frame 239: No		0		0		0
Frame 240: No		0		0		0
Frame 241: No		0		0		0
Frame 242: No		0		0		0
Frame 243: No		0		0		0
Frame 244: No		0		0		0
Frame 245: No		0		0		0
Frame 246: Yes		0		0		858504292
Frame 247: No		0		0		0
Frame 248: No		0		0		0
Frame 249: Yes		1		4		280631491
Frame 250: No		0		0		0
Frame 251: No		0		0		0
Frame 252: Yes		1		0		19485054
Frame 253: No		0		0		0
Frame 254: No		0		0		0
Frame 255: No		0		0		0

Page Tables:
P0 page table: [ 0 0 0 0 0 0 0 0 0 0 0 0 0 0 0 0 0 0 0 0 0 0 0 0 0 0 0 0 0 0 0 0 ]
P1 page table: [ 0 0 0 0 0 0 0 0 0 0 0 0 0 0 0 0 0 0 0 0 0 0 0 0 0 0 0 0 0 0 0 0 ]
P2 page table: [ 0 0 0 0 0 0 0 0 0 0 0 0 0 0 0 0 0 0 0 0 0 0 0 0 0 0 0 0 0 0 0 0 ]
P3 page table: [ 0 0 0 0 0 0 0 0 0 0 0 0 0 0 0 0 0 0 0 0 0 0 0 0 0 0 0 0 0 0 0 0 ]
P4 page table: [ 0 0 0 0 0 0 0 0 0 0 0 0 0 0 0 0 0 0 0 0 0 0 0 0 0 0 0 0 0 0 0 0 ]
P5 page table: [ 0 0 0 0 0 0 0 0 0 0 0 0 0 0 0 0 0 0 0 0 0 0 0 0 0 0 0 0 0 0 0 0 ]
P6 page table: [ 0 0 0 0 0 0 0 0 0 0 0 0 0 0 0 0 0 0 0 0 0 0 0 0 0 0 0 0 0 0 0 0 ]
P7 page table: [ 0 0 0 0 0 0 0 0 0 0 0 0 0 0 0 0 0 0 0 0 0 0 0 0 0 0 0 0 0 0 0 0 ]
P8 page table: [ 0 0 0 0 0 0 0 0 0 0 0 0 0 0 0 0 0 0 0 0 0 0 0 0 0 0 0 0 0 0 0 0 ]
P9 page table: [ 0 0 0 0 0 0 0 0 0 0 0 0 0 0 0 0 0 0 0 0 0 0 0 0 0 0 0 0 0 0 0 0 ]
P10 page table: [ 0 0 0 0 0 0 0 0 0 0 0 0 0 0 0 0 0 0 0 0 0 0 0 0 0 0 0 0 0 0 0 0 ]
P11 page table: [ 0 0 0 0 0 0 0 0 0 0 0 0 0 0 0 0 0 0 0 0 0 0 0 0 0 0 0 0 0 0 0 0 ]
P12 page table: [ 0 0 0 0 0 0 0 0 0 0 0 0 0 0 0 0 0 0 0 0 0 0 0 0 0 0 0 0 0 0 0 0 ]
P13 page table: [ 0 0 0 0 0 0 0 0 0 0 0 0 0 0 0 0 0 0 0 0 0 0 0 0 0 0 0 0 0 0 0 0 ]
P14 page table: [ 0 0 0 0 0 0 0 0 0 0 0 0 0 0 0 0 0 0 0 0 0 0 0 0 0 0 0 0 0 0 0 0 ]
P15 page table: [ 0 0 0 0 0 0 0 0 0 0 0 0 0 0 0 0 0 0 0 0 0 0 0 0 0 0 0 0 0 0 0 0 ]
P16 page table: [ 0 0 0 0 0 0 0 0 0 0 0 0 0 0 0 0 0 0 0 0 0 0 0 0 0 0 0 0 0 0 0 0 ]
P17 page table: [ 0 0 0 0 0 0 0 0 0 0 0 0 0 0 0 0 0 0 0 0 0 0 0 0 0 0 0 0 0 0 0 0 ]

oss: Current memory layout at time 0:002000000 is:
Frame	Occupied	DirtyBit	LastRefS	LastRefNano
Frame 0: No		0		0		0
Frame 1: No		0		0		0
Frame 2: Yes		1		5		719885386
Frame 3: Yes		1		2		350490027
Frame 4: No		0		0		0
Frame 5: No		0		0		0
Frame 6: No		0		0		0
Frame 7: No		0		0		0
Frame 8: Yes		0		6		35005211
Frame 9: No		0		0		0
Frame 10: Yes		0		0		278722862
Frame 11: No		0		0		0
Frame 12: No		0		0		0
Frame 13: No		0		0		0
Frame 14: No		0		0		0
Frame 15: Yes		0		9		125898167
Frame 16: No		0		0		0
Frame 17: No		0		0		0
Frame 18: No		0		0		0
Frame 19: No		0		0		0
Frame 20: Yes		1		9		608413784
Frame 21: No		0		0		0
Frame 22: No		0		0		0
Frame 23: No		0		0		0
Frame 24: No		0		0		0
Frame 25: Yes		0		1		424268980
Frame 26: No		0		0		0
Frame 27: Yes		0		6		135497281
Frame 28: Yes		0		7		572660336
Frame 29: No		0		0		0
Frame 30: No		0		0		0
Frame 31: Yes		1		4		84353895
Frame 32: Yes		0		7		610515434
Frame 33: No		0		0		0
Frame 34: Yes		1		8		945117276
Frame 35: No		0		0		0
Frame 36: No		0		0		0
Frame 37: Yes		1		4		474612399
Frame 38: Yes		0		8		943947739
Frame 39: No		0		0		0
Frame 40: No		0		0		0
Frame 41: Yes		1		5		463480570
Frame 42: No		0		0		0
Frame 43: No		0		0		0
Frame 44: No		0		0		0
Frame 45: Yes		0		7		603570492
Frame 46: No		0		0		0
Frame 47: No		0		0		0
Frame 48: No		0		0		0
Frame 49: No		0		0		0
Frame 50: No		0		0		0
Frame 51: No		0		0		0
Frame 52: Yes		0		9		221558440
Frame 53: Yes		1		7		7905771
Frame 54: Yes		1		7		631704567
Frame 55: No		0		0		0
Frame 56: No		0		0		0
Frame 57: Yes		1		6		703964683
Frame 58: No		0		0		0
Frame 59: No		0		0		0
Frame 60: No		0		0		0
Frame 61: Yes		1		3		515530019
Frame 62: Yes		0		5		373226340
Frame 63: Yes		1		8		168002245
Frame 64: No		0		0		0
Frame 65: Yes		1		9		622597488
Frame 66: No		0		0		0
Frame 67: No		0		0		0
Frame 68: No		0		0		0
Frame 69: No		0		0		0
Frame 70: No		0		0		0
Frame 71: No		0		0		0
Frame 72: No		0		0		0
Frame 73: No		0		0		0
Frame 74: Yes		1		6		275373743
Frame 75: Yes		1		9		760281936
Frame 76: No		0		0		0
Frame 77: No		0		0		0
Frame 78: No		0		0		0
Frame 79: No		0		0		0
Frame 80: No		0		0		0
Frame 81: No		0		0		0
Frame 82: Yes		0		5		239036029
Frame 83: No		0		0		0
Frame 84: Yes		0		8		789366143
Frame 85: Yes		1		6		597322404
Frame 86: No		0		0		0
Frame 87: No		0		0		0
Frame 88: No		0		0		0
Frame 89: No		0		0		0
Frame 90: No		0		0		0
Frame 91: No		0		0		0
Frame 92: No		0		0		0
Frame 93: No		0		0		0
Frame 94: Yes		1		7		504569917
Frame 95: Yes		1		0		359512183
Frame 96: No		0		0		0
Frame 97: No		0		0		0
Frame 98: No		0		0		0
Frame 99: No		0		0		0
Frame 100: No		0		0		0
Frame 101: Yes		1		4		272469786
Frame 102: Yes		0		4		933110197
Frame 103: Yes		0		8		502278611
Frame 104: No		0		0		0
Frame 105: Yes		1		6		392035568
Frame 106: No		0		0		0
Frame 107: No		0		0		0
Frame 108: No		0		0		0
Frame 109: No		0		0		0
Frame 110: Yes		1		0		308044878
Frame 111: No		0		0		0
Frame 112: Yes		0		6		977648522
Frame 113: No		0		0		0
Frame 114: No		0		0		0
Frame 115: No		0		0		0
Frame 116: Yes		0		7		473442062
Frame 117: No		0		0		0
Frame 118: Yes		0		9		431419379
Frame 119: No		0		0		0
Frame 120: No		0		0		0
Frame 121: No		0		0		0
Frame 122: Yes		1		0		776808933
Frame 123: No		0		0		0
Frame 124: No		0		0		0
Frame 125: Yes		1		9		501252996
Frame 126: Yes		1		8		25187190
Frame 127: No		0		0		0
Frame 128: No		0		0		0
Frame 129: No		0		0		0
Frame 130: No		0		0		0
Frame 131: Yes		0		6		876855542
Frame 132: Yes		1		6		856669179
Frame 133: Yes		0		8		625032172
Frame 134: Yes		0		0		295166342
Frame 135: No		0		0		0
Frame 136: Yes		1		2		70575321
Frame 137: No		0		0		0
Frame 138: No		0		0		0
Frame 139: No		0		0		0
Frame 140: Yes		1		1		797073940
Frame 141: No		0		0		0
Frame 142: No		0		0		0
Frame 143: Yes		0		4		555996658
Frame 144: Yes		0		9		780821396
Frame 145: No		0		0		0
Frame 146: Yes		0		2		253207672
Frame 147: No		0		0		0
Frame 148: No		0		0		0
Frame 149: Yes		1		0		343606042
Frame 150: No		0		0		0
Frame 151: No		0		0		0
Frame 152: No		0		0		0
Frame 153: No		0		0		0
Frame 154: Yes		1		1		566288819
Frame 155: No		0		0		0
Frame 156: Yes		0		4		882160379
Frame 157: No		0		0		0
Frame 158: Yes		0		5		858721860
Frame 159: No		0		0		0
Frame 160: No		0		0		0
Frame 161: No		0		0		0
Frame 162: No		0		0		0
Frame 163: No		0		0		0
Frame 164: No		0		0		0
Frame 165: No		0		0		0
Frame 166: No		0		0		0
Frame 167: No		0		0		0
Frame 168: No		0		0		0
Frame 169: No		0		0		0
Frame 170: Yes		0		2		110613202
Frame 171: No		0		0		0
Frame 172: No		0		0		0
Frame 173: No		0		0		0
Frame 174: Yes		0		9		242608872
Frame 175: Yes		0		6		908518808
Frame 176: No		0		0		0
Frame 177: No		0		0		0
Frame 178: Yes		1		8		501772890
Frame 179: Yes		0		8		364319529
Frame 180: No		0		0		0
Frame 181: Yes		1		9		886086990
Frame 182: No		0		0		0
Frame 183: No		0		0		0
Frame 184: Yes		1		2		344247686
Frame 185: Yes		0		5		315209188
Frame 186: Yes		0		0		430253414
Frame 187: Yes		0		8		828388027
Frame 188: No		0		0		0
Frame 189: No		0		0		0
Frame 190: No		0		0		0
Frame 191: No		0		0		0
Frame 192: No		0		0		0
Frame 193: Yes		1		9		395132002
Frame 194: Yes		0		1		498617647
Frame 195: Yes		1		5		812282134
Frame 196: No		0		0		0
Frame 197: No		0		0		0
Frame 198: Yes		0		9		722060049
Frame 199: Yes		1		3		472576335
Frame 200: Yes		0		1		2416949
Frame 201: Yes		0		2		841585795
Frame 202: No		0		0		0
Frame 203: Yes		0		2		672655340
Frame 204: Yes		0		2		780172261
Frame 205: Yes		1		3		516266761
Frame 206: Yes		0		5		500618996
Frame 207: Yes		0		0		186631626
Frame 208: No		0		0		0
Frame 209: No		0		0		0
Frame 210: No		0		0		0
Frame 211: No		0		0		0
Frame 212: Yes		0		6		877565100
Frame 213: Yes		0		6		707056552
Frame 214: Yes		0		0		708302647
Frame 215: No		0		0		0
Frame 216: Yes		1		3		281830857
Frame 217: No		0		0		0
Frame 218: No		0		0		0
Frame 219: No		0		0		0
Frame 220: Yes		0		0		788014412
Frame 221: Yes		1		9		104152274
Frame 222: No		0		0		0
Frame 223: No		0		0		0
Frame 224: No		0		0		0
Frame 225: Yes		0		8		873524566
Frame 226: No		0		0		0
Frame 227: No		0		0		0
Frame 228: No		0		0		0
Frame 229: Yes		0		9		137100237
Frame 230: Yes		1		8		478034945
Frame 231: Yes		0		3		993967637
Frame 232: Yes		1		8		930772757
Frame 233: No		0		0		0
Frame 234: Yes		0		9		39723618
Frame 235: No		0		0		0
Frame 236: No		0		0		0
Frame 237: Yes		1		7		645933681
Frame 238: Yes		0		9		712633417
Frame 239: No		0		0		0
Frame 240: No		0		0		0
Frame 241: No		0		0		0
Frame 242: No		0		0		0
Frame 243: No		0		0		0
Frame 244: No		0		0		0
Frame 245: No		0		0		0
Frame 246: Yes		0		0		858504292
Frame 247: No		0		0		0
Frame 248: No		0		0		0
Frame 249: Yes		1		4		280631491
Frame 250: No		0		0		0
Frame 251: No		0		0		0
Frame 252: Yes		1		0		19485054
Frame 253: No		0		0		0
Frame 254: No		0		0		0
Frame 255: No		0		0		0

Page Tables:
P0 page table: [ 0 0 0 0 0 0 0 0 0 0 0 0 0 0 0 0 0 0 0 0 0 0 0 0 0 0 0 0 0 0 0 0 ]
P1 page table: [ 0 0 0 0 0 0 0 0 0 0 0 0 0 0 0 0 0 0 0 0 0 0 0 0 0 0 0 0 0 0 0 0 ]
P2 page table: [ 0 0 0 0 0 0 0 0 0 0 0 0 0 0 0 0 0 0 0 0 0 0 0 0 0 0 0 0 0 0 0 0 ]
P3 page table: [ 0 0 0 0 0 0 0 0 0 0 0 0 0 0 0 0 0 0 0 0 0 0 0 0 0 0 0 0 0 0 0 0 ]
P4 page table: [ 0 0 0 0 0 0 0 0 0 0 0 0 0 0 0 0 0 0 0 0 0 0 0 0 0 0 0 0 0 0 0 0 ]
P5 page table: [ 0 0 0 0 0 0 0 0 0 0 0 0 0 0 0 0 0 0 0 0 0 0 0 0 0 0 0 0 0 0 0 0 ]
P6 page table: [ 0 0 0 0 0 0 0 0 0 0 0 0 0 0 0 0 0 0 0 0 0 0 0 0 0 0 0 0 0 0 0 0 ]
P7 page table: [ 0 0 0 0 0 0 0 0 0 0 0 0 0 0 0 0 0 0 0 0 0 0 0 0 0 0 0 0 0 0 0 0 ]
P8 page table: [ 0 0 0 0 0 0 0 0 0 0 0 0 0 0 0 0 0 0 0 0 0 0 0 0 0 0 0 0 0 0 0 0 ]
P9 page table: [ 0 0 0 0 0 0 0 0 0 0 0 0 0 0 0 0 0 0 0 0 0 0 0 0 0 0 0 0 0 0 0 0 ]
P10 page table: [ 0 0 0 0 0 0 0 0 0 0 0 0 0 0 0 0 0 0 0 0 0 0 0 0 0 0 0 0 0 0 0 0 ]
P11 page table: [ 0 0 0 0 0 0 0 0 0 0 0 0 0 0 0 0 0 0 0 0 0 0 0 0 0 0 0 0 0 0 0 0 ]
P12 page table: [ 0 0 0 0 0 0 0 0 0 0 0 0 0 0 0 0 0 0 0 0 0 0 0 0 0 0 0 0 0 0 0 0 ]
P13 page table: [ 0 0 0 0 0 0 0 0 0 0 0 0 0 0 0 0 0 0 0 0 0 0 0 0 0 0 0 0 0 0 0 0 ]
P14 page table: [ 0 0 0 0 0 0 0 0 0 0 0 0 0 0 0 0 0 0 0 0 0 0 0 0 0 0 0 0 0 0 0 0 ]
P15 page table: [ 0 0 0 0 0 0 0 0 0 0 0 0 0 0 0 0 0 0 0 0 0 0 0 0 0 0 0 0 0 0 0 0 ]
P16 page table: [ 0 0 0 0 0 0 0 0 0 0 0 0 0 0 0 0 0 0 0 0 0 0 0 0 0 0 0 0 0 0 0 0 ]
P17 page table: [ 0 0 0 0 0 0 0 0 0 0 0 0 0 0 0 0 0 0 0 0 0 0 0 0 0 0 0 0 0 0 0 0 ]

oss: Current memory layout at time 0:003000000 is:
Frame	Occupied	DirtyBit	LastRefS	LastRefNano
Frame 0: No		0		0		0
Frame 1: No		0		0		0
Frame 2: Yes		1		5		719885386
Frame 3: Yes		1		2		350490027
Frame 4: No		0		0		0
Frame 5: No		0		0		0
Frame 6: No		0		0		0
Frame 7: No		0		0		0
Frame 8: Yes		0		6		35005211
Frame 9: No		0		0		0
Frame 10: Yes		0		0		278722862
Frame 11: No		0		0		0
Frame 12: No		0		0		0
Frame 13: No		0		0		0
Frame 14: No		0		0		0
Frame 15: Yes		0		9		125898167
Frame 16: No		0		0		0
Frame 17: No		0		0		0
Frame 18: No		0		0		0
Frame 19: No		0		0		0
Frame 20: Yes		1		9		608413784
Frame 21: No		0		0		0
Frame 22: No		0		0		0
Frame 23: No		0		0		0
Frame 24: No		0		0		0
Frame 25: Yes		0		1		424268980
Frame 26: No		0		0		0
Frame 27: Yes		0		6		135497281
Frame 28: Yes		0		7		572660336
Frame 29: No		0		0		0
Frame 30: No		0		0		0
Frame 31: Yes		1		4		84353895
Frame 32: Yes		0		7		610515434
Frame 33: No		0		0		0
Frame 34: Yes		1		8		945117276
Frame 35: No		0		0		0
Frame 36: No		0		0		0
Frame 37: Yes		1		4		474612399
Frame 38: Yes		0		8		943947739
Frame 39: No		0		0		0
Frame 40: No		0		0		0
Frame 41: Yes		1		5		463480570
Frame 42: No		0		0		0
Frame 43: No		0		0		0
Frame 44: No		0		0		0
Frame 45: Yes		0		7		603570492
Frame 46: No		0		0		0
Frame 47: No		0		0		0
Frame 48: No		0		0		0
Frame 49: No		0		0		0
Frame 50: No		0		0		0
Frame 51: No		0		0		0
Frame 52: Yes		0		9		221558440
Frame 53: Yes		1		7		7905771
Frame 54: Yes		1		7		631704567
Frame 55: No		0		0		0
Frame 56: No		0		0		0
Frame 57: Yes		1		6		703964683
Frame 58: No		0		0		0
Frame 59: No		0		0		0
Frame 60: No		0		0		0
Frame 61: Yes		1		3		515530019
Frame 62: Yes		0		5		373226340
Frame 63: Yes		1		8		168002245
Frame 64: No		0		0		0
Frame 65: Yes		1		9		622597488
Frame 66: No		0		0		0
Frame 67: No		0		0		0
Frame 68: No		0		0		0
Frame 69: No		0		0		0
Frame 70: No		0		0		0
Frame 71: No		0		0		0
Frame 72: No		0		0		0
Frame 73: No		0		0		0
Frame 74: Yes		1		6		275373743
Frame 75: Yes		1		9		760281936
Frame 76: No		0		0		0
Frame 77: No		0		0		0
Frame 78: No		0		0		0
Frame 79: No		0		0		0
Frame 80: No		0		0		0
Frame 81: No		0		0		0
Frame 82: Yes		0		5		239036029
Frame 83: No		0		0		0
Frame 84: Yes		0		8		789366143
Frame 85: Yes		1		6		597322404
Frame 86: No		0		0		0
Frame 87: No		0		0		0
Frame 88: No		0		0		0
Frame 89: No		0		0		0
Frame 90: No		0		0		0
Frame 91: No		0		0		0
Frame 92: No		0		0		0
Frame 93: No		0		0		0
Frame 94: Yes		1		7		504569917
Frame 95: Yes		1		0		359512183
Frame 96: No		0		0		0
Frame 97: No		0		0		0
Frame 98: No		0		0		0
Frame 99: No		0		0		0
Frame 100: No		0		0		0
Frame 101: Yes		1		4		272469786
Frame 102: Yes		0		4		933110197
Frame 103: Yes		0		8		502278611
Frame 104: No		0		0		0
Frame 105: Yes		1		6		392035568
Frame 106: No		0		0		0
Frame 107: No		0		0		0
Frame 108: No		0		0		0
Frame 109: No		0		0		0
Frame 110: Yes		1		0		308044878
Frame 111: No		0		0		0
Frame 112: Yes		0		6		977648522
Frame 113: No		0		0		0
Frame 114: No		0		0		0
Frame 115: No		0		0		0
Frame 116: Yes		0		7		473442062
Frame 117: No		0		0		0
Frame 118: Yes		0		9		431419379
Frame 119: No		0		0		0
Frame 120: No		0		0		0
Frame 121: No		0		0		0
Frame 122: Yes		1		0		776808933
Frame 123: No		0		0		0
Frame 124: No		0		0		0
Frame 125: Yes		1		9		501252996
Frame 126: Yes		1		8		25187190
Frame 127: No		0		0		0
Frame 128: No		0		0		0
Frame 129: No		0		0		0
Frame 130: No		0		0		0
Frame 131: Yes		0		6		876855542
Frame 132: Yes		1		6		856669179
Frame 133: Yes		0		8		625032172
Frame 134: Yes		0		0		295166342
Frame 135: No		0		0		0
Frame 136: Yes		1		2		70575321
Frame 137: No		0		0		0
Frame 138: No		0		0		0
Frame 139: No		0		0		0
Frame 140: Yes		1		1		797073940
Frame 141: No		0		0		0
Frame 142: No		0		0		0
Frame 143: Yes		0		4		555996658
Frame 144: Yes		0		9		780821396
Frame 145: No		0		0		0
Frame 146: Yes		0		2		253207672
Frame 147: No		0		0		0
Frame 148: No		0		0		0
Frame 149: Yes		1		0		343606042
Frame 150: No		0		0		0
Frame 151: No		0		0		0
Frame 152: No		0		0		0
Frame 153: No		0		0		0
Frame 154: Yes		1		1		566288819
Frame 155: No		0		0		0
Frame 156: Yes		0		4		882160379
Frame 157: No		0		0		0
Frame 158: Yes		0		5		858721860
Frame 159: No		0		0		0
Frame 160: No		0		0		0
Frame 161: No		0		0		0
Frame 162: No		0		0		0
Frame 163: No		0		0		0
Frame 164: No		0		0		0
Frame 165: No		0		0		0
Frame 166: No		0		0		0
Frame 167: No		0		0		0
Frame 168: No		0		0		0
Frame 169: No		0		0		0
Frame 170: Yes		0		2		110613202
Frame 171: No		0		0		0
Frame 172: No		0		0		0
Frame 173: No		0		0		0
Frame 174: Yes		0		9		242608872
Frame 175: Yes		0		6		908518808
Frame 176: No		0		0		0
Frame 177: No		0		0		0
Frame 178: Yes		1		8		501772890
Frame 179: Yes		0		8		364319529
Frame 180: No		0		0		0
Frame 181: Yes		1		9		886086990
Frame 182: No		0		0		0
Frame 183: No		0		0		0
Frame 184: Yes		1		2		344247686
Frame 185: Yes		0		5		315209188
Frame 186: Yes		0		0		430253414
Frame 187: Yes		0		8		828388027
Frame 188: No		0		0		0
Frame 189: No		0		0		0
Frame 190: No		0		0		0
Frame 191: No		0		0		0
Frame 192: No		0		0		0
Frame 193: Yes		1		9		395132002
Frame 194: Yes		0		1		498617647
Frame 195: Yes		1		5		812282134
Frame 196: No		0		0		0
Frame 197: No		0		0		0
Frame 198: Yes		0		9		722060049
Frame 199: Yes		1		3		472576335
Frame 200: Yes		0		1		2416949
Frame 201: Yes		0		2		841585795
Frame 202: No		0		0		0
Frame 203: Yes		0		2		672655340
Frame 204: Yes		0		2		780172261
Frame 205: Yes		1		3		516266761
Frame 206: Yes		0		5		500618996
Frame 207: Yes		0		0		186631626
Frame 208: No		0		0		0
Frame 209: No		0		0		0
Frame 210: No		0		0		0
Frame 211: No		0		0		0
Frame 212: Yes		0		6		877565100
Frame 213: Yes		0		6		707056552
Frame 214: Yes		0		0		708302647
Frame 215: No		0		0		0
Frame 216: Yes		1		3		281830857
Frame 217: No		0		0		0
Frame 218: No		0		0		0
Frame 219: No		0		0		0
Frame 220: Yes		0		0		788014412
Frame 221: Yes		1		9		104152274
Frame 222: No		0		0		0
Frame 223: No		0		0		0
Frame 224: No		0		0		0
Frame 225: Yes		0		8		873524566
Frame 226: No		0		0		0
Frame 227: No		0		0		0
Frame 228: No		0		0		0
Frame 229: Yes		0		9		137100237
Frame 230: Yes		1		8		478034945
Frame 231: Yes		0		3		993967637
Frame 232: Yes		1		8		930772757
Frame 233: No		0		0		0
Frame 234: Yes		0		9		39723618
Frame 235: No		0		0		0
Frame 236: No		0		0		0
Frame 237: Yes		1		7		645933681
Frame 238: Yes		0		9		712633417
Frame 239: No		0		0		0
Frame 240: No		0		0		0
Frame 241: No		0		0		0
Frame 242: No		0		0		0
Frame 243: No		0		0		0
Frame 244: No		0		0		0
Frame 245: No		0		0		0
Frame 246: Yes		0		0		858504292
Frame 247: No		0		0		0
Frame 248: No		0		0		0
Frame 249: Yes		1		4		280631491
Frame 250: No		0		0		0
Frame 251: No		0		0		0
Frame 252: Yes		1		0		19485054
Frame 253: No		0		0		0
Frame 254: No		0		0		0
Frame 255: No		0		0		0

Page Tables:
P0 page table: [ 0 0 0 0 0 0 0 0 0 0 0 0 0 0 0 0 0 0 0 0 0 0 0 0 0 0 0 0 0 0 0 0 ]
P1 page table: [ 0 0 0 0 0 0 0 0 0 0 0 0 0 0 0 0 0 0 0 0 0 0 0 0 0 0 0 0 0 0 0 0 ]
P2 page table: [ 0 0 0 0 0 0 0 0 0 0 0 0 0 0 0 0 0 0 0 0 0 0 0 0 0 0 0 0 0 0 0 0 ]
P3 page table: [ 0 0 0 0 0 0 0 0 0 0 0 0 0 0 0 0 0 0 0 0 0 0 0 0 0 0 0 0 0 0 0 0 ]
P4 page table: [ 0 0 0 0 0 0 0 0 0 0 0 0 0 0 0 0 0 0 0 0 0 0 0 0 0 0 0 0 0 0 0 0 ]
P5 page table: [ 0 0 0 0 0 0 0 0 0 0 0 0 0 0 0 0 0 0 0 0 0 0 0 0 0 0 0 0 0 0 0 0 ]
P6 page table: [ 0 0 0 0 0 0 0 0 0 0 0 0 0 0 0 0 0 0 0 0 0 0 0 0 0 0 0 0 0 0 0 0 ]
P7 page table: [ 0 0 0 0 0 0 0 0 0 0 0 0 0 0 0 0 0 0 0 0 0 0 0 0 0 0 0 0 0 0 0 0 ]
P8 page table: [ 0 0 0 0 0 0 0 0 0 0 0 0 0 0 0 0 0 0 0 0 0 0 0 0 0 0 0 0 0 0 0 0 ]
P9 page table: [ 0 0 0 0 0 0 0 0 0 0 0 0 0 0 0 0 0 0 0 0 0 0 0 0 0 0 0 0 0 0 0 0 ]
P10 page table: [ 0 0 0 0 0 0 0 0 0 0 0 0 0 0 0 0 0 0 0 0 0 0 0 0 0 0 0 0 0 0 0 0 ]
P11 page table: [ 0 0 0 0 0 0 0 0 0 0 0 0 0 0 0 0 0 0 0 0 0 0 0 0 0 0 0 0 0 0 0 0 ]
P12 page table: [ 0 0 0 0 0 0 0 0 0 0 0 0 0 0 0 0 0 0 0 0 0 0 0 0 0 0 0 0 0 0 0 0 ]
P13 page table: [ 0 0 0 0 0 0 0 0 0 0 0 0 0 0 0 0 0 0 0 0 0 0 0 0 0 0 0 0 0 0 0 0 ]
P14 page table: [ 0 0 0 0 0 0 0 0 0 0 0 0 0 0 0 0 0 0 0 0 0 0 0 0 0 0 0 0 0 0 0 0 ]
P15 page table: [ 0 0 0 0 0 0 0 0 0 0 0 0 0 0 0 0 0 0 0 0 0 0 0 0 0 0 0 0 0 0 0 0 ]
P16 page table: [ 0 0 0 0 0 0 0 0 0 0 0 0 0 0 0 0 0 0 0 0 0 0 0 0 0 0 0 0 0 0 0 0 ]
P17 page table: [ 0 0 0 0 0 0 0 0 0 0 0 0 0 0 0 0 0 0 0 0 0 0 0 0 0 0 0 0 0 0 0 0 ]

oss: Current memory layout at time 0:004000000 is:
Frame	Occupied	DirtyBit	LastRefS	LastRefNano
Frame 0: No		0		0		0
Frame 1: No		0		0		0
Frame 2: Yes		1		5		719885386
Frame 3: Yes		1		2		350490027
Frame 4: No		0		0		0
Frame 5: No		0		0		0
Frame 6: No		0		0		0
Frame 7: No		0		0		0
Frame 8: Yes		0		6		35005211
Frame 9: No		0		0		0
Frame 10: Yes		0		0		278722862
Frame 11: No		0		0		0
Frame 12: No		0		0		0
Frame 13: No		0		0		0
Frame 14: No		0		0		0
Frame 15: Yes		0		9		125898167
Frame 16: No		0		0		0
Frame 17: No		0		0		0
Frame 18: No		0		0		0
Frame 19: No		0		0		0
Frame 20: Yes		1		9		608413784
Frame 21: No		0		0		0
Frame 22: No		0		0		0
Frame 23: No		0		0		0
Frame 24: No		0		0		0
Frame 25: Yes		0		1		424268980
Frame 26: No		0		0		0
Frame 27: Yes		0		6		135497281
Frame 28: Yes		0		7		572660336
Frame 29: No		0		0		0
Frame 30: No		0		0		0
Frame 31: Yes		1		4		84353895
Frame 32: Yes		0		7		610515434
Frame 33: No		0		0		0
Frame 34: Yes		1		8		945117276
Frame 35: No		0		0		0
Frame 36: No		0		0		0
Frame 37: Yes		1		4		474612399
Frame 38: Yes		0		8		943947739
Frame 39: No		0		0		0
Frame 40: No		0		0		0
Frame 41: Yes		1		5		463480570
Frame 42: No		0		0		0
Frame 43: No		0		0		0
Frame 44: No		0		0		0
Frame 45: Yes		0		7		603570492
Frame 46: No		0		0		0
Frame 47: No		0		0		0
Frame 48: No		0		0		0
Frame 49: No		0		0		0
Frame 50: No		0		0		0
Frame 51: No		0		0		0
Frame 52: Yes		0		9		221558440
Frame 53: Yes		1		7		7905771
Frame 54: Yes		1		7		631704567
Frame 55: No		0		0		0
Frame 56: No		0		0		0
Frame 57: Yes		1		6		703964683
Frame 58: No		0		0		0
Frame 59: No		0		0		0
Frame 60: No		0		0		0
Frame 61: Yes		1		3		515530019
Frame 62: Yes		0		5		373226340
Frame 63: Yes		1		8		168002245
Frame 64: No		0		0		0
Frame 65: Yes		1		9		622597488
Frame 66: No		0		0		0
Frame 67: No		0		0		0
Frame 68: No		0		0		0
Frame 69: No		0		0		0
Frame 70: No		0		0		0
Frame 71: No		0		0		0
Frame 72: No		0		0		0
Frame 73: No		0		0		0
Frame 74: Yes		1		6		275373743
Frame 75: Yes		1		9		760281936
Frame 76: No		0		0		0
Frame 77: No		0		0		0
Frame 78: No		0		0		0
Frame 79: No		0		0		0
Frame 80: No		0		0		0
Frame 81: No		0		0		0
Frame 82: Yes		0		5		239036029
Frame 83: No		0		0		0
Frame 84: Yes		0		8		789366143
Frame 85: Yes		1		6		597322404
Frame 86: No		0		0		0
Frame 87: No		0		0		0
Frame 88: No		0		0		0
Frame 89: No		0		0		0
Frame 90: No		0		0		0
Frame 91: No		0		0		0
Frame 92: No		0		0		0
Frame 93: No		0		0		0
Frame 94: Yes		1		7		504569917
Frame 95: Yes		1		0		359512183
Frame 96: No		0		0		0
Frame 97: No		0		0		0
Frame 98: No		0		0		0
Frame 99: No		0		0		0
Frame 100: No		0		0		0
Frame 101: Yes		1		4		272469786
Frame 102: Yes		0		4		933110197
Frame 103: Yes		0		8		502278611
Frame 104: No		0		0		0
Frame 105: Yes		1		6		392035568
Frame 106: No		0		0		0
Frame 107: No		0		0		0
Frame 108: No		0		0		0
Frame 109: No		0		0		0
Frame 110: Yes		1		0		308044878
Frame 111: No		0		0		0
Frame 112: Yes		0		6		977648522
Frame 113: No		0		0		0
Frame 114: No		0		0		0
Frame 115: No		0		0		0
Frame 116: Yes		0		7		473442062
Frame 117: No		0		0		0
Frame 118: Yes		0		9		431419379
Frame 119: No		0		0		0
Frame 120: No		0		0		0
Frame 121: No		0		0		0
Frame 122: Yes		1		0		776808933
Frame 123: No		0		0		0
Frame 124: No		0		0		0
Frame 125: Yes		1		9		501252996
Frame 126: Yes		1		8		25187190
Frame 127: No		0		0		0
Frame 128: No		0		0		0
Frame 129: No		0		0		0
Frame 130: No		0		0		0
Frame 131: Yes		0		6		876855542
Frame 132: Yes		1		6		856669179
Frame 133: Yes		0		8		625032172
Frame 134: Yes		0		0		295166342
Frame 135: No		0		0		0
Frame 136: Yes		1		2		70575321
Frame 137: No		0		0		0
Frame 138: No		0		0		0
Frame 139: No		0		0		0
Frame 140: Yes		1		1		797073940
Frame 141: No		0		0		0
Frame 142: No		0		0		0
Frame 143: Yes		0		4		555996658
Frame 144: Yes		0		9		780821396
Frame 145: No		0		0		0
Frame 146: Yes		0		2		253207672
Frame 147: No		0		0		0
Frame 148: No		0		0		0
Frame 149: Yes		1		0		343606042
Frame 150: No		0		0		0
Frame 151: No		0		0		0
Frame 152: No		0		0		0
Frame 153: No		0		0		0
Frame 154: Yes		1		1		566288819
Frame 155: No		0		0		0
Frame 156: Yes		0		4		882160379
Frame 157: No		0		0		0
Frame 158: Yes		0		5		858721860
Frame 159: No		0		0		0
Frame 160: No		0		0		0
Frame 161: No		0		0		0
Frame 162: No		0		0		0
Frame 163: No		0		0		0
Frame 164: No		0		0		0
Frame 165: No		0		0		0
Frame 166: No		0		0		0
Frame 167: No		0		0		0
Frame 168: No		0		0		0
Frame 169: No		0		0		0
Frame 170: Yes		0		2		110613202
Frame 171: No		0		0		0
Frame 172: No		0		0		0
Frame 173: No		0		0		0
Frame 174: Yes		0		9		242608872
Frame 175: Yes		0		6		908518808
Frame 176: No		0		0		0
Frame 177: No		0		0		0
Frame 178: Yes		1		8		501772890
Frame 179: Yes		0		8		364319529
Frame 180: No		0		0		0
Frame 181: Yes		1		9		886086990
Frame 182: No		0		0		0
Frame 183: No		0		0		0
Frame 184: Yes		1		2		344247686
Frame 185: Yes		0		5		315209188
Frame 186: Yes		0		0		430253414
Frame 187: Yes		0		8		828388027
Frame 188: No		0		0		0
Frame 189: No		0		0		0
Frame 190: No		0		0		0
Frame 191: No		0		0		0
Frame 192: No		0		0		0
Frame 193: Yes		1		9		395132002
Frame 194: Yes		0		1		498617647
Frame 195: Yes		1		5		812282134
Frame 196: No		0		0		0
Frame 197: No		0		0		0
Frame 198: Yes		0		9		722060049
Frame 199: Yes		1		3		472576335
Frame 200: Yes		0		1		2416949
Frame 201: Yes		0		2		841585795
Frame 202: No		0		0		0
Frame 203: Yes		0		2		672655340
Frame 204: Yes		0		2		780172261
Frame 205: Yes		1		3		516266761
Frame 206: Yes		0		5		500618996
Frame 207: Yes		0		0		186631626
Frame 208: No		0		0		0
Frame 209: No		0		0		0
Frame 210: No		0		0		0
Frame 211: No		0		0		0
Frame 212: Yes		0		6		877565100
Frame 213: Yes		0		6		707056552
Frame 214: Yes		0		0		708302647
Frame 215: No		0		0		0
Frame 216: Yes		1		3		281830857
Frame 217: No		0		0		0
Frame 218: No		0		0		0
Frame 219: No		0		0		0
Frame 220: Yes		0		0		788014412
Frame 221: Yes		1		9		104152274
Frame 222: No		0		0		0
Frame 223: No		0		0		0
Frame 224: No		0		0		0
Frame 225: Yes		0		8		873524566
Frame 226: No		0		0		0
Frame 227: No		0		0		0
Frame 228: No		0		0		0
Frame 229: Yes		0		9		137100237
Frame 230: Yes		1		8		478034945
Frame 231: Yes		0		3		993967637
Frame 232: Yes		1		8		930772757
Frame 233: No		0		0		0
Frame 234: Yes		0		9		39723618
Frame 235: No		0		0		0
Frame 236: No		0		0		0
Frame 237: Yes		1		7		645933681
Frame 238: Yes		0		9		712633417
Frame 239: No		0		0		0
Frame 240: No		0		0		0
Frame 241: No		0		0		0
Frame 242: No		0		0		0
Frame 243: No		0		0		0
Frame 244: No		0		0		0
Frame 245: No		0		0		0
Frame 246: Yes		0		0		858504292
Frame 247: No		0		0		0
Frame 248: No		0		0		0
Frame 249: Yes		1		4		280631491
Frame 250: No		0		0		0
Frame 251: No		0		0		0
Frame 252: Yes		1		0		19485054
Frame 253: No		0		0		0
Frame 254: No		0		0		0
Frame 255: No		0		0		0

Page Tables:
P0 page table: [ 0 0 0 0 0 0 0 0 0 0 0 0 0 0 0 0 0 0 0 0 0 0 0 0 0 0 0 0 0 0 0 0 ]
P1 page table: [ 0 0 0 0 0 0 0 0 0 0 0 0 0 0 0 0 0 0 0 0 0 0 0 0 0 0 0 0 0 0 0 0 ]
P2 page table: [ 0 0 0 0 0 0 0 0 0 0 0 0 0 0 0 0 0 0 0 0 0 0 0 0 0 0 0 0 0 0 0 0 ]
P3 page table: [ 0 0 0 0 0 0 0 0 0 0 0 0 0 0 0 0 0 0 0 0 0 0 0 0 0 0 0 0 0 0 0 0 ]
P4 page table: [ 0 0 0 0 0 0 0 0 0 0 0 0 0 0 0 0 0 0 0 0 0 0 0 0 0 0 0 0 0 0 0 0 ]
P5 page table: [ 0 0 0 0 0 0 0 0 0 0 0 0 0 0 0 0 0 0 0 0 0 0 0 0 0 0 0 0 0 0 0 0 ]
P6 page table: [ 0 0 0 0 0 0 0 0 0 0 0 0 0 0 0 0 0 0 0 0 0 0 0 0 0 0 0 0 0 0 0 0 ]
P7 page table: [ 0 0 0 0 0 0 0 0 0 0 0 0 0 0 0 0 0 0 0 0 0 0 0 0 0 0 0 0 0 0 0 0 ]
P8 page table: [ 0 0 0 0 0 0 0 0 0 0 0 0 0 0 0 0 0 0 0 0 0 0 0 0 0 0 0 0 0 0 0 0 ]
P9 page table: [ 0 0 0 0 0 0 0 0 0 0 0 0 0 0 0 0 0 0 0 0 0 0 0 0 0 0 0 0 0 0 0 0 ]
P10 page table: [ 0 0 0 0 0 0 0 0 0 0 0 0 0 0 0 0 0 0 0 0 0 0 0 0 0 0 0 0 0 0 0 0 ]
P11 page table: [ 0 0 0 0 0 0 0 0 0 0 0 0 0 0 0 0 0 0 0 0 0 0 0 0 0 0 0 0 0 0 0 0 ]
P12 page table: [ 0 0 0 0 0 0 0 0 0 0 0 0 0 0 0 0 0 0 0 0 0 0 0 0 0 0 0 0 0 0 0 0 ]
P13 page table: [ 0 0 0 0 0 0 0 0 0 0 0 0 0 0 0 0 0 0 0 0 0 0 0 0 0 0 0 0 0 0 0 0 ]
P14 page table: [ 0 0 0 0 0 0 0 0 0 0 0 0 0 0 0 0 0 0 0 0 0 0 0 0 0 0 0 0 0 0 0 0 ]
P15 page table: [ 0 0 0 0 0 0 0 0 0 0 0 0 0 0 0 0 0 0 0 0 0 0 0 0 0 0 0 0 0 0 0 0 ]
P16 page table: [ 0 0 0 0 0 0 0 0 0 0 0 0 0 0 0 0 0 0 0 0 0 0 0 0 0 0 0 0 0 0 0 0 ]
P17 page table: [ 0 0 0 0 0 0 0 0 0 0 0 0 0 0 0 0 0 0 0 0 0 0 0 0 0 0 0 0 0 0 0 0 ]

oss: Current memory layout at time 0:005000000 is:
Frame	Occupied	DirtyBit	LastRefS	LastRefNano
Frame 0: No		0		0		0
Frame 1: No		0		0		0
Frame 2: Yes		1		5		719885386
Frame 3: Yes		1		2		350490027
Frame 4: No		0		0		0
Frame 5: No		0		0		0
Frame 6: No		0		0		0
Frame 7: No		0		0		0
Frame 8: Yes		0		6		35005211
Frame 9: No		0		0		0
Frame 10: Yes		0		0		278722862
Frame 11: No		0		0		0
Frame 12: No		0		0		0
Frame 13: No		0		0		0
Frame 14: No		0		0		0
Frame 15: Yes		0		9		125898167
Frame 16: No		0		0		0
Frame 17: No		0		0		0
Frame 18: No		0		0		0
Frame 19: No		0		0		0
Frame 20: Yes		1		9		608413784
Frame 21: No		0		0		0
Frame 22: No		0		0		0
Frame 23: No		0		0		0
Frame 24: No		0		0		0
Frame 25: Yes		0		1		424268980
Frame 26: No		0		0		0
Frame 27: Yes		0		6		135497281
Frame 28: Yes		0		7		572660336
Frame 29: No		0		0		0
Frame 30: No		0		0		0
Frame 31: Yes		1		4		84353895
Frame 32: Yes		0		7		610515434
Frame 33: No		0		0		0
Frame 34: Yes		1		8		945117276
Frame 35: No		0		0		0
Frame 36: No		0		0		0
Frame 37: Yes		1		4		474612399
Frame 38: Yes		0		8		943947739
Frame 39: No		0		0		0
Frame 40: No		0		0		0
Frame 41: Yes		1		5		463480570
Frame 42: No		0		0		0
Frame 43: No		0		0		0
Frame 44: No		0		0		0
Frame 45: Yes		0		7		603570492
Frame 46: No		0		0		0
Frame 47: No		0		0		0
Frame 48: No		0		0		0
Frame 49: No		0		0		0
Frame 50: No		0		0		0
Frame 51: No		0		0		0
Frame 52: Yes		0		9		221558440
Frame 53: Yes		1		7		7905771
Frame 54: Yes		1		7		631704567
Frame 55: No		0		0		0
Frame 56: No		0		0		0
Frame 57: Yes		1		6		703964683
Frame 58: No		0		0		0
Frame 59: No		0		0		0
Frame 60: No		0		0		0
Frame 61: Yes		1		3		515530019
Frame 62: Yes		0		5		373226340
Frame 63: Yes		1		8		168002245
Frame 64: No		0		0		0
Frame 65: Yes		1		9		622597488
Frame 66: No		0		0		0
Frame 67: No		0		0		0
Frame 68: No		0		0		0
Frame 69: No		0		0		0
Frame 70: No		0		0		0
Frame 71: No		0		0		0
Frame 72: No		0		0		0
Frame 73: No		0		0		0
Frame 74: Yes		1		6		275373743
Frame 75: Yes		1		9		760281936
Frame 76: No		0		0		0
Frame 77: No		0		0		0
Frame 78: No		0		0		0
Frame 79: No		0		0		0
Frame 80: No		0		0		0
Frame 81: No		0		0		0
Frame 82: Yes		0		5		239036029
Frame 83: No		0		0		0
Frame 84: Yes		0		8		789366143
Frame 85: Yes		1		6		597322404
Frame 86: No		0		0		0
Frame 87: No		0		0		0
Frame 88: No		0		0		0
Frame 89: No		0		0		0
Frame 90: No		0		0		0
Frame 91: No		0		0		0
Frame 92: No		0		0		0
Frame 93: No		0		0		0
Frame 94: Yes		1		7		504569917
Frame 95: Yes		1		0		359512183
Frame 96: No		0		0		0
Frame 97: No		0		0		0
Frame 98: No		0		0		0
Frame 99: No		0		0		0
Frame 100: No		0		0		0
Frame 101: Yes		1		4		272469786
Frame 102: Yes		0		4		933110197
Frame 103: Yes		0		8		502278611
Frame 104: No		0		0		0
Frame 105: Yes		1		6		392035568
Frame 106: No		0		0		0
Frame 107: No		0		0		0
Frame 108: No		0		0		0
Frame 109: No		0		0		0
Frame 110: Yes		1		0		308044878
Frame 111: No		0		0		0
Frame 112: Yes		0		6		977648522
Frame 113: No		0		0		0
Frame 114: No		0		0		0
Frame 115: No		0		0		0
Frame 116: Yes		0		7		473442062
Frame 117: No		0		0		0
Frame 118: Yes		0		9		431419379
Frame 119: No		0		0		0
Frame 120: No		0		0		0
Frame 121: No		0		0		0
Frame 122: Yes		1		0		776808933
Frame 123: No		0		0		0
Frame 124: No		0		0		0
Frame 125: Yes		1		9		501252996
Frame 126: Yes		1		8		25187190
Frame 127: No		0		0		0
Frame 128: No		0		0		0
Frame 129: No		0		0		0
Frame 130: No		0		0		0
Frame 131: Yes		0		6		876855542
Frame 132: Yes		1		6		856669179
Frame 133: Yes		0		8		625032172
Frame 134: Yes		0		0		295166342
Frame 135: No		0		0		0
Frame 136: Yes		1		2		70575321
Frame 137: No		0		0		0
Frame 138: No		0		0		0
Frame 139: No		0		0		0
Frame 140: Yes		1		1		797073940
Frame 141: No		0		0		0
Frame 142: No		0		0		0
Frame 143: Yes		0		4		555996658
Frame 144: Yes		0		9		780821396
Frame 145: No		0		0		0
Frame 146: Yes		0		2		253207672
Frame 147: No		0		0		0
Frame 148: No		0		0		0
Frame 149: Yes		1		0		343606042
Frame 150: No		0		0		0
Frame 151: No		0		0		0
Frame 152: No		0		0		0
Frame 153: No		0		0		0
Frame 154: Yes		1		1		566288819
Frame 155: No		0		0		0
Frame 156: Yes		0		4		882160379
Frame 157: No		0		0		0
Frame 158: Yes		0		5		858721860
Frame 159: No		0		0		0
Frame 160: No		0		0		0
Frame 161: No		0		0		0
Frame 162: No		0		0		0
Frame 163: No		0		0		0
Frame 164: No		0		0		0
Frame 165: No		0		0		0
Frame 166: No		0		0		0
Frame 167: No		0		0		0
Frame 168: No		0		0		0
Frame 169: No		0		0		0
Frame 170: Yes		0		2		110613202
Frame 171: No		0		0		0
Frame 172: No		0		0		0
Frame 173: No		0		0		0
Frame 174: Yes		0		9		242608872
Frame 175: Yes		0		6		908518808
Frame 176: No		0		0		0
Frame 177: No		0		0		0
Frame 178: Yes		1		8		501772890
Frame 179: Yes		0		8		364319529
Frame 180: No		0		0		0
Frame 181: Yes		1		9		886086990
Frame 182: No		0		0		0
Frame 183: No		0		0		0
Frame 184: Yes		1		2		344247686
Frame 185: Yes		0		5		315209188
Frame 186: Yes		0		0		430253414
Frame 187: Yes		0		8		828388027
Frame 188: No		0		0		0
Frame 189: No		0		0		0
Frame 190: No		0		0		0
Frame 191: No		0		0		0
Frame 192: No		0		0		0
Frame 193: Yes		1		9		395132002
Frame 194: Yes		0		1		498617647
Frame 195: Yes		1		5		812282134
Frame 196: No		0		0		0
Frame 197: No		0		0		0
Frame 198: Yes		0		9		722060049
Frame 199: Yes		1		3		472576335
Frame 200: Yes		0		1		2416949
Frame 201: Yes		0		2		841585795
Frame 202: No		0		0		0
Frame 203: Yes		0		2		672655340
Frame 204: Yes		0		2		780172261
Frame 205: Yes		1		3		516266761
Frame 206: Yes		0		5		500618996
Frame 207: Yes		0		0		186631626
Frame 208: No		0		0		0
Frame 209: No		0		0		0
Frame 210: No		0		0		0
Frame 211: No		0		0		0
Frame 212: Yes		0		6		877565100
Frame 213: Yes		0		6		707056552
Frame 214: Yes		0		0		708302647
Frame 215: No		0		0		0
Frame 216: Yes		1		3		281830857
Frame 217: No		0		0		0
Frame 218: No		0		0		0
Frame 219: No		0		0		0
Frame 220: Yes		0		0		788014412
Frame 221: Yes		1		9		104152274
Frame 222: No		0		0		0
Frame 223: No		0		0		0
Frame 224: No		0		0		0
Frame 225: Yes		0		8		873524566
Frame 226: No		0		0		0
Frame 227: No		0		0		0
Frame 228: No		0		0		0
Frame 229: Yes		0		9		137100237
Frame 230: Yes		1		8		478034945
Frame 231: Yes		0		3		993967637
Frame 232: Yes		1		8		930772757
Frame 233: No		0		0		0
Frame 234: Yes		0		9		39723618
Frame 235: No		0		0		0
Frame 236: No		0		0		0
Frame 237: Yes		1		7		645933681
Frame 238: Yes		0		9		712633417
Frame 239: No		0		0		0
Frame 240: No		0		0		0
Frame 241: No		0		0		0
Frame 242: No		0		0		0
Frame 243: No		0		0		0
Frame 244: No		0		0		0
Frame 245: No		0		0		0
Frame 246: Yes		0		0		858504292
Frame 247: No		0		0		0
Frame 248: No		0		0		0
Frame 249: Yes		1		4		280631491
Frame 250: No		0		0		0
Frame 251: No		0		0		0
Frame 252: Yes		1		0		19485054
Frame 253: No		0		0		0
Frame 254: No		0		0		0
Frame 255: No		0		0		0

Page Tables:
P0 page table: [ 0 0 0 0 0 0 0 0 0 0 0 0 0 0 0 0 0 0 0 0 0 0 0 0 0 0 0 0 0 0 0 0 ]
P1 page table: [ 0 0 0 0 0 0 0 0 0 0 0 0 0 0 0 0 0 0 0 0 0 0 0 0 0 0 0 0 0 0 0 0 ]
P2 page table: [ 0 0 0 0 0 0 0 0 0 0 0 0 0 0 0 0 0 0 0 0 0 0 0 0 0 0 0 0 0 0 0 0 ]
P3 page table: [ 0 0 0 0 0 0 0 0 0 0 0 0 0 0 0 0 0 0 0 0 0 0 0 0 0 0 0 0 0 0 0 0 ]
P4 page table: [ 0 0 0 0 0 0 0 0 0 0 0 0 0 0 0 0 0 0 0 0 0 0 0 0 0 0 0 0 0 0 0 0 ]
P5 page table: [ 0 0 0 0 0 0 0 0 0 0 0 0 0 0 0 0 0 0 0 0 0 0 0 0 0 0 0 0 0 0 0 0 ]
P6 page table: [ 0 0 0 0 0 0 0 0 0 0 0 0 0 0 0 0 0 0 0 0 0 0 0 0 0 0 0 0 0 0 0 0 ]
P7 page table: [ 0 0 0 0 0 0 0 0 0 0 0 0 0 0 0 0 0 0 0 0 0 0 0 0 0 0 0 0 0 0 0 0 ]
P8 page table: [ 0 0 0 0 0 0 0 0 0 0 0 0 0 0 0 0 0 0 0 0 0 0 0 0 0 0 0 0 0 0 0 0 ]
P9 page table: [ 0 0 0 0 0 0 0 0 0 0 0 0 0 0 0 0 0 0 0 0 0 0 0 0 0 0 0 0 0 0 0 0 ]
P10 page table: [ 0 0 0 0 0 0 0 0 0 0 0 0 0 0 0 0 0 0 0 0 0 0 0 0 0 0 0 0 0 0 0 0 ]
P11 page table: [ 0 0 0 0 0 0 0 0 0 0 0 0 0 0 0 0 0 0 0 0 0 0 0 0 0 0 0 0 0 0 0 0 ]
P12 page table: [ 0 0 0 0 0 0 0 0 0 0 0 0 0 0 0 0 0 0 0 0 0 0 0 0 0 0 0 0 0 0 0 0 ]
P13 page table: [ 0 0 0 0 0 0 0 0 0 0 0 0 0 0 0 0 0 0 0 0 0 0 0 0 0 0 0 0 0 0 0 0 ]
P14 page table: [ 0 0 0 0 0 0 0 0 0 0 0 0 0 0 0 0 0 0 0 0 0 0 0 0 0 0 0 0 0 0 0 0 ]
P15 page table: [ 0 0 0 0 0 0 0 0 0 0 0 0 0 0 0 0 0 0 0 0 0 0 0 0 0 0 0 0 0 0 0 0 ]
P16 page table: [ 0 0 0 0 0 0 0 0 0 0 0 0 0 0 0 0 0 0 0 0 0 0 0 0 0 0 0 0 0 0 0 0 ]
P17 page table: [ 0 0 0 0 0 0 0 0 0 0 0 0 0 0 0 0 0 0 0 0 0 0 0 0 0 0 0 0 0 0 0 0 ]

oss: Current memory layout at time 0:006000000 is:
Frame	Occupied	DirtyBit	LastRefS	LastRefNano
Frame 0: No		0		0		0
Frame 1: No		0		0		0
Frame 2: Yes		1		5		719885386
Frame 3: Yes		1		2		350490027
Frame 4: No		0		0		0
Frame 5: No		0		0		0
Frame 6: No		0		0		0
Frame 7: No		0		0		0
Frame 8: Yes		0		6		35005211
Frame 9: No		0		0		0
Frame 10: Yes		0		0		278722862
Frame 11: No		0		0		0
Frame 12: No		0		0		0
Frame 13: No		0		0		0
Frame 14: No		0		0		0
Frame 15: Yes		0		9		125898167
Frame 16: No		0		0		0
Frame 17: No		0		0		0
Frame 18: No		0		0		0
Frame 19: No		0		0		0
Frame 20: Yes		1		9		608413784
Frame 21: No		0		0		0
Frame 22: No		0		0		0
Frame 23: No		0		0		0
Frame 24: No		0		0		0
Frame 25: Yes		0		1		424268980
Frame 26: No		0		0		0
Frame 27: Yes		0		6		135497281
Frame 28: Yes		0		7		572660336
Frame 29: No		0		0		0
Frame 30: No		0		0		0
Frame 31: Yes		1		4		84353895
Frame 32: Yes		0		7		610515434
Frame 33: No		0		0		0
Frame 34: Yes		1		8		945117276
Frame 35: No		0		0		0
Frame 36: No		0		0		0
Frame 37: Yes		1		4		474612399
Frame 38: Yes		0		8		943947739
Frame 39: No		0		0		0
Frame 40: No		0		0		0
Frame 41: Yes		1		5		463480570
Frame 42: No		0		0		0
Frame 43: No		0		0		0
Frame 44: No		0		0		0
Frame 45: Yes		0		7		603570492
Frame 46: No		0		0		0
Frame 47: No		0		0		0
Frame 48: No		0		0		0
Frame 49: No		0		0		0
Frame 50: No		0		0		0
Frame 51: No		0		0		0
Frame 52: Yes		0		9		221558440
Frame 53: Yes		1		7		7905771
Frame 54: Yes		1		7		631704567
Frame 55: No		0		0		0
Frame 56: No		0		0		0
Frame 57: Yes		1		6		703964683
Frame 58: No		0		0		0
Frame 59: No		0		0		0
Frame 60: No		0		0		0
Frame 61: Yes		1		3		515530019
Frame 62: Yes		0		5		373226340
Frame 63: Yes		1		8		168002245
Frame 64: No		0		0		0
Frame 65: Yes		1		9		622597488
Frame 66: No		0		0		0
Frame 67: No		0		0		0
Frame 68: No		0		0		0
Frame 69: No		0		0		0
Frame 70: No		0		0		0
Frame 71: No		0		0		0
Frame 72: No		0		0		0
Frame 73: No		0		0		0
Frame 74: Yes		1		6		275373743
Frame 75: Yes		1		9		760281936
Frame 76: No		0		0		0
Frame 77: No		0		0		0
Frame 78: No		0		0		0
Frame 79: No		0		0		0
Frame 80: No		0		0		0
Frame 81: No		0		0		0
Frame 82: Yes		0		5		239036029
Frame 83: No		0		0		0
Frame 84: Yes		0		8		789366143
Frame 85: Yes		1		6		597322404
Frame 86: No		0		0		0
Frame 87: No		0		0		0
Frame 88: No		0		0		0
Frame 89: No		0		0		0
Frame 90: No		0		0		0
Frame 91: No		0		0		0
Frame 92: No		0		0		0
Frame 93: No		0		0		0
Frame 94: Yes		1		7		504569917
Frame 95: Yes		1		0		359512183
Frame 96: No		0		0		0
Frame 97: No		0		0		0
Frame 98: No		0		0		0
Frame 99: No		0		0		0
Frame 100: No		0		0		0
Frame 101: Yes		1		4		272469786
Frame 102: Yes		0		4		933110197
Frame 103: Yes		0		8		502278611
Frame 104: No		0		0		0
Frame 105: Yes		1		6		392035568
Frame 106: No		0		0		0
Frame 107: No		0		0		0
Frame 108: No		0		0		0
Frame 109: No		0		0		0
Frame 110: Yes		1		0		308044878
Frame 111: No		0		0		0
Frame 112: Yes		0		6		977648522
Frame 113: No		0		0		0
Frame 114: No		0		0		0
Frame 115: No		0		0		0
Frame 116: Yes		0		7		473442062
Frame 117: No		0		0		0
Frame 118: Yes		0		9		431419379
Frame 119: No		0		0		0
Frame 120: No		0		0		0
Frame 121: No		0		0		0
Frame 122: Yes		1		0		776808933
Frame 123: No		0		0		0
Frame 124: No		0		0		0
Frame 125: Yes		1		9		501252996
Frame 126: Yes		1		8		25187190
Frame 127: No		0		0		0
Frame 128: No		0		0		0
Frame 129: No		0		0		0
Frame 130: No		0		0		0
Frame 131: Yes		0		6		876855542
Frame 132: Yes		1		6		856669179
Frame 133: Yes		0		8		625032172
Frame 134: Yes		0		0		295166342
Frame 135: No		0		0		0
Frame 136: Yes		1		2		70575321
Frame 137: No		0		0		0
Frame 138: No		0		0		0
Frame 139: No		0		0		0
Frame 140: Yes		1		1		797073940
Frame 141: No		0		0		0
Frame 142: No		0		0		0
Frame 143: Yes		0		4		555996658
Frame 144: Yes		0		9		780821396
Frame 145: No		0		0		0
Frame 146: Yes		0		2		253207672
Frame 147: No		0		0		0
Frame 148: No		0		0		0
Frame 149: Yes		1		0		343606042
Frame 150: No		0		0		0
Frame 151: No		0		0		0
Frame 152: No		0		0		0
Frame 153: No		0		0		0
Frame 154: Yes		1		1		566288819
Frame 155: No		0		0		0
Frame 156: Yes		0		4		882160379
Frame 157: No		0		0		0
Frame 158: Yes		0		5		858721860
Frame 159: No		0		0		0
Frame 160: No		0		0		0
Frame 161: No		0		0		0
Frame 162: No		0		0		0
Frame 163: No		0		0		0
Frame 164: No		0		0		0
Frame 165: No		0		0		0
Frame 166: No		0		0		0
Frame 167: No		0		0		0
Frame 168: No		0		0		0
Frame 169: No		0		0		0
Frame 170: Yes		0		2		110613202
Frame 171: No		0		0		0
Frame 172: No		0		0		0
Frame 173: No		0		0		0
Frame 174: Yes		0		9		242608872
Frame 175: Yes		0		6		908518808
Frame 176: No		0		0		0
Frame 177: No		0		0		0
Frame 178: Yes		1		8		501772890
Frame 179: Yes		0		8		364319529
Frame 180: No		0		0		0
Frame 181: Yes		1		9		886086990
Frame 182: No		0		0		0
Frame 183: No		0		0		0
Frame 184: Yes		1		2		344247686
Frame 185: Yes		0		5		315209188
Frame 186: Yes		0		0		430253414
Frame 187: Yes		0		8		828388027
Frame 188: No		0		0		0
Frame 189: No		0		0		0
Frame 190: No		0		0		0
Frame 191: No		0		0		0
Frame 192: No		0		0		0
Frame 193: Yes		1		9		395132002
Frame 194: Yes		0		1		498617647
Frame 195: Yes		1		5		812282134
Frame 196: No		0		0		0
Frame 197: No		0		0		0
Frame 198: Yes		0		9		722060049
Frame 199: Yes		1		3		472576335
Frame 200: Yes		0		1		2416949
Frame 201: Yes		0		2		841585795
Frame 202: No		0		0		0
Frame 203: Yes		0		2		672655340
Frame 204: Yes		0		2		780172261
Frame 205: Yes		1		3		516266761
Frame 206: Yes		0		5		500618996
Frame 207: Yes		0		0		186631626
Frame 208: No		0		0		0
Frame 209: No		0		0		0
Frame 210: No		0		0		0
Frame 211: No		0		0		0
Frame 212: Yes		0		6		877565100
Frame 213: Yes		0		6		707056552
Frame 214: Yes		0		0		708302647
Frame 215: No		0		0		0
Frame 216: Yes		1		3		281830857
Frame 217: No		0		0		0
Frame 218: No		0		0		0
Frame 219: No		0		0		0
Frame 220: Yes		0		0		788014412
Frame 221: Yes		1		9		104152274
Frame 222: No		0		0		0
Frame 223: No		0		0		0
Frame 224: No		0		0		0
Frame 225: Yes		0		8		873524566
Frame 226: No		0		0		0
Frame 227: No		0		0		0
Frame 228: No		0		0		0
Frame 229: Yes		0		9		137100237
Frame 230: Yes		1		8		478034945
Frame 231: Yes		0		3		993967637
Frame 232: Yes		1		8		930772757
Frame 233: No		0		0		0
Frame 234: Yes		0		9		39723618
Frame 235: No		0		0		0
Frame 236: No		0		0		0
Frame 237: Yes		1		7		645933681
Frame 238: Yes		0		9		712633417
Frame 239: No		0		0		0
Frame 240: No		0		0		0
Frame 241: No		0		0		0
Frame 242: No		0		0		0
Frame 243: No		0		0		0
Frame 244: No		0		0		0
Frame 245: No		0		0		0
Frame 246: Yes		0		0		858504292
Frame 247: No		0		0		0
Frame 248: No		0		0		0
Frame 249: Yes		1		4		280631491
Frame 250: No		0		0		0
Frame 251: No		0		0		0
Frame 252: Yes		1		0		19485054
Frame 253: No		0		0		0
Frame 254: No		0		0		0
Frame 255: No		0		0		0

Page Tables:
P0 page table: [ 0 0 0 0 0 0 0 0 0 0 0 0 0 0 0 0 0 0 0 0 0 0 0 0 0 0 0 0 0 0 0 0 ]
P1 page table: [ 0 0 0 0 0 0 0 0 0 0 0 0 0 0 0 0 0 0 0 0 0 0 0 0 0 0 0 0 0 0 0 0 ]
P2 page table: [ 0 0 0 0 0 0 0 0 0 0 0 0 0 0 0 0 0 0 0 0 0 0 0 0 0 0 0 0 0 0 0 0 ]
P3 page table: [ 0 0 0 0 0 0 0 0 0 0 0 0 0 0 0 0 0 0 0 0 0 0 0 0 0 0 0 0 0 0 0 0 ]
P4 page table: [ 0 0 0 0 0 0 0 0 0 0 0 0 0 0 0 0 0 0 0 0 0 0 0 0 0 0 0 0 0 0 0 0 ]
P5 page table: [ 0 0 0 0 0 0 0 0 0 0 0 0 0 0 0 0 0 0 0 0 0 0 0 0 0 0 0 0 0 0 0 0 ]
P6 page table: [ 0 0 0 0 0 0 0 0 0 0 0 0 0 0 0 0 0 0 0 0 0 0 0 0 0 0 0 0 0 0 0 0 ]
P7 page table: [ 0 0 0 0 0 0 0 0 0 0 0 0 0 0 0 0 0 0 0 0 0 0 0 0 0 0 0 0 0 0 0 0 ]
P8 page table: [ 0 0 0 0 0 0 0 0 0 0 0 0 0 0 0 0 0 0 0 0 0 0 0 0 0 0 0 0 0 0 0 0 ]
P9 page table: [ 0 0 0 0 0 0 0 0 0 0 0 0 0 0 0 0 0 0 0 0 0 0 0 0 0 0 0 0 0 0 0 0 ]
P10 page table: [ 0 0 0 0 0 0 0 0 0 0 0 0 0 0 0 0 0 0 0 0 0 0 0 0 0 0 0 0 0 0 0 0 ]
P11 page table: [ 0 0 0 0 0 0 0 0 0 0 0 0 0 0 0 0 0 0 0 0 0 0 0 0 0 0 0 0 0 0 0 0 ]
P12 page table: [ 0 0 0 0 0 0 0 0 0 0 0 0 0 0 0 0 0 0 0 0 0 0 0 0 0 0 0 0 0 0 0 0 ]
P13 page table: [ 0 0 0 0 0 0 0 0 0 0 0 0 0 0 0 0 0 0 0 0 0 0 0 0 0 0 0 0 0 0 0 0 ]
P14 page table: [ 0 0 0 0 0 0 0 0 0 0 0 0 0 0 0 0 0 0 0 0 0 0 0 0 0 0 0 0 0 0 0 0 ]
P15 page table: [ 0 0 0 0 0 0 0 0 0 0 0 0 0 0 0 0 0 0 0 0 0 0 0 0 0 0 0 0 0 0 0 0 ]
P16 page table: [ 0 0 0 0 0 0 0 0 0 0 0 0 0 0 0 0 0 0 0 0 0 0 0 0 0 0 0 0 0 0 0 0 ]
P17 page table: [ 0 0 0 0 0 0 0 0 0 0 0 0 0 0 0 0 0 0 0 0 0 0 0 0 0 0 0 0 0 0 0 0 ]

oss: Current memory layout at time 0:007000000 is:
Frame	Occupied	DirtyBit	LastRefS	LastRefNano
Frame 0: No		0		0		0
Frame 1: No		0		0		0
Frame 2: Yes		1		5		719885386
Frame 3: Yes		1		2		350490027
Frame 4: No		0		0		0
Frame 5: No		0		0		0
Frame 6: No		0		0		0
Frame 7: No		0		0		0
Frame 8: Yes		0		6		35005211
Frame 9: No		0		0		0
Frame 10: Yes		0		0		278722862
Frame 11: No		0		0		0
Frame 12: No		0		0		0
Frame 13: No		0		0		0
Frame 14: No		0		0		0
Frame 15: Yes		0		9		125898167
Frame 16: No		0		0		0
Frame 17: No		0		0		0
Frame 18: No		0		0		0
Frame 19: No		0		0		0
Frame 20: Yes		1		9		608413784
Frame 21: No		0		0		0
Frame 22: No		0		0		0
Frame 23: No		0		0		0
Frame 24: No		0		0		0
Frame 25: Yes		0		1		424268980
Frame 26: No		0		0		0
Frame 27: Yes		0		6		135497281
Frame 28: Yes		0		7		572660336
Frame 29: No		0		0		0
Frame 30: No		0		0		0
Frame 31: Yes		1		4		84353895
Frame 32: Yes		0		7		610515434
Frame 33: No		0		0		0
Frame 34: Yes		1		8		945117276
Frame 35: No		0		0		0
Frame 36: No		0		0		0
Frame 37: Yes		1		4		474612399
Frame 38: Yes		0		8		943947739
Frame 39: No		0		0		0
Frame 40: No		0		0		0
Frame 41: Yes		1		5		463480570
Frame 42: No		0		0		0
Frame 43: No		0		0		0
Frame 44: No		0		0		0
Frame 45: Yes		0		7		603570492
Frame 46: No		0		0		0
Frame 47: No		0		0		0
Frame 48: No		0		0		0
Frame 49: No		0		0		0
Frame 50: No		0		0		0
Frame 51: No		0		0		0
Frame 52: Yes		0		9		221558440
Frame 53: Yes		1		7		7905771
Frame 54: Yes		1		7		631704567
Frame 55: No		0		0		0
Frame 56: No		0		0		0
Frame 57: Yes		1		6		703964683
Frame 58: No		0		0		0
Frame 59: No		0		0		0
Frame 60: No		0		0		0
Frame 61: Yes		1		3		515530019
Frame 62: Yes		0		5		373226340
Frame 63: Yes		1		8		168002245
Frame 64: No		0		0		0
Frame 65: Yes		1		9		622597488
Frame 66: No		0		0		0
Frame 67: No		0		0		0
Frame 68: No		0		0		0
Frame 69: No		0		0		0
Frame 70: No		0		0		0
Frame 71: No		0		0		0
Frame 72: No		0		0		0
Frame 73: No		0		0		0
Frame 74: Yes		1		6		275373743
Frame 75: Yes		1		9		760281936
Frame 76: No		0		0		0
Frame 77: No		0		0		0
Frame 78: No		0		0		0
Frame 79: No		0		0		0
Frame 80: No		0		0		0
Frame 81: No		0		0		0
Frame 82: Yes		0		5		239036029
Frame 83: No		0		0		0
Frame 84: Yes		0		8		789366143
Frame 85: Yes		1		6		597322404
Frame 86: No		0		0		0
Frame 87: No		0		0		0
Frame 88: No		0		0		0
Frame 89: No		0		0		0
Frame 90: No		0		0		0
Frame 91: No		0		0		0
Frame 92: No		0		0		0
Frame 93: No		0		0		0
Frame 94: Yes		1		7		504569917
Frame 95: Yes		1		0		359512183
Frame 96: No		0		0		0
Frame 97: No		0		0		0
Frame 98: No		0		0		0
Frame 99: No		0		0		0
Frame 100: No		0		0		0
Frame 101: Yes		1		4		272469786
Frame 102: Yes		0		4		933110197
Frame 103: Yes		0		8		502278611
Frame 104: No		0		0		0
Frame 105: Yes		1		6		392035568
Frame 106: No		0		0		0
Frame 107: No		0		0		0
Frame 108: No		0		0		0
Frame 109: No		0		0		0
Frame 110: Yes		1		0		308044878
Frame 111: No		0		0		0
Frame 112: Yes		0		6		977648522
Frame 113: No		0		0		0
Frame 114: No		0		0		0
Frame 115: No		0		0		0
Frame 116: Yes		0		7		473442062
Frame 117: No		0		0		0
Frame 118: Yes		0		9		431419379
Frame 119: No		0		0		0
Frame 120: No		0		0		0
Frame 121: No		0		0		0
Frame 122: Yes		1		0		776808933
Frame 123: No		0		0		0
Frame 124: No		0		0		0
Frame 125: Yes		1		9		501252996
Frame 126: Yes		1		8		25187190
Frame 127: No		0		0		0
Frame 128: No		0		0		0
Frame 129: No		0		0		0
Frame 130: No		0		0		0
Frame 131: Yes		0		6		876855542
Frame 132: Yes		1		6		856669179
Frame 133: Yes		0		8		625032172
Frame 134: Yes		0		0		295166342
Frame 135: No		0		0		0
Frame 136: Yes		1		2		70575321
Frame 137: No		0		0		0
Frame 138: No		0		0		0
Frame 139: No		0		0		0
Frame 140: Yes		1		1		797073940
Frame 141: No		0		0		0
Frame 142: No		0		0		0
Frame 143: Yes		0		4		555996658
Frame 144: Yes		0		9		780821396
Frame 145: No		0		0		0
Frame 146: Yes		0		2		253207672
Frame 147: No		0		0		0
Frame 148: No		0		0		0
Frame 149: Yes		1		0		343606042
Frame 150: No		0		0		0
Frame 151: No		0		0		0
Frame 152: No		0		0		0
Frame 153: No		0		0		0
Frame 154: Yes		1		1		566288819
Frame 155: No		0		0		0
Frame 156: Yes		0		4		882160379
Frame 157: No		0		0		0
Frame 158: Yes		0		5		858721860
Frame 159: No		0		0		0
Frame 160: No		0		0		0
Frame 161: No		0		0		0
Frame 162: No		0		0		0
Frame 163: No		0		0		0
Frame 164: No		0		0		0
Frame 165: No		0		0		0
Frame 166: No		0		0		0
Frame 167: No		0		0		0
Frame 168: No		0		0		0
Frame 169: No		0		0		0
Frame 170: Yes		0		2		110613202
Frame 171: No		0		0		0
Frame 172: No		0		0		0
Frame 173: No		0		0		0
Frame 174: Yes		0		9		242608872
Frame 175: Yes		0		6		908518808
Frame 176: No		0		0		0
Frame 177: No		0		0		0
Frame 178: Yes		1		8		501772890
Frame 179: Yes		0		8		364319529
Frame 180: No		0		0		0
Frame 181: Yes		1		9		886086990
Frame 182: No		0		0		0
Frame 183: No		0		0		0
Frame 184: Yes		1		2		344247686
Frame 185: Yes		0		5		315209188
Frame 186: Yes		0		0		430253414
Frame 187: Yes		0		8		828388027
Frame 188: No		0		0		0
Frame 189: No		0		0		0
Frame 190: No		0		0		0
Frame 191: No		0		0		0
Frame 192: No		0		0		0
Frame 193: Yes		1		9		395132002
Frame 194: Yes		0		1		498617647
Frame 195: Yes		1		5		812282134
Frame 196: No		0		0		0
Frame 197: No		0		0		0
Frame 198: Yes		0		9		722060049
Frame 199: Yes		1		3		472576335
Frame 200: Yes		0		1		2416949
Frame 201: Yes		0		2		841585795
Frame 202: No		0		0		0
Frame 203: Yes		0		2		672655340
Frame 204: Yes		0		2		780172261
Frame 205: Yes		1		3		516266761
Frame 206: Yes		0		5		500618996
Frame 207: Yes		0		0		186631626
Frame 208: No		0		0		0
Frame 209: No		0		0		0
Frame 210: No		0		0		0
Frame 211: No		0		0		0
Frame 212: Yes		0		6		877565100
Frame 213: Yes		0		6		707056552
Frame 214: Yes		0		0		708302647
Frame 215: No		0		0		0
Frame 216: Yes		1		3		281830857
Frame 217: No		0		0		0
Frame 218: No		0		0		0
Frame 219: No		0		0		0
Frame 220: Yes		0		0		788014412
Frame 221: Yes		1		9		104152274
Frame 222: No		0		0		0
Frame 223: No		0		0		0
Frame 224: No		0		0		0
Frame 225: Yes		0		8		873524566
Frame 226: No		0		0		0
Frame 227: No		0		0		0
Frame 228: No		0		0		0
Frame 229: Yes		0		9		137100237
Frame 230: Yes		1		8		478034945
Frame 231: Yes		0		3		993967637
Frame 232: Yes		1		8		930772757
Frame 233: No		0		0		0
Frame 234: Yes		0		9		39723618
Frame 235: No		0		0		0
Frame 236: No		0		0		0
Frame 237: Yes		1		7		645933681
Frame 238: Yes		0		9		712633417
Frame 239: No		0		0		0
Frame 240: No		0		0		0
Frame 241: No		0		0		0
Frame 242: No		0		0		0
Frame 243: No		0		0		0
Frame 244: No		0		0		0
Frame 245: No		0		0		0
Frame 246: Yes		0		0		858504292
Frame 247: No		0		0		0
Frame 248: No		0		0		0
Frame 249: Yes		1		4		280631491
Frame 250: No		0		0		0
Frame 251: No		0		0		0
Frame 252: Yes		1		0		19485054
Frame 253: No		0		0		0
Frame 254: No		0		0		0
Frame 255: No		0		0		0

Page Tables:
P0 page table: [ 0 0 0 0 0 0 0 0 0 0 0 0 0 0 0 0 0 0 0 0 0 0 0 0 0 0 0 0 0 0 0 0 ]
P1 page table: [ 0 0 0 0 0 0 0 0 0 0 0 0 0 0 0 0 0 0 0 0 0 0 0 0 0 0 0 0 0 0 0 0 ]
P2 page table: [ 0 0 0 0 0 0 0 0 0 0 0 0 0 0 0 0 0 0 0 0 0 0 0 0 0 0 0 0 0 0 0 0 ]
P3 page table: [ 0 0 0 0 0 0 0 0 0 0 0 0 0 0 0 0 0 0 0 0 0 0 0 0 0 0 0 0 0 0 0 0 ]
P4 page table: [ 0 0 0 0 0 0 0 0 0 0 0 0 0 0 0 0 0 0 0 0 0 0 0 0 0 0 0 0 0 0 0 0 ]
P5 page table: [ 0 0 0 0 0 0 0 0 0 0 0 0 0 0 0 0 0 0 0 0 0 0 0 0 0 0 0 0 0 0 0 0 ]
P6 page table: [ 0 0 0 0 0 0 0 0 0 0 0 0 0 0 0 0 0 0 0 0 0 0 0 0 0 0 0 0 0 0 0 0 ]
P7 page table: [ 0 0 0 0 0 0 0 0 0 0 0 0 0 0 0 0 0 0 0 0 0 0 0 0 0 0 0 0 0 0 0 0 ]
P8 page table: [ 0 0 0 0 0 0 0 0 0 0 0 0 0 0 0 0 0 0 0 0 0 0 0 0 0 0 0 0 0 0 0 0 ]
P9 page table: [ 0 0 0 0 0 0 0 0 0 0 0 0 0 0 0 0 0 0 0 0 0 0 0 0 0 0 0 0 0 0 0 0 ]
P10 page table: [ 0 0 0 0 0 0 0 0 0 0 0 0 0 0 0 0 0 0 0 0 0 0 0 0 0 0 0 0 0 0 0 0 ]
P11 page table: [ 0 0 0 0 0 0 0 0 0 0 0 0 0 0 0 0 0 0 0 0 0 0 0 0 0 0 0 0 0 0 0 0 ]
P12 page table: [ 0 0 0 0 0 0 0 0 0 0 0 0 0 0 0 0 0 0 0 0 0 0 0 0 0 0 0 0 0 0 0 0 ]
P13 page table: [ 0 0 0 0 0 0 0 0 0 0 0 0 0 0 0 0 0 0 0 0 0 0 0 0 0 0 0 0 0 0 0 0 ]
P14 page table: [ 0 0 0 0 0 0 0 0 0 0 0 0 0 0 0 0 0 0 0 0 0 0 0 0 0 0 0 0 0 0 0 0 ]
P15 page table: [ 0 0 0 0 0 0 0 0 0 0 0 0 0 0 0 0 0 0 0 0 0 0 0 0 0 0 0 0 0 0 0 0 ]
P16 page table: [ 0 0 0 0 0 0 0 0 0 0 0 0 0 0 0 0 0 0 0 0 0 0 0 0 0 0 0 0 0 0 0 0 ]
P17 page table: [ 0 0 0 0 0 0 0 0 0 0 0 0 0 0 0 0 0 0 0 0 0 0 0 0 0 0 0 0 0 0 0 0 ]
oss: P0 terminated at time 0:007000000
oss: P0 effective memory access time: 241081 nanoseconds
oss: P1 terminated at time 0:007000000
oss: P1 effective memory access time: 187516 nanoseconds
oss: P2 terminated at time 0:007000000
oss: P2 effective memory access time: 653516 nanoseconds
oss: P3 terminated at time 0:007000000
oss: P3 effective memory access time: 33002 nanoseconds
oss: P4 terminated at time 0:007000000
oss: P4 effective memory access time: 372231 nanoseconds
oss: P5 terminated at time 0:007000000
oss: P5 effective memory access time: 746139 nanoseconds
oss: P6 terminated at time 0:007000000
oss: P6 effective memory access time: 261796 nanoseconds
